{"event": "scenario.start", "milestone": "M8", "scenarioId": "M-V8-001", "ts": "2026-03-31T12:38:19.070333+00:00"}
{"command": ["C:\\Program Files\\Git\\cmd\\git.exe", "init", "-b", "main"], "cwd": "C:\\Users\\EnesPekdas\\Desktop\\ARQV2\\LAB\\Arq-lab\\repositories\\internal-platform-monorepo", "event": "command.start", "ts": "2026-03-31T12:38:26.905083+00:00"}
{"command": ["C:\\Program Files\\Git\\cmd\\git.exe", "init", "-b", "main"], "cwd": "C:\\Users\\EnesPekdas\\Desktop\\ARQV2\\LAB\\Arq-lab\\repositories\\internal-platform-monorepo", "event": "command.finish", "returncode": 0, "ts": "2026-03-31T12:38:26.967821+00:00"}
{"command": ["C:\\Program Files\\Git\\cmd\\git.exe", "config", "user.name", "ARQ Lab"], "cwd": "C:\\Users\\EnesPekdas\\Desktop\\ARQV2\\LAB\\Arq-lab\\repositories\\internal-platform-monorepo", "event": "command.start", "ts": "2026-03-31T12:38:26.969825+00:00"}
{"command": ["C:\\Program Files\\Git\\cmd\\git.exe", "config", "user.name", "ARQ Lab"], "cwd": "C:\\Users\\EnesPekdas\\Desktop\\ARQV2\\LAB\\Arq-lab\\repositories\\internal-platform-monorepo", "event": "command.finish", "returncode": 0, "ts": "2026-03-31T12:38:27.037488+00:00"}
{"command": ["C:\\Program Files\\Git\\cmd\\git.exe", "config", "user.email", "lab@arq.local"], "cwd": "C:\\Users\\EnesPekdas\\Desktop\\ARQV2\\LAB\\Arq-lab\\repositories\\internal-platform-monorepo", "event": "command.start", "ts": "2026-03-31T12:38:27.038965+00:00"}
{"command": ["C:\\Program Files\\Git\\cmd\\git.exe", "config", "user.email", "lab@arq.local"], "cwd": "C:\\Users\\EnesPekdas\\Desktop\\ARQV2\\LAB\\Arq-lab\\repositories\\internal-platform-monorepo", "event": "command.finish", "returncode": 0, "ts": "2026-03-31T12:38:27.106505+00:00"}
{"command": ["C:\\Program Files\\Git\\cmd\\git.exe", "add", "."], "cwd": "C:\\Users\\EnesPekdas\\Desktop\\ARQV2\\LAB\\Arq-lab\\repositories\\internal-platform-monorepo", "event": "command.start", "ts": "2026-03-31T12:38:27.107519+00:00"}
{"command": ["C:\\Program Files\\Git\\cmd\\git.exe", "add", "."], "cwd": "C:\\Users\\EnesPekdas\\Desktop\\ARQV2\\LAB\\Arq-lab\\repositories\\internal-platform-monorepo", "event": "command.finish", "returncode": 0, "ts": "2026-03-31T12:38:28.240615+00:00"}
{"command": ["C:\\Program Files\\Git\\cmd\\git.exe", "commit", "-m", "bootstrap M-V8-001"], "cwd": "C:\\Users\\EnesPekdas\\Desktop\\ARQV2\\LAB\\Arq-lab\\repositories\\internal-platform-monorepo", "event": "command.start", "ts": "2026-03-31T12:38:28.242017+00:00"}
{"command": ["C:\\Program Files\\Git\\cmd\\git.exe", "commit", "-m", "bootstrap M-V8-001"], "cwd": "C:\\Users\\EnesPekdas\\Desktop\\ARQV2\\LAB\\Arq-lab\\repositories\\internal-platform-monorepo", "event": "command.finish", "returncode": 0, "ts": "2026-03-31T12:38:28.489340+00:00"}
{"command": ["C:\\Program Files\\Git\\cmd\\git.exe", "rev-parse", "HEAD"], "cwd": "C:\\Users\\EnesPekdas\\Desktop\\ARQV2\\LAB\\Arq-lab\\repositories\\internal-platform-monorepo", "event": "command.start", "ts": "2026-03-31T12:38:28.490818+00:00"}
{"command": ["C:\\Program Files\\Git\\cmd\\git.exe", "rev-parse", "HEAD"], "cwd": "C:\\Users\\EnesPekdas\\Desktop\\ARQV2\\LAB\\Arq-lab\\repositories\\internal-platform-monorepo", "event": "command.finish", "returncode": 0, "ts": "2026-03-31T12:38:28.528304+00:00"}
{"command": ["C:\\Program Files\\Git\\cmd\\git.exe", "rev-parse", "HEAD"], "cwd": "C:\\Users\\EnesPekdas\\Desktop\\ARQV2\\LAB\\Arq-lab\\repositories\\internal-platform-monorepo", "event": "command.start", "ts": "2026-03-31T12:38:31.998142+00:00"}
{"command": ["C:\\Program Files\\Git\\cmd\\git.exe", "rev-parse", "HEAD"], "cwd": "C:\\Users\\EnesPekdas\\Desktop\\ARQV2\\LAB\\Arq-lab\\repositories\\internal-platform-monorepo", "event": "command.finish", "returncode": 0, "ts": "2026-03-31T12:38:32.034131+00:00"}
{"command": ["C:\\Program Files\\Git\\cmd\\git.exe", "for-each-ref", "--format=%(refname:short) %(objectname)", "refs/heads"], "cwd": "C:\\Users\\EnesPekdas\\Desktop\\ARQV2\\LAB\\Arq-lab\\repositories\\internal-platform-monorepo", "event": "command.start", "ts": "2026-03-31T12:38:32.035228+00:00"}
{"command": ["C:\\Program Files\\Git\\cmd\\git.exe", "for-each-ref", "--format=%(refname:short) %(objectname)", "refs/heads"], "cwd": "C:\\Users\\EnesPekdas\\Desktop\\ARQV2\\LAB\\Arq-lab\\repositories\\internal-platform-monorepo", "event": "command.finish", "returncode": 0, "ts": "2026-03-31T12:38:32.069509+00:00"}
{"command": ["C:\\Program Files\\Git\\cmd\\git.exe", "log", "--all", "--date=iso-strict", "--pretty=format:%H%x1f%an%x1f%ae%x1f%ad%x1f%s"], "cwd": "C:\\Users\\EnesPekdas\\Desktop\\ARQV2\\LAB\\Arq-lab\\repositories\\internal-platform-monorepo", "event": "command.start", "ts": "2026-03-31T12:38:32.070571+00:00"}
{"command": ["C:\\Program Files\\Git\\cmd\\git.exe", "log", "--all", "--date=iso-strict", "--pretty=format:%H%x1f%an%x1f%ae%x1f%ad%x1f%s"], "cwd": "C:\\Users\\EnesPekdas\\Desktop\\ARQV2\\LAB\\Arq-lab\\repositories\\internal-platform-monorepo", "event": "command.finish", "returncode": 0, "ts": "2026-03-31T12:38:32.105765+00:00"}
{"branches": ["main"], "event": "git.manifest", "repo": "C:\\Users\\EnesPekdas\\Desktop\\ARQV2\\LAB\\Arq-lab\\repositories\\internal-platform-monorepo", "ts": "2026-03-31T12:38:32.105862+00:00"}
{"command": ["C:\\maven\\apache-maven-3.9.12\\bin\\mvn.cmd", "-q", "-f", "services/platform-java/pom.xml", "-DskipTests", "compile"], "cwd": "C:\\Users\\EnesPekdas\\Desktop\\ARQV2\\LAB\\Arq-lab\\repositories\\internal-platform-monorepo", "event": "command.start", "ts": "2026-03-31T12:38:32.116648+00:00"}
{"command": ["C:\\maven\\apache-maven-3.9.12\\bin\\mvn.cmd", "-q", "-f", "services/platform-java/pom.xml", "-DskipTests", "compile"], "cwd": "C:\\Users\\EnesPekdas\\Desktop\\ARQV2\\LAB\\Arq-lab\\repositories\\internal-platform-monorepo", "event": "command.finish", "returncode": 0, "ts": "2026-03-31T12:38:37.475518+00:00"}
{"command": ["C:\\Windows\\System32\\WindowsPowerShell\\v1.0\\powershell.exe", "-NoProfile", "-Command", "Set-Location 'apps/admin-api'; npm install --silent"], "cwd": "C:\\Users\\EnesPekdas\\Desktop\\ARQV2\\LAB\\Arq-lab\\repositories\\internal-platform-monorepo", "event": "command.start", "ts": "2026-03-31T12:38:37.477733+00:00"}
{"command": ["C:\\Windows\\System32\\WindowsPowerShell\\v1.0\\powershell.exe", "-NoProfile", "-Command", "Set-Location 'apps/admin-api'; npm install --silent"], "cwd": "C:\\Users\\EnesPekdas\\Desktop\\ARQV2\\LAB\\Arq-lab\\repositories\\internal-platform-monorepo", "event": "command.finish", "returncode": 0, "ts": "2026-03-31T12:38:46.895099+00:00"}
{"command": ["C:\\Windows\\System32\\WindowsPowerShell\\v1.0\\powershell.exe", "-NoProfile", "-Command", "Set-Location 'apps/admin-api'; npm run build"], "cwd": "C:\\Users\\EnesPekdas\\Desktop\\ARQV2\\LAB\\Arq-lab\\repositories\\internal-platform-monorepo", "event": "command.start", "ts": "2026-03-31T12:38:46.898784+00:00"}
{"command": ["C:\\Windows\\System32\\WindowsPowerShell\\v1.0\\powershell.exe", "-NoProfile", "-Command", "Set-Location 'apps/admin-api'; npm run build"], "cwd": "C:\\Users\\EnesPekdas\\Desktop\\ARQV2\\LAB\\Arq-lab\\repositories\\internal-platform-monorepo", "event": "command.finish", "returncode": 0, "ts": "2026-03-31T12:38:52.061643+00:00"}
{"command": ["C:\\Python313\\python.EXE", "-m", "compileall", "workers/sync-worker/app", "workers/sync-worker/tests", "workers/sync-worker/scripts"], "cwd": "C:\\Users\\EnesPekdas\\Desktop\\ARQV2\\LAB\\Arq-lab\\repositories\\internal-platform-monorepo", "event": "command.start", "ts": "2026-03-31T12:38:52.071799+00:00"}
{"command": ["C:\\Python313\\python.EXE", "-m", "compileall", "workers/sync-worker/app", "workers/sync-worker/tests", "workers/sync-worker/scripts"], "cwd": "C:\\Users\\EnesPekdas\\Desktop\\ARQV2\\LAB\\Arq-lab\\repositories\\internal-platform-monorepo", "event": "command.finish", "returncode": 0, "ts": "2026-03-31T12:38:52.196590+00:00"}
{"command": ["C:\\maven\\apache-maven-3.9.12\\bin\\mvn.cmd", "-q", "-f", "services/platform-java/pom.xml", "test"], "cwd": "C:\\Users\\EnesPekdas\\Desktop\\ARQV2\\LAB\\Arq-lab\\repositories\\internal-platform-monorepo", "event": "command.start", "ts": "2026-03-31T12:38:52.198476+00:00"}
{"command": ["C:\\maven\\apache-maven-3.9.12\\bin\\mvn.cmd", "-q", "-f", "services/platform-java/pom.xml", "test"], "cwd": "C:\\Users\\EnesPekdas\\Desktop\\ARQV2\\LAB\\Arq-lab\\repositories\\internal-platform-monorepo", "event": "command.finish", "returncode": 0, "ts": "2026-03-31T12:38:59.197013+00:00"}
{"command": ["C:\\Windows\\System32\\WindowsPowerShell\\v1.0\\powershell.exe", "-NoProfile", "-Command", "Set-Location 'apps/admin-api'; npm test -- --runInBand"], "cwd": "C:\\Users\\EnesPekdas\\Desktop\\ARQV2\\LAB\\Arq-lab\\repositories\\internal-platform-monorepo", "event": "command.start", "ts": "2026-03-31T12:38:59.200834+00:00"}
{"command": ["C:\\Windows\\System32\\WindowsPowerShell\\v1.0\\powershell.exe", "-NoProfile", "-Command", "Set-Location 'apps/admin-api'; npm test -- --runInBand"], "cwd": "C:\\Users\\EnesPekdas\\Desktop\\ARQV2\\LAB\\Arq-lab\\repositories\\internal-platform-monorepo", "event": "command.finish", "returncode": 0, "ts": "2026-03-31T12:39:07.515446+00:00"}
{"command": ["C:\\Windows\\System32\\WindowsPowerShell\\v1.0\\powershell.exe", "-NoProfile", "-Command", "Set-Location 'workers/sync-worker'; python -m pytest -q tests"], "cwd": "C:\\Users\\EnesPekdas\\Desktop\\ARQV2\\LAB\\Arq-lab\\repositories\\internal-platform-monorepo", "event": "command.start", "ts": "2026-03-31T12:39:07.524032+00:00"}
{"command": ["C:\\Windows\\System32\\WindowsPowerShell\\v1.0\\powershell.exe", "-NoProfile", "-Command", "Set-Location 'workers/sync-worker'; python -m pytest -q tests"], "cwd": "C:\\Users\\EnesPekdas\\Desktop\\ARQV2\\LAB\\Arq-lab\\repositories\\internal-platform-monorepo", "event": "command.finish", "returncode": 0, "ts": "2026-03-31T12:39:08.363166+00:00"}
{"command": ["C:\\Windows\\System32\\WindowsPowerShell\\v1.0\\powershell.exe", "-ExecutionPolicy", "Bypass", "-File", "scripts/smoke.ps1"], "cwd": "C:\\Users\\EnesPekdas\\Desktop\\ARQV2\\LAB\\Arq-lab\\repositories\\internal-platform-monorepo", "event": "command.start", "ts": "2026-03-31T12:39:08.366234+00:00"}
{"command": ["C:\\Windows\\System32\\WindowsPowerShell\\v1.0\\powershell.exe", "-ExecutionPolicy", "Bypass", "-File", "scripts/smoke.ps1"], "cwd": "C:\\Users\\EnesPekdas\\Desktop\\ARQV2\\LAB\\Arq-lab\\repositories\\internal-platform-monorepo", "event": "command.finish", "returncode": 0, "ts": "2026-03-31T12:39:08.693791+00:00"}
{"command": ["C:\\Program Files\\Git\\cmd\\git.exe", "remote"], "cwd": "C:\\Users\\EnesPekdas\\Desktop\\ARQV2\\LAB\\Arq-lab\\repositories\\internal-platform-monorepo", "event": "command.start", "ts": "2026-03-31T12:39:11.778304+00:00"}
{"command": ["C:\\Program Files\\Git\\cmd\\git.exe", "remote"], "cwd": "C:\\Users\\EnesPekdas\\Desktop\\ARQV2\\LAB\\Arq-lab\\repositories\\internal-platform-monorepo", "event": "command.finish", "returncode": 0, "ts": "2026-03-31T12:39:11.816579+00:00"}
{"command": ["C:\\Program Files\\Git\\cmd\\git.exe", "remote", "add", "origin", "https://github.com/ARQ-Sec/internal-platform-monorepo.git"], "cwd": "C:\\Users\\EnesPekdas\\Desktop\\ARQV2\\LAB\\Arq-lab\\repositories\\internal-platform-monorepo", "event": "command.start", "ts": "2026-03-31T12:39:11.818023+00:00"}
{"command": ["C:\\Program Files\\Git\\cmd\\git.exe", "remote", "add", "origin", "https://github.com/ARQ-Sec/internal-platform-monorepo.git"], "cwd": "C:\\Users\\EnesPekdas\\Desktop\\ARQV2\\LAB\\Arq-lab\\repositories\\internal-platform-monorepo", "event": "command.finish", "returncode": 0, "ts": "2026-03-31T12:39:11.861601+00:00"}
{"command": ["C:\\Program Files\\Git\\cmd\\git.exe", "push", "--force", "--all", "origin"], "cwd": "C:\\Users\\EnesPekdas\\Desktop\\ARQV2\\LAB\\Arq-lab\\repositories\\internal-platform-monorepo", "event": "command.start", "ts": "2026-03-31T12:39:11.862625+00:00"}
{"command": ["C:\\Program Files\\Git\\cmd\\git.exe", "push", "--force", "--all", "origin"], "cwd": "C:\\Users\\EnesPekdas\\Desktop\\ARQV2\\LAB\\Arq-lab\\repositories\\internal-platform-monorepo", "event": "command.finish", "returncode": 0, "ts": "2026-03-31T12:39:20.757188+00:00"}
{"command": ["C:\\Program Files\\Git\\cmd\\git.exe", "push", "--force", "--tags", "origin"], "cwd": "C:\\Users\\EnesPekdas\\Desktop\\ARQV2\\LAB\\Arq-lab\\repositories\\internal-platform-monorepo", "event": "command.start", "ts": "2026-03-31T12:39:20.758512+00:00"}
{"command": ["C:\\Program Files\\Git\\cmd\\git.exe", "push", "--force", "--tags", "origin"], "cwd": "C:\\Users\\EnesPekdas\\Desktop\\ARQV2\\LAB\\Arq-lab\\repositories\\internal-platform-monorepo", "event": "command.finish", "returncode": 0, "ts": "2026-03-31T12:39:23.318895+00:00"}
{"event": "scenario.finish", "milestone": "M8", "scenarioId": "M-V8-001", "ts": "2026-03-31T12:39:59.151367+00:00"}
{"event": "scenario.start", "milestone": "M8", "scenarioId": "M-V8-002", "ts": "2026-03-31T12:39:59.151443+00:00"}
{"command": ["C:\\Program Files\\Git\\cmd\\git.exe", "init", "-b", "main"], "cwd": "C:\\Users\\EnesPekdas\\Desktop\\ARQV2\\LAB\\Arq-lab\\repositories\\infra-app-mixed-repo", "event": "command.start", "ts": "2026-03-31T12:40:04.509829+00:00"}
{"command": ["C:\\Program Files\\Git\\cmd\\git.exe", "init", "-b", "main"], "cwd": "C:\\Users\\EnesPekdas\\Desktop\\ARQV2\\LAB\\Arq-lab\\repositories\\infra-app-mixed-repo", "event": "command.finish", "returncode": 0, "ts": "2026-03-31T12:40:04.576196+00:00"}
{"command": ["C:\\Program Files\\Git\\cmd\\git.exe", "config", "user.name", "ARQ Lab"], "cwd": "C:\\Users\\EnesPekdas\\Desktop\\ARQV2\\LAB\\Arq-lab\\repositories\\infra-app-mixed-repo", "event": "command.start", "ts": "2026-03-31T12:40:04.577602+00:00"}
{"command": ["C:\\Program Files\\Git\\cmd\\git.exe", "config", "user.name", "ARQ Lab"], "cwd": "C:\\Users\\EnesPekdas\\Desktop\\ARQV2\\LAB\\Arq-lab\\repositories\\infra-app-mixed-repo", "event": "command.finish", "returncode": 0, "ts": "2026-03-31T12:40:04.621896+00:00"}
{"command": ["C:\\Program Files\\Git\\cmd\\git.exe", "config", "user.email", "lab@arq.local"], "cwd": "C:\\Users\\EnesPekdas\\Desktop\\ARQV2\\LAB\\Arq-lab\\repositories\\infra-app-mixed-repo", "event": "command.start", "ts": "2026-03-31T12:40:04.623533+00:00"}
{"command": ["C:\\Program Files\\Git\\cmd\\git.exe", "config", "user.email", "lab@arq.local"], "cwd": "C:\\Users\\EnesPekdas\\Desktop\\ARQV2\\LAB\\Arq-lab\\repositories\\infra-app-mixed-repo", "event": "command.finish", "returncode": 0, "ts": "2026-03-31T12:40:04.663859+00:00"}
{"command": ["C:\\Program Files\\Git\\cmd\\git.exe", "add", "."], "cwd": "C:\\Users\\EnesPekdas\\Desktop\\ARQV2\\LAB\\Arq-lab\\repositories\\infra-app-mixed-repo", "event": "command.start", "ts": "2026-03-31T12:40:04.664928+00:00"}
{"command": ["C:\\Program Files\\Git\\cmd\\git.exe", "add", "."], "cwd": "C:\\Users\\EnesPekdas\\Desktop\\ARQV2\\LAB\\Arq-lab\\repositories\\infra-app-mixed-repo", "event": "command.finish", "returncode": 0, "ts": "2026-03-31T12:40:05.362065+00:00"}
{"command": ["C:\\Program Files\\Git\\cmd\\git.exe", "commit", "-m", "c001 bootstrap mixed repo"], "cwd": "C:\\Users\\EnesPekdas\\Desktop\\ARQV2\\LAB\\Arq-lab\\repositories\\infra-app-mixed-repo", "event": "command.start", "ts": "2026-03-31T12:40:05.363282+00:00"}
{"command": ["C:\\Program Files\\Git\\cmd\\git.exe", "commit", "-m", "c001 bootstrap mixed repo"], "cwd": "C:\\Users\\EnesPekdas\\Desktop\\ARQV2\\LAB\\Arq-lab\\repositories\\infra-app-mixed-repo", "event": "command.finish", "returncode": 0, "ts": "2026-03-31T12:40:05.530282+00:00"}
{"command": ["C:\\Program Files\\Git\\cmd\\git.exe", "rev-parse", "HEAD"], "cwd": "C:\\Users\\EnesPekdas\\Desktop\\ARQV2\\LAB\\Arq-lab\\repositories\\infra-app-mixed-repo", "event": "command.start", "ts": "2026-03-31T12:40:05.531503+00:00"}
{"command": ["C:\\Program Files\\Git\\cmd\\git.exe", "rev-parse", "HEAD"], "cwd": "C:\\Users\\EnesPekdas\\Desktop\\ARQV2\\LAB\\Arq-lab\\repositories\\infra-app-mixed-repo", "event": "command.finish", "returncode": 0, "ts": "2026-03-31T12:40:05.569218+00:00"}
{"command": ["C:\\Program Files\\Git\\cmd\\git.exe", "checkout", "-b", "feature/hotfix-ssl"], "cwd": "C:\\Users\\EnesPekdas\\Desktop\\ARQV2\\LAB\\Arq-lab\\repositories\\infra-app-mixed-repo", "event": "command.start", "ts": "2026-03-31T12:40:05.570576+00:00"}
{"command": ["C:\\Program Files\\Git\\cmd\\git.exe", "checkout", "-b", "feature/hotfix-ssl"], "cwd": "C:\\Users\\EnesPekdas\\Desktop\\ARQV2\\LAB\\Arq-lab\\repositories\\infra-app-mixed-repo", "event": "command.finish", "returncode": 0, "ts": "2026-03-31T12:40:05.648991+00:00"}
{"command": ["C:\\Program Files\\Git\\cmd\\git.exe", "add", "."], "cwd": "C:\\Users\\EnesPekdas\\Desktop\\ARQV2\\LAB\\Arq-lab\\repositories\\infra-app-mixed-repo", "event": "command.start", "ts": "2026-03-31T12:40:05.651355+00:00"}
{"command": ["C:\\Program Files\\Git\\cmd\\git.exe", "add", "."], "cwd": "C:\\Users\\EnesPekdas\\Desktop\\ARQV2\\LAB\\Arq-lab\\repositories\\infra-app-mixed-repo", "event": "command.finish", "returncode": 0, "ts": "2026-03-31T12:40:05.696122+00:00"}
{"command": ["C:\\Program Files\\Git\\cmd\\git.exe", "commit", "-m", "c002 temporary hotfix secret"], "cwd": "C:\\Users\\EnesPekdas\\Desktop\\ARQV2\\LAB\\Arq-lab\\repositories\\infra-app-mixed-repo", "event": "command.start", "ts": "2026-03-31T12:40:05.696826+00:00"}
{"command": ["C:\\Program Files\\Git\\cmd\\git.exe", "commit", "-m", "c002 temporary hotfix secret"], "cwd": "C:\\Users\\EnesPekdas\\Desktop\\ARQV2\\LAB\\Arq-lab\\repositories\\infra-app-mixed-repo", "event": "command.finish", "returncode": 0, "ts": "2026-03-31T12:40:05.768349+00:00"}
{"command": ["C:\\Program Files\\Git\\cmd\\git.exe", "rev-parse", "HEAD"], "cwd": "C:\\Users\\EnesPekdas\\Desktop\\ARQV2\\LAB\\Arq-lab\\repositories\\infra-app-mixed-repo", "event": "command.start", "ts": "2026-03-31T12:40:05.769806+00:00"}
{"command": ["C:\\Program Files\\Git\\cmd\\git.exe", "rev-parse", "HEAD"], "cwd": "C:\\Users\\EnesPekdas\\Desktop\\ARQV2\\LAB\\Arq-lab\\repositories\\infra-app-mixed-repo", "event": "command.finish", "returncode": 0, "ts": "2026-03-31T12:40:05.809080+00:00"}
{"command": ["C:\\Program Files\\Git\\cmd\\git.exe", "checkout", "main"], "cwd": "C:\\Users\\EnesPekdas\\Desktop\\ARQV2\\LAB\\Arq-lab\\repositories\\infra-app-mixed-repo", "event": "command.start", "ts": "2026-03-31T12:40:05.810410+00:00"}
{"command": ["C:\\Program Files\\Git\\cmd\\git.exe", "checkout", "main"], "cwd": "C:\\Users\\EnesPekdas\\Desktop\\ARQV2\\LAB\\Arq-lab\\repositories\\infra-app-mixed-repo", "event": "command.finish", "returncode": 0, "ts": "2026-03-31T12:40:05.862665+00:00"}
{"command": ["C:\\Program Files\\Git\\cmd\\git.exe", "checkout", "-b", "release/2026.04"], "cwd": "C:\\Users\\EnesPekdas\\Desktop\\ARQV2\\LAB\\Arq-lab\\repositories\\infra-app-mixed-repo", "event": "command.start", "ts": "2026-03-31T12:40:05.864058+00:00"}
{"command": ["C:\\Program Files\\Git\\cmd\\git.exe", "checkout", "-b", "release/2026.04"], "cwd": "C:\\Users\\EnesPekdas\\Desktop\\ARQV2\\LAB\\Arq-lab\\repositories\\infra-app-mixed-repo", "event": "command.finish", "returncode": 0, "ts": "2026-03-31T12:40:05.926481+00:00"}
{"command": ["C:\\Program Files\\Git\\cmd\\git.exe", "add", "."], "cwd": "C:\\Users\\EnesPekdas\\Desktop\\ARQV2\\LAB\\Arq-lab\\repositories\\infra-app-mixed-repo", "event": "command.start", "ts": "2026-03-31T12:40:05.928476+00:00"}
{"command": ["C:\\Program Files\\Git\\cmd\\git.exe", "add", "."], "cwd": "C:\\Users\\EnesPekdas\\Desktop\\ARQV2\\LAB\\Arq-lab\\repositories\\infra-app-mixed-repo", "event": "command.finish", "returncode": 0, "ts": "2026-03-31T12:40:05.966838+00:00"}
{"command": ["C:\\Program Files\\Git\\cmd\\git.exe", "commit", "-m", "c003 release branch clean"], "cwd": "C:\\Users\\EnesPekdas\\Desktop\\ARQV2\\LAB\\Arq-lab\\repositories\\infra-app-mixed-repo", "event": "command.start", "ts": "2026-03-31T12:40:05.968332+00:00"}
{"command": ["C:\\Program Files\\Git\\cmd\\git.exe", "commit", "-m", "c003 release branch clean"], "cwd": "C:\\Users\\EnesPekdas\\Desktop\\ARQV2\\LAB\\Arq-lab\\repositories\\infra-app-mixed-repo", "event": "command.finish", "returncode": 0, "ts": "2026-03-31T12:40:06.053227+00:00"}
{"command": ["C:\\Program Files\\Git\\cmd\\git.exe", "rev-parse", "HEAD"], "cwd": "C:\\Users\\EnesPekdas\\Desktop\\ARQV2\\LAB\\Arq-lab\\repositories\\infra-app-mixed-repo", "event": "command.start", "ts": "2026-03-31T12:40:06.054295+00:00"}
{"command": ["C:\\Program Files\\Git\\cmd\\git.exe", "rev-parse", "HEAD"], "cwd": "C:\\Users\\EnesPekdas\\Desktop\\ARQV2\\LAB\\Arq-lab\\repositories\\infra-app-mixed-repo", "event": "command.finish", "returncode": 0, "ts": "2026-03-31T12:40:06.114137+00:00"}
{"command": ["C:\\Program Files\\Git\\cmd\\git.exe", "checkout", "main"], "cwd": "C:\\Users\\EnesPekdas\\Desktop\\ARQV2\\LAB\\Arq-lab\\repositories\\infra-app-mixed-repo", "event": "command.start", "ts": "2026-03-31T12:40:06.115202+00:00"}
{"command": ["C:\\Program Files\\Git\\cmd\\git.exe", "checkout", "main"], "cwd": "C:\\Users\\EnesPekdas\\Desktop\\ARQV2\\LAB\\Arq-lab\\repositories\\infra-app-mixed-repo", "event": "command.finish", "returncode": 0, "ts": "2026-03-31T12:40:06.220921+00:00"}
{"command": ["C:\\Program Files\\Git\\cmd\\git.exe", "rev-parse", "HEAD"], "cwd": "C:\\Users\\EnesPekdas\\Desktop\\ARQV2\\LAB\\Arq-lab\\repositories\\infra-app-mixed-repo", "event": "command.start", "ts": "2026-03-31T12:40:08.576660+00:00"}
{"command": ["C:\\Program Files\\Git\\cmd\\git.exe", "rev-parse", "HEAD"], "cwd": "C:\\Users\\EnesPekdas\\Desktop\\ARQV2\\LAB\\Arq-lab\\repositories\\infra-app-mixed-repo", "event": "command.finish", "returncode": 0, "ts": "2026-03-31T12:40:08.621119+00:00"}
{"command": ["C:\\Program Files\\Git\\cmd\\git.exe", "for-each-ref", "--format=%(refname:short) %(objectname)", "refs/heads"], "cwd": "C:\\Users\\EnesPekdas\\Desktop\\ARQV2\\LAB\\Arq-lab\\repositories\\infra-app-mixed-repo", "event": "command.start", "ts": "2026-03-31T12:40:08.622067+00:00"}
{"command": ["C:\\Program Files\\Git\\cmd\\git.exe", "for-each-ref", "--format=%(refname:short) %(objectname)", "refs/heads"], "cwd": "C:\\Users\\EnesPekdas\\Desktop\\ARQV2\\LAB\\Arq-lab\\repositories\\infra-app-mixed-repo", "event": "command.finish", "returncode": 0, "ts": "2026-03-31T12:40:08.658629+00:00"}
{"command": ["C:\\Program Files\\Git\\cmd\\git.exe", "log", "--all", "--date=iso-strict", "--pretty=format:%H%x1f%an%x1f%ae%x1f%ad%x1f%s"], "cwd": "C:\\Users\\EnesPekdas\\Desktop\\ARQV2\\LAB\\Arq-lab\\repositories\\infra-app-mixed-repo", "event": "command.start", "ts": "2026-03-31T12:40:08.659692+00:00"}
{"command": ["C:\\Program Files\\Git\\cmd\\git.exe", "log", "--all", "--date=iso-strict", "--pretty=format:%H%x1f%an%x1f%ae%x1f%ad%x1f%s"], "cwd": "C:\\Users\\EnesPekdas\\Desktop\\ARQV2\\LAB\\Arq-lab\\repositories\\infra-app-mixed-repo", "event": "command.finish", "returncode": 0, "ts": "2026-03-31T12:40:08.693430+00:00"}
{"branches": ["feature/hotfix-ssl", "main", "release/2026.04"], "event": "git.manifest", "repo": "C:\\Users\\EnesPekdas\\Desktop\\ARQV2\\LAB\\Arq-lab\\repositories\\infra-app-mixed-repo", "ts": "2026-03-31T12:40:08.693533+00:00"}
{"command": ["C:\\Python313\\python.EXE", "-m", "compileall", "app", "tests", "scripts"], "cwd": "C:\\Users\\EnesPekdas\\Desktop\\ARQV2\\LAB\\Arq-lab\\repositories\\infra-app-mixed-repo", "event": "command.start", "ts": "2026-03-31T12:40:08.707303+00:00"}
{"command": ["C:\\Python313\\python.EXE", "-m", "compileall", "app", "tests", "scripts"], "cwd": "C:\\Users\\EnesPekdas\\Desktop\\ARQV2\\LAB\\Arq-lab\\repositories\\infra-app-mixed-repo", "event": "command.finish", "returncode": 0, "ts": "2026-03-31T12:40:08.819562+00:00"}
{"command": ["C:\\Windows\\System32\\WindowsPowerShell\\v1.0\\powershell.exe", "-NoProfile", "-Command", "Set-Location 'ops/console'; npm install --silent"], "cwd": "C:\\Users\\EnesPekdas\\Desktop\\ARQV2\\LAB\\Arq-lab\\repositories\\infra-app-mixed-repo", "event": "command.start", "ts": "2026-03-31T12:40:08.823201+00:00"}
{"command": ["C:\\Windows\\System32\\WindowsPowerShell\\v1.0\\powershell.exe", "-NoProfile", "-Command", "Set-Location 'ops/console'; npm install --silent"], "cwd": "C:\\Users\\EnesPekdas\\Desktop\\ARQV2\\LAB\\Arq-lab\\repositories\\infra-app-mixed-repo", "event": "command.finish", "returncode": 0, "ts": "2026-03-31T12:40:16.718409+00:00"}
{"command": ["C:\\Windows\\System32\\WindowsPowerShell\\v1.0\\powershell.exe", "-NoProfile", "-Command", "Set-Location 'ops/console'; npm run build"], "cwd": "C:\\Users\\EnesPekdas\\Desktop\\ARQV2\\LAB\\Arq-lab\\repositories\\infra-app-mixed-repo", "event": "command.start", "ts": "2026-03-31T12:40:16.720104+00:00"}
{"command": ["C:\\Windows\\System32\\WindowsPowerShell\\v1.0\\powershell.exe", "-NoProfile", "-Command", "Set-Location 'ops/console'; npm run build"], "cwd": "C:\\Users\\EnesPekdas\\Desktop\\ARQV2\\LAB\\Arq-lab\\repositories\\infra-app-mixed-repo", "event": "command.finish", "returncode": 0, "ts": "2026-03-31T12:40:21.939357+00:00"}
{"command": ["C:\\Python313\\python.EXE", "-m", "pytest", "-q", "tests"], "cwd": "C:\\Users\\EnesPekdas\\Desktop\\ARQV2\\LAB\\Arq-lab\\repositories\\infra-app-mixed-repo", "event": "command.start", "ts": "2026-03-31T12:40:21.945253+00:00"}
{"command": ["C:\\Python313\\python.EXE", "-m", "pytest", "-q", "tests"], "cwd": "C:\\Users\\EnesPekdas\\Desktop\\ARQV2\\LAB\\Arq-lab\\repositories\\infra-app-mixed-repo", "event": "command.finish", "returncode": 0, "ts": "2026-03-31T12:40:22.531975+00:00"}
{"command": ["C:\\Windows\\System32\\WindowsPowerShell\\v1.0\\powershell.exe", "-NoProfile", "-Command", "Set-Location 'ops/console'; npm test -- --runInBand"], "cwd": "C:\\Users\\EnesPekdas\\Desktop\\ARQV2\\LAB\\Arq-lab\\repositories\\infra-app-mixed-repo", "event": "command.start", "ts": "2026-03-31T12:40:22.534939+00:00"}
{"command": ["C:\\Windows\\System32\\WindowsPowerShell\\v1.0\\powershell.exe", "-NoProfile", "-Command", "Set-Location 'ops/console'; npm test -- --runInBand"], "cwd": "C:\\Users\\EnesPekdas\\Desktop\\ARQV2\\LAB\\Arq-lab\\repositories\\infra-app-mixed-repo", "event": "command.finish", "returncode": 0, "ts": "2026-03-31T12:40:30.678642+00:00"}
{"command": ["C:\\Windows\\System32\\WindowsPowerShell\\v1.0\\powershell.exe", "-ExecutionPolicy", "Bypass", "-File", "scripts/smoke.ps1"], "cwd": "C:\\Users\\EnesPekdas\\Desktop\\ARQV2\\LAB\\Arq-lab\\repositories\\infra-app-mixed-repo", "event": "command.start", "ts": "2026-03-31T12:40:30.682192+00:00"}
{"command": ["C:\\Windows\\System32\\WindowsPowerShell\\v1.0\\powershell.exe", "-ExecutionPolicy", "Bypass", "-File", "scripts/smoke.ps1"], "cwd": "C:\\Users\\EnesPekdas\\Desktop\\ARQV2\\LAB\\Arq-lab\\repositories\\infra-app-mixed-repo", "event": "command.finish", "returncode": 0, "ts": "2026-03-31T12:40:31.023160+00:00"}
{"command": ["C:\\Program Files\\Git\\cmd\\git.exe", "remote"], "cwd": "C:\\Users\\EnesPekdas\\Desktop\\ARQV2\\LAB\\Arq-lab\\repositories\\infra-app-mixed-repo", "event": "command.start", "ts": "2026-03-31T12:40:32.616062+00:00"}
{"command": ["C:\\Program Files\\Git\\cmd\\git.exe", "remote"], "cwd": "C:\\Users\\EnesPekdas\\Desktop\\ARQV2\\LAB\\Arq-lab\\repositories\\infra-app-mixed-repo", "event": "command.finish", "returncode": 0, "ts": "2026-03-31T12:40:32.678006+00:00"}
{"command": ["C:\\Program Files\\Git\\cmd\\git.exe", "remote", "add", "origin", "https://github.com/ARQ-Sec/infra-app-mixed-repo.git"], "cwd": "C:\\Users\\EnesPekdas\\Desktop\\ARQV2\\LAB\\Arq-lab\\repositories\\infra-app-mixed-repo", "event": "command.start", "ts": "2026-03-31T12:40:32.679021+00:00"}
{"command": ["C:\\Program Files\\Git\\cmd\\git.exe", "remote", "add", "origin", "https://github.com/ARQ-Sec/infra-app-mixed-repo.git"], "cwd": "C:\\Users\\EnesPekdas\\Desktop\\ARQV2\\LAB\\Arq-lab\\repositories\\infra-app-mixed-repo", "event": "command.finish", "returncode": 0, "ts": "2026-03-31T12:40:32.749294+00:00"}
{"command": ["C:\\Program Files\\Git\\cmd\\git.exe", "push", "--force", "--all", "origin"], "cwd": "C:\\Users\\EnesPekdas\\Desktop\\ARQV2\\LAB\\Arq-lab\\repositories\\infra-app-mixed-repo", "event": "command.start", "ts": "2026-03-31T12:40:32.750956+00:00"}
{"command": ["C:\\Program Files\\Git\\cmd\\git.exe", "push", "--force", "--all", "origin"], "cwd": "C:\\Users\\EnesPekdas\\Desktop\\ARQV2\\LAB\\Arq-lab\\repositories\\infra-app-mixed-repo", "event": "command.finish", "returncode": 0, "ts": "2026-03-31T12:40:35.157452+00:00"}
{"command": ["C:\\Program Files\\Git\\cmd\\git.exe", "push", "--force", "--tags", "origin"], "cwd": "C:\\Users\\EnesPekdas\\Desktop\\ARQV2\\LAB\\Arq-lab\\repositories\\infra-app-mixed-repo", "event": "command.start", "ts": "2026-03-31T12:40:35.158568+00:00"}
{"command": ["C:\\Program Files\\Git\\cmd\\git.exe", "push", "--force", "--tags", "origin"], "cwd": "C:\\Users\\EnesPekdas\\Desktop\\ARQV2\\LAB\\Arq-lab\\repositories\\infra-app-mixed-repo", "event": "command.finish", "returncode": 0, "ts": "2026-03-31T12:40:36.445941+00:00"}
{"command": ["C:\\Program Files\\Git\\cmd\\git.exe", "merge-base", "main", "feature/hotfix-ssl"], "cwd": "C:\\Users\\EnesPekdas\\Desktop\\ARQV2\\LAB\\Arq-lab\\repositories\\infra-app-mixed-repo", "event": "command.start", "ts": "2026-03-31T12:41:21.809960+00:00"}
{"command": ["C:\\Program Files\\Git\\cmd\\git.exe", "merge-base", "main", "feature/hotfix-ssl"], "cwd": "C:\\Users\\EnesPekdas\\Desktop\\ARQV2\\LAB\\Arq-lab\\repositories\\infra-app-mixed-repo", "event": "command.finish", "returncode": 0, "ts": "2026-03-31T12:41:21.855267+00:00"}
{"command": ["C:\\Program Files\\Git\\cmd\\git.exe", "merge-base", "main", "release/2026.04"], "cwd": "C:\\Users\\EnesPekdas\\Desktop\\ARQV2\\LAB\\Arq-lab\\repositories\\infra-app-mixed-repo", "event": "command.start", "ts": "2026-03-31T12:41:21.856288+00:00"}
{"command": ["C:\\Program Files\\Git\\cmd\\git.exe", "merge-base", "main", "release/2026.04"], "cwd": "C:\\Users\\EnesPekdas\\Desktop\\ARQV2\\LAB\\Arq-lab\\repositories\\infra-app-mixed-repo", "event": "command.finish", "returncode": 0, "ts": "2026-03-31T12:41:21.915626+00:00"}
{"command": ["C:\\Program Files\\Git\\cmd\\git.exe", "merge-base", "main", "feature/hotfix-ssl"], "cwd": "C:\\Users\\EnesPekdas\\Desktop\\ARQV2\\LAB\\Arq-lab\\repositories\\infra-app-mixed-repo", "event": "command.start", "ts": "2026-03-31T12:41:23.850258+00:00"}
{"command": ["C:\\Program Files\\Git\\cmd\\git.exe", "merge-base", "main", "feature/hotfix-ssl"], "cwd": "C:\\Users\\EnesPekdas\\Desktop\\ARQV2\\LAB\\Arq-lab\\repositories\\infra-app-mixed-repo", "event": "command.finish", "returncode": 0, "ts": "2026-03-31T12:41:23.894458+00:00"}
{"command": ["C:\\Program Files\\Git\\cmd\\git.exe", "merge-base", "main", "release/2026.04"], "cwd": "C:\\Users\\EnesPekdas\\Desktop\\ARQV2\\LAB\\Arq-lab\\repositories\\infra-app-mixed-repo", "event": "command.start", "ts": "2026-03-31T12:41:23.896073+00:00"}
{"command": ["C:\\Program Files\\Git\\cmd\\git.exe", "merge-base", "main", "release/2026.04"], "cwd": "C:\\Users\\EnesPekdas\\Desktop\\ARQV2\\LAB\\Arq-lab\\repositories\\infra-app-mixed-repo", "event": "command.finish", "returncode": 0, "ts": "2026-03-31T12:41:23.939647+00:00"}
{"command": ["C:\\Program Files\\Git\\cmd\\git.exe", "merge-base", "main", "feature/hotfix-ssl"], "cwd": "C:\\Users\\EnesPekdas\\Desktop\\ARQV2\\LAB\\Arq-lab\\repositories\\infra-app-mixed-repo", "event": "command.start", "ts": "2026-03-31T12:41:26.125538+00:00"}
{"command": ["C:\\Program Files\\Git\\cmd\\git.exe", "merge-base", "main", "feature/hotfix-ssl"], "cwd": "C:\\Users\\EnesPekdas\\Desktop\\ARQV2\\LAB\\Arq-lab\\repositories\\infra-app-mixed-repo", "event": "command.finish", "returncode": 0, "ts": "2026-03-31T12:41:26.177853+00:00"}
{"command": ["C:\\Program Files\\Git\\cmd\\git.exe", "merge-base", "main", "release/2026.04"], "cwd": "C:\\Users\\EnesPekdas\\Desktop\\ARQV2\\LAB\\Arq-lab\\repositories\\infra-app-mixed-repo", "event": "command.start", "ts": "2026-03-31T12:41:26.179303+00:00"}
{"command": ["C:\\Program Files\\Git\\cmd\\git.exe", "merge-base", "main", "release/2026.04"], "cwd": "C:\\Users\\EnesPekdas\\Desktop\\ARQV2\\LAB\\Arq-lab\\repositories\\infra-app-mixed-repo", "event": "command.finish", "returncode": 0, "ts": "2026-03-31T12:41:26.222625+00:00"}
{"event": "scenario.finish", "milestone": "M8", "scenarioId": "M-V8-002", "ts": "2026-03-31T12:41:26.292919+00:00"}
