{"event": "scenario.start", "milestone": "M4", "scenarioId": "Q-V4-PY-001", "ts": "2026-03-31T12:34:22.861647+00:00"}
{"command": ["C:\\Program Files\\Git\\cmd\\git.exe", "init", "-b", "main"], "cwd": "C:\\Users\\EnesPekdas\\Desktop\\ARQV2\\LAB\\Arq-lab\\repositories\\notification-signer-python", "event": "command.start", "ts": "2026-03-31T12:34:24.277324+00:00"}
{"command": ["C:\\Program Files\\Git\\cmd\\git.exe", "init", "-b", "main"], "cwd": "C:\\Users\\EnesPekdas\\Desktop\\ARQV2\\LAB\\Arq-lab\\repositories\\notification-signer-python", "event": "command.finish", "returncode": 0, "ts": "2026-03-31T12:34:24.360436+00:00"}
{"command": ["C:\\Program Files\\Git\\cmd\\git.exe", "config", "user.name", "ARQ Lab"], "cwd": "C:\\Users\\EnesPekdas\\Desktop\\ARQV2\\LAB\\Arq-lab\\repositories\\notification-signer-python", "event": "command.start", "ts": "2026-03-31T12:34:24.361984+00:00"}
{"command": ["C:\\Program Files\\Git\\cmd\\git.exe", "config", "user.name", "ARQ Lab"], "cwd": "C:\\Users\\EnesPekdas\\Desktop\\ARQV2\\LAB\\Arq-lab\\repositories\\notification-signer-python", "event": "command.finish", "returncode": 0, "ts": "2026-03-31T12:34:24.422315+00:00"}
{"command": ["C:\\Program Files\\Git\\cmd\\git.exe", "config", "user.email", "lab@arq.local"], "cwd": "C:\\Users\\EnesPekdas\\Desktop\\ARQV2\\LAB\\Arq-lab\\repositories\\notification-signer-python", "event": "command.start", "ts": "2026-03-31T12:34:24.423518+00:00"}
{"command": ["C:\\Program Files\\Git\\cmd\\git.exe", "config", "user.email", "lab@arq.local"], "cwd": "C:\\Users\\EnesPekdas\\Desktop\\ARQV2\\LAB\\Arq-lab\\repositories\\notification-signer-python", "event": "command.finish", "returncode": 0, "ts": "2026-03-31T12:34:24.476490+00:00"}
{"command": ["C:\\Program Files\\Git\\cmd\\git.exe", "add", "."], "cwd": "C:\\Users\\EnesPekdas\\Desktop\\ARQV2\\LAB\\Arq-lab\\repositories\\notification-signer-python", "event": "command.start", "ts": "2026-03-31T12:34:24.478145+00:00"}
{"command": ["C:\\Program Files\\Git\\cmd\\git.exe", "add", "."], "cwd": "C:\\Users\\EnesPekdas\\Desktop\\ARQV2\\LAB\\Arq-lab\\repositories\\notification-signer-python", "event": "command.finish", "returncode": 0, "ts": "2026-03-31T12:34:25.097657+00:00"}
{"command": ["C:\\Program Files\\Git\\cmd\\git.exe", "commit", "-m", "bootstrap Q-V4-PY-001"], "cwd": "C:\\Users\\EnesPekdas\\Desktop\\ARQV2\\LAB\\Arq-lab\\repositories\\notification-signer-python", "event": "command.start", "ts": "2026-03-31T12:34:25.098435+00:00"}
{"command": ["C:\\Program Files\\Git\\cmd\\git.exe", "commit", "-m", "bootstrap Q-V4-PY-001"], "cwd": "C:\\Users\\EnesPekdas\\Desktop\\ARQV2\\LAB\\Arq-lab\\repositories\\notification-signer-python", "event": "command.finish", "returncode": 0, "ts": "2026-03-31T12:34:25.235862+00:00"}
{"command": ["C:\\Program Files\\Git\\cmd\\git.exe", "rev-parse", "HEAD"], "cwd": "C:\\Users\\EnesPekdas\\Desktop\\ARQV2\\LAB\\Arq-lab\\repositories\\notification-signer-python", "event": "command.start", "ts": "2026-03-31T12:34:25.236626+00:00"}
{"command": ["C:\\Program Files\\Git\\cmd\\git.exe", "rev-parse", "HEAD"], "cwd": "C:\\Users\\EnesPekdas\\Desktop\\ARQV2\\LAB\\Arq-lab\\repositories\\notification-signer-python", "event": "command.finish", "returncode": 0, "ts": "2026-03-31T12:34:25.277195+00:00"}
{"command": ["C:\\Program Files\\Git\\cmd\\git.exe", "rev-parse", "HEAD"], "cwd": "C:\\Users\\EnesPekdas\\Desktop\\ARQV2\\LAB\\Arq-lab\\repositories\\notification-signer-python", "event": "command.start", "ts": "2026-03-31T12:34:25.798674+00:00"}
{"command": ["C:\\Program Files\\Git\\cmd\\git.exe", "rev-parse", "HEAD"], "cwd": "C:\\Users\\EnesPekdas\\Desktop\\ARQV2\\LAB\\Arq-lab\\repositories\\notification-signer-python", "event": "command.finish", "returncode": 0, "ts": "2026-03-31T12:34:25.847575+00:00"}
{"command": ["C:\\Program Files\\Git\\cmd\\git.exe", "for-each-ref", "--format=%(refname:short) %(objectname)", "refs/heads"], "cwd": "C:\\Users\\EnesPekdas\\Desktop\\ARQV2\\LAB\\Arq-lab\\repositories\\notification-signer-python", "event": "command.start", "ts": "2026-03-31T12:34:25.849049+00:00"}
{"command": ["C:\\Program Files\\Git\\cmd\\git.exe", "for-each-ref", "--format=%(refname:short) %(objectname)", "refs/heads"], "cwd": "C:\\Users\\EnesPekdas\\Desktop\\ARQV2\\LAB\\Arq-lab\\repositories\\notification-signer-python", "event": "command.finish", "returncode": 0, "ts": "2026-03-31T12:34:25.891438+00:00"}
{"command": ["C:\\Program Files\\Git\\cmd\\git.exe", "log", "--all", "--date=iso-strict", "--pretty=format:%H%x1f%an%x1f%ae%x1f%ad%x1f%s"], "cwd": "C:\\Users\\EnesPekdas\\Desktop\\ARQV2\\LAB\\Arq-lab\\repositories\\notification-signer-python", "event": "command.start", "ts": "2026-03-31T12:34:25.892842+00:00"}
{"command": ["C:\\Program Files\\Git\\cmd\\git.exe", "log", "--all", "--date=iso-strict", "--pretty=format:%H%x1f%an%x1f%ae%x1f%ad%x1f%s"], "cwd": "C:\\Users\\EnesPekdas\\Desktop\\ARQV2\\LAB\\Arq-lab\\repositories\\notification-signer-python", "event": "command.finish", "returncode": 0, "ts": "2026-03-31T12:34:25.937065+00:00"}
{"branches": ["main"], "event": "git.manifest", "repo": "C:\\Users\\EnesPekdas\\Desktop\\ARQV2\\LAB\\Arq-lab\\repositories\\notification-signer-python", "ts": "2026-03-31T12:34:25.937148+00:00"}
{"command": ["C:\\Python313\\python.EXE", "-m", "compileall", "app", "tests", "scripts"], "cwd": "C:\\Users\\EnesPekdas\\Desktop\\ARQV2\\LAB\\Arq-lab\\repositories\\notification-signer-python", "event": "command.start", "ts": "2026-03-31T12:34:25.955052+00:00"}
{"command": ["C:\\Python313\\python.EXE", "-m", "compileall", "app", "tests", "scripts"], "cwd": "C:\\Users\\EnesPekdas\\Desktop\\ARQV2\\LAB\\Arq-lab\\repositories\\notification-signer-python", "event": "command.finish", "returncode": 0, "ts": "2026-03-31T12:34:26.072553+00:00"}
{"command": ["C:\\Python313\\python.EXE", "-m", "pytest", "-q"], "cwd": "C:\\Users\\EnesPekdas\\Desktop\\ARQV2\\LAB\\Arq-lab\\repositories\\notification-signer-python", "event": "command.start", "ts": "2026-03-31T12:34:26.083065+00:00"}
{"command": ["C:\\Python313\\python.EXE", "-m", "pytest", "-q"], "cwd": "C:\\Users\\EnesPekdas\\Desktop\\ARQV2\\LAB\\Arq-lab\\repositories\\notification-signer-python", "event": "command.finish", "returncode": 0, "ts": "2026-03-31T12:34:26.680238+00:00"}
{"command": ["C:\\Python313\\python.EXE", "scripts/smoke.py"], "cwd": "C:\\Users\\EnesPekdas\\Desktop\\ARQV2\\LAB\\Arq-lab\\repositories\\notification-signer-python", "event": "command.start", "ts": "2026-03-31T12:34:26.689350+00:00"}
{"command": ["C:\\Python313\\python.EXE", "scripts/smoke.py"], "cwd": "C:\\Users\\EnesPekdas\\Desktop\\ARQV2\\LAB\\Arq-lab\\repositories\\notification-signer-python", "event": "command.finish", "returncode": 0, "ts": "2026-03-31T12:34:26.723719+00:00"}
{"command": ["C:\\Program Files\\Git\\cmd\\git.exe", "remote"], "cwd": "C:\\Users\\EnesPekdas\\Desktop\\ARQV2\\LAB\\Arq-lab\\repositories\\notification-signer-python", "event": "command.start", "ts": "2026-03-31T12:34:27.261881+00:00"}
{"command": ["C:\\Program Files\\Git\\cmd\\git.exe", "remote"], "cwd": "C:\\Users\\EnesPekdas\\Desktop\\ARQV2\\LAB\\Arq-lab\\repositories\\notification-signer-python", "event": "command.finish", "returncode": 0, "ts": "2026-03-31T12:34:27.305124+00:00"}
{"command": ["C:\\Program Files\\Git\\cmd\\git.exe", "remote", "add", "origin", "https://github.com/ARQ-Sec/notification-signer-python.git"], "cwd": "C:\\Users\\EnesPekdas\\Desktop\\ARQV2\\LAB\\Arq-lab\\repositories\\notification-signer-python", "event": "command.start", "ts": "2026-03-31T12:34:27.306613+00:00"}
{"command": ["C:\\Program Files\\Git\\cmd\\git.exe", "remote", "add", "origin", "https://github.com/ARQ-Sec/notification-signer-python.git"], "cwd": "C:\\Users\\EnesPekdas\\Desktop\\ARQV2\\LAB\\Arq-lab\\repositories\\notification-signer-python", "event": "command.finish", "returncode": 0, "ts": "2026-03-31T12:34:27.349722+00:00"}
{"command": ["C:\\Program Files\\Git\\cmd\\git.exe", "push", "--force", "--all", "origin"], "cwd": "C:\\Users\\EnesPekdas\\Desktop\\ARQV2\\LAB\\Arq-lab\\repositories\\notification-signer-python", "event": "command.start", "ts": "2026-03-31T12:34:27.351253+00:00"}
{"command": ["C:\\Program Files\\Git\\cmd\\git.exe", "push", "--force", "--all", "origin"], "cwd": "C:\\Users\\EnesPekdas\\Desktop\\ARQV2\\LAB\\Arq-lab\\repositories\\notification-signer-python", "event": "command.finish", "returncode": 0, "ts": "2026-03-31T12:34:39.499595+00:00"}
{"command": ["C:\\Program Files\\Git\\cmd\\git.exe", "push", "--force", "--tags", "origin"], "cwd": "C:\\Users\\EnesPekdas\\Desktop\\ARQV2\\LAB\\Arq-lab\\repositories\\notification-signer-python", "event": "command.start", "ts": "2026-03-31T12:34:39.500825+00:00"}
{"command": ["C:\\Program Files\\Git\\cmd\\git.exe", "push", "--force", "--tags", "origin"], "cwd": "C:\\Users\\EnesPekdas\\Desktop\\ARQV2\\LAB\\Arq-lab\\repositories\\notification-signer-python", "event": "command.finish", "returncode": 0, "ts": "2026-03-31T12:34:43.051722+00:00"}
{"event": "scenario.finish", "milestone": "M4", "scenarioId": "Q-V4-PY-001", "ts": "2026-03-31T12:35:01.824530+00:00"}
{"event": "scenario.start", "milestone": "M4", "scenarioId": "Q-V4-GO-002", "ts": "2026-03-31T12:35:01.824619+00:00"}
{"command": ["C:\\Program Files\\Git\\cmd\\git.exe", "init", "-b", "main"], "cwd": "C:\\Users\\EnesPekdas\\Desktop\\ARQV2\\LAB\\Arq-lab\\repositories\\device-provisioning-go", "event": "command.start", "ts": "2026-03-31T12:35:03.771263+00:00"}
{"command": ["C:\\Program Files\\Git\\cmd\\git.exe", "init", "-b", "main"], "cwd": "C:\\Users\\EnesPekdas\\Desktop\\ARQV2\\LAB\\Arq-lab\\repositories\\device-provisioning-go", "event": "command.finish", "returncode": 0, "ts": "2026-03-31T12:35:03.844493+00:00"}
{"command": ["C:\\Program Files\\Git\\cmd\\git.exe", "config", "user.name", "ARQ Lab"], "cwd": "C:\\Users\\EnesPekdas\\Desktop\\ARQV2\\LAB\\Arq-lab\\repositories\\device-provisioning-go", "event": "command.start", "ts": "2026-03-31T12:35:03.845820+00:00"}
{"command": ["C:\\Program Files\\Git\\cmd\\git.exe", "config", "user.name", "ARQ Lab"], "cwd": "C:\\Users\\EnesPekdas\\Desktop\\ARQV2\\LAB\\Arq-lab\\repositories\\device-provisioning-go", "event": "command.finish", "returncode": 0, "ts": "2026-03-31T12:35:03.883945+00:00"}
{"command": ["C:\\Program Files\\Git\\cmd\\git.exe", "config", "user.email", "lab@arq.local"], "cwd": "C:\\Users\\EnesPekdas\\Desktop\\ARQV2\\LAB\\Arq-lab\\repositories\\device-provisioning-go", "event": "command.start", "ts": "2026-03-31T12:35:03.885321+00:00"}
{"command": ["C:\\Program Files\\Git\\cmd\\git.exe", "config", "user.email", "lab@arq.local"], "cwd": "C:\\Users\\EnesPekdas\\Desktop\\ARQV2\\LAB\\Arq-lab\\repositories\\device-provisioning-go", "event": "command.finish", "returncode": 0, "ts": "2026-03-31T12:35:03.941597+00:00"}
{"command": ["C:\\Program Files\\Git\\cmd\\git.exe", "add", "."], "cwd": "C:\\Users\\EnesPekdas\\Desktop\\ARQV2\\LAB\\Arq-lab\\repositories\\device-provisioning-go", "event": "command.start", "ts": "2026-03-31T12:35:03.943125+00:00"}
{"command": ["C:\\Program Files\\Git\\cmd\\git.exe", "add", "."], "cwd": "C:\\Users\\EnesPekdas\\Desktop\\ARQV2\\LAB\\Arq-lab\\repositories\\device-provisioning-go", "event": "command.finish", "returncode": 0, "ts": "2026-03-31T12:35:04.322257+00:00"}
{"command": ["C:\\Program Files\\Git\\cmd\\git.exe", "commit", "-m", "bootstrap Q-V4-GO-002"], "cwd": "C:\\Users\\EnesPekdas\\Desktop\\ARQV2\\LAB\\Arq-lab\\repositories\\device-provisioning-go", "event": "command.start", "ts": "2026-03-31T12:35:04.323755+00:00"}
{"command": ["C:\\Program Files\\Git\\cmd\\git.exe", "commit", "-m", "bootstrap Q-V4-GO-002"], "cwd": "C:\\Users\\EnesPekdas\\Desktop\\ARQV2\\LAB\\Arq-lab\\repositories\\device-provisioning-go", "event": "command.finish", "returncode": 0, "ts": "2026-03-31T12:35:04.470066+00:00"}
{"command": ["C:\\Program Files\\Git\\cmd\\git.exe", "rev-parse", "HEAD"], "cwd": "C:\\Users\\EnesPekdas\\Desktop\\ARQV2\\LAB\\Arq-lab\\repositories\\device-provisioning-go", "event": "command.start", "ts": "2026-03-31T12:35:04.471328+00:00"}
{"command": ["C:\\Program Files\\Git\\cmd\\git.exe", "rev-parse", "HEAD"], "cwd": "C:\\Users\\EnesPekdas\\Desktop\\ARQV2\\LAB\\Arq-lab\\repositories\\device-provisioning-go", "event": "command.finish", "returncode": 0, "ts": "2026-03-31T12:35:04.512396+00:00"}
{"command": ["C:\\Program Files\\Git\\cmd\\git.exe", "rev-parse", "HEAD"], "cwd": "C:\\Users\\EnesPekdas\\Desktop\\ARQV2\\LAB\\Arq-lab\\repositories\\device-provisioning-go", "event": "command.start", "ts": "2026-03-31T12:35:06.101792+00:00"}
{"command": ["C:\\Program Files\\Git\\cmd\\git.exe", "rev-parse", "HEAD"], "cwd": "C:\\Users\\EnesPekdas\\Desktop\\ARQV2\\LAB\\Arq-lab\\repositories\\device-provisioning-go", "event": "command.finish", "returncode": 0, "ts": "2026-03-31T12:35:06.151751+00:00"}
{"command": ["C:\\Program Files\\Git\\cmd\\git.exe", "for-each-ref", "--format=%(refname:short) %(objectname)", "refs/heads"], "cwd": "C:\\Users\\EnesPekdas\\Desktop\\ARQV2\\LAB\\Arq-lab\\repositories\\device-provisioning-go", "event": "command.start", "ts": "2026-03-31T12:35:06.153708+00:00"}
{"command": ["C:\\Program Files\\Git\\cmd\\git.exe", "for-each-ref", "--format=%(refname:short) %(objectname)", "refs/heads"], "cwd": "C:\\Users\\EnesPekdas\\Desktop\\ARQV2\\LAB\\Arq-lab\\repositories\\device-provisioning-go", "event": "command.finish", "returncode": 0, "ts": "2026-03-31T12:35:06.204348+00:00"}
{"command": ["C:\\Program Files\\Git\\cmd\\git.exe", "log", "--all", "--date=iso-strict", "--pretty=format:%H%x1f%an%x1f%ae%x1f%ad%x1f%s"], "cwd": "C:\\Users\\EnesPekdas\\Desktop\\ARQV2\\LAB\\Arq-lab\\repositories\\device-provisioning-go", "event": "command.start", "ts": "2026-03-31T12:35:06.205248+00:00"}
{"command": ["C:\\Program Files\\Git\\cmd\\git.exe", "log", "--all", "--date=iso-strict", "--pretty=format:%H%x1f%an%x1f%ae%x1f%ad%x1f%s"], "cwd": "C:\\Users\\EnesPekdas\\Desktop\\ARQV2\\LAB\\Arq-lab\\repositories\\device-provisioning-go", "event": "command.finish", "returncode": 0, "ts": "2026-03-31T12:35:06.253726+00:00"}
{"branches": ["main"], "event": "git.manifest", "repo": "C:\\Users\\EnesPekdas\\Desktop\\ARQV2\\LAB\\Arq-lab\\repositories\\device-provisioning-go", "ts": "2026-03-31T12:35:06.253822+00:00"}
{"command": ["C:\\Users\\EnesPekdas\\Desktop\\ARQV2\\LAB\\Arq-lab\\.toolchains\\go\\bin\\go.exe", "test", "./...", "-run", "TestBuildSmoke", "-count=1"], "cwd": "C:\\Users\\EnesPekdas\\Desktop\\ARQV2\\LAB\\Arq-lab\\repositories\\device-provisioning-go", "event": "command.start", "ts": "2026-03-31T12:35:06.265525+00:00"}
{"command": ["C:\\Users\\EnesPekdas\\Desktop\\ARQV2\\LAB\\Arq-lab\\.toolchains\\go\\bin\\go.exe", "test", "./...", "-run", "TestBuildSmoke", "-count=1"], "cwd": "C:\\Users\\EnesPekdas\\Desktop\\ARQV2\\LAB\\Arq-lab\\repositories\\device-provisioning-go", "event": "command.finish", "returncode": 0, "ts": "2026-03-31T12:35:24.073874+00:00"}
{"command": ["C:\\Users\\EnesPekdas\\Desktop\\ARQV2\\LAB\\Arq-lab\\.toolchains\\go\\bin\\go.exe", "test", "./...", "-count=1"], "cwd": "C:\\Users\\EnesPekdas\\Desktop\\ARQV2\\LAB\\Arq-lab\\repositories\\device-provisioning-go", "event": "command.start", "ts": "2026-03-31T12:35:24.077071+00:00"}
{"command": ["C:\\Users\\EnesPekdas\\Desktop\\ARQV2\\LAB\\Arq-lab\\.toolchains\\go\\bin\\go.exe", "test", "./...", "-count=1"], "cwd": "C:\\Users\\EnesPekdas\\Desktop\\ARQV2\\LAB\\Arq-lab\\repositories\\device-provisioning-go", "event": "command.finish", "returncode": 0, "ts": "2026-03-31T12:35:26.121729+00:00"}
{"command": ["C:\\Users\\EnesPekdas\\Desktop\\ARQV2\\LAB\\Arq-lab\\.toolchains\\go\\bin\\go.exe", "run", "./cmd/service", "--smoke"], "cwd": "C:\\Users\\EnesPekdas\\Desktop\\ARQV2\\LAB\\Arq-lab\\repositories\\device-provisioning-go", "event": "command.start", "ts": "2026-03-31T12:35:26.124359+00:00"}
{"command": ["C:\\Users\\EnesPekdas\\Desktop\\ARQV2\\LAB\\Arq-lab\\.toolchains\\go\\bin\\go.exe", "run", "./cmd/service", "--smoke"], "cwd": "C:\\Users\\EnesPekdas\\Desktop\\ARQV2\\LAB\\Arq-lab\\repositories\\device-provisioning-go", "event": "command.finish", "returncode": 0, "ts": "2026-03-31T12:35:27.310904+00:00"}
{"command": ["C:\\Program Files\\Git\\cmd\\git.exe", "remote"], "cwd": "C:\\Users\\EnesPekdas\\Desktop\\ARQV2\\LAB\\Arq-lab\\repositories\\device-provisioning-go", "event": "command.start", "ts": "2026-03-31T12:35:29.056193+00:00"}
{"command": ["C:\\Program Files\\Git\\cmd\\git.exe", "remote"], "cwd": "C:\\Users\\EnesPekdas\\Desktop\\ARQV2\\LAB\\Arq-lab\\repositories\\device-provisioning-go", "event": "command.finish", "returncode": 0, "ts": "2026-03-31T12:35:29.094605+00:00"}
{"command": ["C:\\Program Files\\Git\\cmd\\git.exe", "remote", "add", "origin", "https://github.com/ARQ-Sec/device-provisioning-go.git"], "cwd": "C:\\Users\\EnesPekdas\\Desktop\\ARQV2\\LAB\\Arq-lab\\repositories\\device-provisioning-go", "event": "command.start", "ts": "2026-03-31T12:35:29.095984+00:00"}
{"command": ["C:\\Program Files\\Git\\cmd\\git.exe", "remote", "add", "origin", "https://github.com/ARQ-Sec/device-provisioning-go.git"], "cwd": "C:\\Users\\EnesPekdas\\Desktop\\ARQV2\\LAB\\Arq-lab\\repositories\\device-provisioning-go", "event": "command.finish", "returncode": 0, "ts": "2026-03-31T12:35:29.137468+00:00"}
{"command": ["C:\\Program Files\\Git\\cmd\\git.exe", "push", "--force", "--all", "origin"], "cwd": "C:\\Users\\EnesPekdas\\Desktop\\ARQV2\\LAB\\Arq-lab\\repositories\\device-provisioning-go", "event": "command.start", "ts": "2026-03-31T12:35:29.138775+00:00"}
{"command": ["C:\\Program Files\\Git\\cmd\\git.exe", "push", "--force", "--all", "origin"], "cwd": "C:\\Users\\EnesPekdas\\Desktop\\ARQV2\\LAB\\Arq-lab\\repositories\\device-provisioning-go", "event": "command.finish", "returncode": 0, "ts": "2026-03-31T12:35:31.372169+00:00"}
{"command": ["C:\\Program Files\\Git\\cmd\\git.exe", "push", "--force", "--tags", "origin"], "cwd": "C:\\Users\\EnesPekdas\\Desktop\\ARQV2\\LAB\\Arq-lab\\repositories\\device-provisioning-go", "event": "command.start", "ts": "2026-03-31T12:35:31.373466+00:00"}
{"command": ["C:\\Program Files\\Git\\cmd\\git.exe", "push", "--force", "--tags", "origin"], "cwd": "C:\\Users\\EnesPekdas\\Desktop\\ARQV2\\LAB\\Arq-lab\\repositories\\device-provisioning-go", "event": "command.finish", "returncode": 0, "ts": "2026-03-31T12:35:32.589743+00:00"}
{"event": "scenario.finish", "milestone": "M4", "scenarioId": "Q-V4-GO-002", "ts": "2026-03-31T12:35:39.566261+00:00"}
{"event": "scenario.start", "milestone": "M4", "scenarioId": "Q-V4-TS-003", "ts": "2026-03-31T12:35:39.566307+00:00"}
{"command": ["C:\\Program Files\\Git\\cmd\\git.exe", "init", "-b", "main"], "cwd": "C:\\Users\\EnesPekdas\\Desktop\\ARQV2\\LAB\\Arq-lab\\repositories\\customer-portal-node", "event": "command.start", "ts": "2026-03-31T12:35:41.954632+00:00"}
{"command": ["C:\\Program Files\\Git\\cmd\\git.exe", "init", "-b", "main"], "cwd": "C:\\Users\\EnesPekdas\\Desktop\\ARQV2\\LAB\\Arq-lab\\repositories\\customer-portal-node", "event": "command.finish", "returncode": 0, "ts": "2026-03-31T12:35:42.002684+00:00"}
{"command": ["C:\\Program Files\\Git\\cmd\\git.exe", "config", "user.name", "ARQ Lab"], "cwd": "C:\\Users\\EnesPekdas\\Desktop\\ARQV2\\LAB\\Arq-lab\\repositories\\customer-portal-node", "event": "command.start", "ts": "2026-03-31T12:35:42.003739+00:00"}
{"command": ["C:\\Program Files\\Git\\cmd\\git.exe", "config", "user.name", "ARQ Lab"], "cwd": "C:\\Users\\EnesPekdas\\Desktop\\ARQV2\\LAB\\Arq-lab\\repositories\\customer-portal-node", "event": "command.finish", "returncode": 0, "ts": "2026-03-31T12:35:42.041572+00:00"}
{"command": ["C:\\Program Files\\Git\\cmd\\git.exe", "config", "user.email", "lab@arq.local"], "cwd": "C:\\Users\\EnesPekdas\\Desktop\\ARQV2\\LAB\\Arq-lab\\repositories\\customer-portal-node", "event": "command.start", "ts": "2026-03-31T12:35:42.042744+00:00"}
{"command": ["C:\\Program Files\\Git\\cmd\\git.exe", "config", "user.email", "lab@arq.local"], "cwd": "C:\\Users\\EnesPekdas\\Desktop\\ARQV2\\LAB\\Arq-lab\\repositories\\customer-portal-node", "event": "command.finish", "returncode": 0, "ts": "2026-03-31T12:35:42.077999+00:00"}
{"command": ["C:\\Program Files\\Git\\cmd\\git.exe", "add", "."], "cwd": "C:\\Users\\EnesPekdas\\Desktop\\ARQV2\\LAB\\Arq-lab\\repositories\\customer-portal-node", "event": "command.start", "ts": "2026-03-31T12:35:42.079252+00:00"}
{"command": ["C:\\Program Files\\Git\\cmd\\git.exe", "add", "."], "cwd": "C:\\Users\\EnesPekdas\\Desktop\\ARQV2\\LAB\\Arq-lab\\repositories\\customer-portal-node", "event": "command.finish", "returncode": 0, "ts": "2026-03-31T12:35:42.532499+00:00"}
{"command": ["C:\\Program Files\\Git\\cmd\\git.exe", "commit", "-m", "bootstrap Q-V4-TS-003"], "cwd": "C:\\Users\\EnesPekdas\\Desktop\\ARQV2\\LAB\\Arq-lab\\repositories\\customer-portal-node", "event": "command.start", "ts": "2026-03-31T12:35:42.533444+00:00"}
{"command": ["C:\\Program Files\\Git\\cmd\\git.exe", "commit", "-m", "bootstrap Q-V4-TS-003"], "cwd": "C:\\Users\\EnesPekdas\\Desktop\\ARQV2\\LAB\\Arq-lab\\repositories\\customer-portal-node", "event": "command.finish", "returncode": 0, "ts": "2026-03-31T12:35:42.736731+00:00"}
{"command": ["C:\\Program Files\\Git\\cmd\\git.exe", "rev-parse", "HEAD"], "cwd": "C:\\Users\\EnesPekdas\\Desktop\\ARQV2\\LAB\\Arq-lab\\repositories\\customer-portal-node", "event": "command.start", "ts": "2026-03-31T12:35:42.738448+00:00"}
{"command": ["C:\\Program Files\\Git\\cmd\\git.exe", "rev-parse", "HEAD"], "cwd": "C:\\Users\\EnesPekdas\\Desktop\\ARQV2\\LAB\\Arq-lab\\repositories\\customer-portal-node", "event": "command.finish", "returncode": 0, "ts": "2026-03-31T12:35:42.791497+00:00"}
{"command": ["C:\\Program Files\\Git\\cmd\\git.exe", "rev-parse", "HEAD"], "cwd": "C:\\Users\\EnesPekdas\\Desktop\\ARQV2\\LAB\\Arq-lab\\repositories\\customer-portal-node", "event": "command.start", "ts": "2026-03-31T12:35:44.698713+00:00"}
{"command": ["C:\\Program Files\\Git\\cmd\\git.exe", "rev-parse", "HEAD"], "cwd": "C:\\Users\\EnesPekdas\\Desktop\\ARQV2\\LAB\\Arq-lab\\repositories\\customer-portal-node", "event": "command.finish", "returncode": 0, "ts": "2026-03-31T12:35:44.746389+00:00"}
{"command": ["C:\\Program Files\\Git\\cmd\\git.exe", "for-each-ref", "--format=%(refname:short) %(objectname)", "refs/heads"], "cwd": "C:\\Users\\EnesPekdas\\Desktop\\ARQV2\\LAB\\Arq-lab\\repositories\\customer-portal-node", "event": "command.start", "ts": "2026-03-31T12:35:44.747720+00:00"}
{"command": ["C:\\Program Files\\Git\\cmd\\git.exe", "for-each-ref", "--format=%(refname:short) %(objectname)", "refs/heads"], "cwd": "C:\\Users\\EnesPekdas\\Desktop\\ARQV2\\LAB\\Arq-lab\\repositories\\customer-portal-node", "event": "command.finish", "returncode": 0, "ts": "2026-03-31T12:35:44.786219+00:00"}
{"command": ["C:\\Program Files\\Git\\cmd\\git.exe", "log", "--all", "--date=iso-strict", "--pretty=format:%H%x1f%an%x1f%ae%x1f%ad%x1f%s"], "cwd": "C:\\Users\\EnesPekdas\\Desktop\\ARQV2\\LAB\\Arq-lab\\repositories\\customer-portal-node", "event": "command.start", "ts": "2026-03-31T12:35:44.787656+00:00"}
{"command": ["C:\\Program Files\\Git\\cmd\\git.exe", "log", "--all", "--date=iso-strict", "--pretty=format:%H%x1f%an%x1f%ae%x1f%ad%x1f%s"], "cwd": "C:\\Users\\EnesPekdas\\Desktop\\ARQV2\\LAB\\Arq-lab\\repositories\\customer-portal-node", "event": "command.finish", "returncode": 0, "ts": "2026-03-31T12:35:44.832592+00:00"}
{"branches": ["main"], "event": "git.manifest", "repo": "C:\\Users\\EnesPekdas\\Desktop\\ARQV2\\LAB\\Arq-lab\\repositories\\customer-portal-node", "ts": "2026-03-31T12:35:44.832724+00:00"}
{"command": ["C:\\Program Files\\nodejs\\npm.cmd", "install", "--silent"], "cwd": "C:\\Users\\EnesPekdas\\Desktop\\ARQV2\\LAB\\Arq-lab\\repositories\\customer-portal-node", "event": "command.start", "ts": "2026-03-31T12:35:44.844500+00:00"}
{"command": ["C:\\Program Files\\nodejs\\npm.cmd", "install", "--silent"], "cwd": "C:\\Users\\EnesPekdas\\Desktop\\ARQV2\\LAB\\Arq-lab\\repositories\\customer-portal-node", "event": "command.finish", "returncode": 0, "ts": "2026-03-31T12:35:58.677745+00:00"}
{"command": ["C:\\Program Files\\nodejs\\npm.cmd", "run", "build"], "cwd": "C:\\Users\\EnesPekdas\\Desktop\\ARQV2\\LAB\\Arq-lab\\repositories\\customer-portal-node", "event": "command.start", "ts": "2026-03-31T12:35:58.680639+00:00"}
{"command": ["C:\\Program Files\\nodejs\\npm.cmd", "run", "build"], "cwd": "C:\\Users\\EnesPekdas\\Desktop\\ARQV2\\LAB\\Arq-lab\\repositories\\customer-portal-node", "event": "command.finish", "returncode": 0, "ts": "2026-03-31T12:36:03.864438+00:00"}
{"command": ["C:\\Program Files\\nodejs\\npm.cmd", "test", "--", "--runInBand"], "cwd": "C:\\Users\\EnesPekdas\\Desktop\\ARQV2\\LAB\\Arq-lab\\repositories\\customer-portal-node", "event": "command.start", "ts": "2026-03-31T12:36:03.867256+00:00"}
{"command": ["C:\\Program Files\\nodejs\\npm.cmd", "test", "--", "--runInBand"], "cwd": "C:\\Users\\EnesPekdas\\Desktop\\ARQV2\\LAB\\Arq-lab\\repositories\\customer-portal-node", "event": "command.finish", "returncode": 0, "ts": "2026-03-31T12:36:09.074561+00:00"}
{"command": ["C:\\Program Files\\nodejs\\node.exe", "dist/scripts/smoke.js"], "cwd": "C:\\Users\\EnesPekdas\\Desktop\\ARQV2\\LAB\\Arq-lab\\repositories\\customer-portal-node", "event": "command.start", "ts": "2026-03-31T12:36:09.077517+00:00"}
{"command": ["C:\\Program Files\\nodejs\\node.exe", "dist/scripts/smoke.js"], "cwd": "C:\\Users\\EnesPekdas\\Desktop\\ARQV2\\LAB\\Arq-lab\\repositories\\customer-portal-node", "event": "command.finish", "returncode": 0, "ts": "2026-03-31T12:36:09.154355+00:00"}
{"command": ["C:\\Program Files\\Git\\cmd\\git.exe", "remote"], "cwd": "C:\\Users\\EnesPekdas\\Desktop\\ARQV2\\LAB\\Arq-lab\\repositories\\customer-portal-node", "event": "command.start", "ts": "2026-03-31T12:36:10.650470+00:00"}
{"command": ["C:\\Program Files\\Git\\cmd\\git.exe", "remote"], "cwd": "C:\\Users\\EnesPekdas\\Desktop\\ARQV2\\LAB\\Arq-lab\\repositories\\customer-portal-node", "event": "command.finish", "returncode": 0, "ts": "2026-03-31T12:36:10.691799+00:00"}
{"command": ["C:\\Program Files\\Git\\cmd\\git.exe", "remote", "add", "origin", "https://github.com/ARQ-Sec/customer-portal-node.git"], "cwd": "C:\\Users\\EnesPekdas\\Desktop\\ARQV2\\LAB\\Arq-lab\\repositories\\customer-portal-node", "event": "command.start", "ts": "2026-03-31T12:36:10.692753+00:00"}
{"command": ["C:\\Program Files\\Git\\cmd\\git.exe", "remote", "add", "origin", "https://github.com/ARQ-Sec/customer-portal-node.git"], "cwd": "C:\\Users\\EnesPekdas\\Desktop\\ARQV2\\LAB\\Arq-lab\\repositories\\customer-portal-node", "event": "command.finish", "returncode": 0, "ts": "2026-03-31T12:36:10.745193+00:00"}
{"command": ["C:\\Program Files\\Git\\cmd\\git.exe", "push", "--force", "--all", "origin"], "cwd": "C:\\Users\\EnesPekdas\\Desktop\\ARQV2\\LAB\\Arq-lab\\repositories\\customer-portal-node", "event": "command.start", "ts": "2026-03-31T12:36:10.746630+00:00"}
{"command": ["C:\\Program Files\\Git\\cmd\\git.exe", "push", "--force", "--all", "origin"], "cwd": "C:\\Users\\EnesPekdas\\Desktop\\ARQV2\\LAB\\Arq-lab\\repositories\\customer-portal-node", "event": "command.finish", "returncode": 0, "ts": "2026-03-31T12:36:13.269137+00:00"}
{"command": ["C:\\Program Files\\Git\\cmd\\git.exe", "push", "--force", "--tags", "origin"], "cwd": "C:\\Users\\EnesPekdas\\Desktop\\ARQV2\\LAB\\Arq-lab\\repositories\\customer-portal-node", "event": "command.start", "ts": "2026-03-31T12:36:13.270687+00:00"}
{"command": ["C:\\Program Files\\Git\\cmd\\git.exe", "push", "--force", "--tags", "origin"], "cwd": "C:\\Users\\EnesPekdas\\Desktop\\ARQV2\\LAB\\Arq-lab\\repositories\\customer-portal-node", "event": "command.finish", "returncode": 0, "ts": "2026-03-31T12:36:14.663513+00:00"}
{"event": "scenario.finish", "milestone": "M4", "scenarioId": "Q-V4-TS-003", "ts": "2026-03-31T12:36:31.701402+00:00"}
