{"event": "scenario.start", "milestone": "M5", "scenarioId": "Q-V5-JAVA-001", "ts": "2026-03-31T12:36:41.050162+00:00"}
{"command": ["C:\\Program Files\\Git\\cmd\\git.exe", "init", "-b", "main"], "cwd": "C:\\Users\\EnesPekdas\\Desktop\\ARQV2\\LAB\\Arq-lab\\repositories\\partner-client-java", "event": "command.start", "ts": "2026-03-31T12:36:42.950504+00:00"}
{"command": ["C:\\Program Files\\Git\\cmd\\git.exe", "init", "-b", "main"], "cwd": "C:\\Users\\EnesPekdas\\Desktop\\ARQV2\\LAB\\Arq-lab\\repositories\\partner-client-java", "event": "command.finish", "returncode": 0, "ts": "2026-03-31T12:36:43.011858+00:00"}
{"command": ["C:\\Program Files\\Git\\cmd\\git.exe", "config", "user.name", "ARQ Lab"], "cwd": "C:\\Users\\EnesPekdas\\Desktop\\ARQV2\\LAB\\Arq-lab\\repositories\\partner-client-java", "event": "command.start", "ts": "2026-03-31T12:36:43.013268+00:00"}
{"command": ["C:\\Program Files\\Git\\cmd\\git.exe", "config", "user.name", "ARQ Lab"], "cwd": "C:\\Users\\EnesPekdas\\Desktop\\ARQV2\\LAB\\Arq-lab\\repositories\\partner-client-java", "event": "command.finish", "returncode": 0, "ts": "2026-03-31T12:36:43.063259+00:00"}
{"command": ["C:\\Program Files\\Git\\cmd\\git.exe", "config", "user.email", "lab@arq.local"], "cwd": "C:\\Users\\EnesPekdas\\Desktop\\ARQV2\\LAB\\Arq-lab\\repositories\\partner-client-java", "event": "command.start", "ts": "2026-03-31T12:36:43.063995+00:00"}
{"command": ["C:\\Program Files\\Git\\cmd\\git.exe", "config", "user.email", "lab@arq.local"], "cwd": "C:\\Users\\EnesPekdas\\Desktop\\ARQV2\\LAB\\Arq-lab\\repositories\\partner-client-java", "event": "command.finish", "returncode": 0, "ts": "2026-03-31T12:36:43.104487+00:00"}
{"command": ["C:\\Program Files\\Git\\cmd\\git.exe", "add", "."], "cwd": "C:\\Users\\EnesPekdas\\Desktop\\ARQV2\\LAB\\Arq-lab\\repositories\\partner-client-java", "event": "command.start", "ts": "2026-03-31T12:36:43.105177+00:00"}
{"command": ["C:\\Program Files\\Git\\cmd\\git.exe", "add", "."], "cwd": "C:\\Users\\EnesPekdas\\Desktop\\ARQV2\\LAB\\Arq-lab\\repositories\\partner-client-java", "event": "command.finish", "returncode": 0, "ts": "2026-03-31T12:36:43.478084+00:00"}
{"command": ["C:\\Program Files\\Git\\cmd\\git.exe", "commit", "-m", "bootstrap Q-V5-JAVA-001"], "cwd": "C:\\Users\\EnesPekdas\\Desktop\\ARQV2\\LAB\\Arq-lab\\repositories\\partner-client-java", "event": "command.start", "ts": "2026-03-31T12:36:43.478713+00:00"}
{"command": ["C:\\Program Files\\Git\\cmd\\git.exe", "commit", "-m", "bootstrap Q-V5-JAVA-001"], "cwd": "C:\\Users\\EnesPekdas\\Desktop\\ARQV2\\LAB\\Arq-lab\\repositories\\partner-client-java", "event": "command.finish", "returncode": 0, "ts": "2026-03-31T12:36:43.624114+00:00"}
{"command": ["C:\\Program Files\\Git\\cmd\\git.exe", "rev-parse", "HEAD"], "cwd": "C:\\Users\\EnesPekdas\\Desktop\\ARQV2\\LAB\\Arq-lab\\repositories\\partner-client-java", "event": "command.start", "ts": "2026-03-31T12:36:43.624780+00:00"}
{"command": ["C:\\Program Files\\Git\\cmd\\git.exe", "rev-parse", "HEAD"], "cwd": "C:\\Users\\EnesPekdas\\Desktop\\ARQV2\\LAB\\Arq-lab\\repositories\\partner-client-java", "event": "command.finish", "returncode": 0, "ts": "2026-03-31T12:36:43.657519+00:00"}
{"command": ["C:\\Program Files\\Git\\cmd\\git.exe", "rev-parse", "HEAD"], "cwd": "C:\\Users\\EnesPekdas\\Desktop\\ARQV2\\LAB\\Arq-lab\\repositories\\partner-client-java", "event": "command.start", "ts": "2026-03-31T12:36:45.550019+00:00"}
{"command": ["C:\\Program Files\\Git\\cmd\\git.exe", "rev-parse", "HEAD"], "cwd": "C:\\Users\\EnesPekdas\\Desktop\\ARQV2\\LAB\\Arq-lab\\repositories\\partner-client-java", "event": "command.finish", "returncode": 0, "ts": "2026-03-31T12:36:45.586936+00:00"}
{"command": ["C:\\Program Files\\Git\\cmd\\git.exe", "for-each-ref", "--format=%(refname:short) %(objectname)", "refs/heads"], "cwd": "C:\\Users\\EnesPekdas\\Desktop\\ARQV2\\LAB\\Arq-lab\\repositories\\partner-client-java", "event": "command.start", "ts": "2026-03-31T12:36:45.588642+00:00"}
{"command": ["C:\\Program Files\\Git\\cmd\\git.exe", "for-each-ref", "--format=%(refname:short) %(objectname)", "refs/heads"], "cwd": "C:\\Users\\EnesPekdas\\Desktop\\ARQV2\\LAB\\Arq-lab\\repositories\\partner-client-java", "event": "command.finish", "returncode": 0, "ts": "2026-03-31T12:36:45.625720+00:00"}
{"command": ["C:\\Program Files\\Git\\cmd\\git.exe", "log", "--all", "--date=iso-strict", "--pretty=format:%H%x1f%an%x1f%ae%x1f%ad%x1f%s"], "cwd": "C:\\Users\\EnesPekdas\\Desktop\\ARQV2\\LAB\\Arq-lab\\repositories\\partner-client-java", "event": "command.start", "ts": "2026-03-31T12:36:45.627082+00:00"}
{"command": ["C:\\Program Files\\Git\\cmd\\git.exe", "log", "--all", "--date=iso-strict", "--pretty=format:%H%x1f%an%x1f%ae%x1f%ad%x1f%s"], "cwd": "C:\\Users\\EnesPekdas\\Desktop\\ARQV2\\LAB\\Arq-lab\\repositories\\partner-client-java", "event": "command.finish", "returncode": 0, "ts": "2026-03-31T12:36:45.663949+00:00"}
{"branches": ["main"], "event": "git.manifest", "repo": "C:\\Users\\EnesPekdas\\Desktop\\ARQV2\\LAB\\Arq-lab\\repositories\\partner-client-java", "ts": "2026-03-31T12:36:45.664046+00:00"}
{"command": ["C:\\maven\\apache-maven-3.9.12\\bin\\mvn.cmd", "-q", "-DskipTests", "compile"], "cwd": "C:\\Users\\EnesPekdas\\Desktop\\ARQV2\\LAB\\Arq-lab\\repositories\\partner-client-java", "event": "command.start", "ts": "2026-03-31T12:36:45.674234+00:00"}
{"command": ["C:\\maven\\apache-maven-3.9.12\\bin\\mvn.cmd", "-q", "-DskipTests", "compile"], "cwd": "C:\\Users\\EnesPekdas\\Desktop\\ARQV2\\LAB\\Arq-lab\\repositories\\partner-client-java", "event": "command.finish", "returncode": 0, "ts": "2026-03-31T12:36:50.562105+00:00"}
{"command": ["C:\\maven\\apache-maven-3.9.12\\bin\\mvn.cmd", "-q", "test"], "cwd": "C:\\Users\\EnesPekdas\\Desktop\\ARQV2\\LAB\\Arq-lab\\repositories\\partner-client-java", "event": "command.start", "ts": "2026-03-31T12:36:50.565153+00:00"}
{"command": ["C:\\maven\\apache-maven-3.9.12\\bin\\mvn.cmd", "-q", "test"], "cwd": "C:\\Users\\EnesPekdas\\Desktop\\ARQV2\\LAB\\Arq-lab\\repositories\\partner-client-java", "event": "command.finish", "returncode": 0, "ts": "2026-03-31T12:36:57.675222+00:00"}
{"command": ["C:\\Windows\\System32\\WindowsPowerShell\\v1.0\\powershell.exe", "-ExecutionPolicy", "Bypass", "-File", "scripts/smoke.ps1"], "cwd": "C:\\Users\\EnesPekdas\\Desktop\\ARQV2\\LAB\\Arq-lab\\repositories\\partner-client-java", "event": "command.start", "ts": "2026-03-31T12:36:57.678133+00:00"}
{"command": ["C:\\Windows\\System32\\WindowsPowerShell\\v1.0\\powershell.exe", "-ExecutionPolicy", "Bypass", "-File", "scripts/smoke.ps1"], "cwd": "C:\\Users\\EnesPekdas\\Desktop\\ARQV2\\LAB\\Arq-lab\\repositories\\partner-client-java", "event": "command.finish", "returncode": 0, "ts": "2026-03-31T12:36:58.035208+00:00"}
{"command": ["C:\\Program Files\\Git\\cmd\\git.exe", "remote"], "cwd": "C:\\Users\\EnesPekdas\\Desktop\\ARQV2\\LAB\\Arq-lab\\repositories\\partner-client-java", "event": "command.start", "ts": "2026-03-31T12:36:59.800981+00:00"}
{"command": ["C:\\Program Files\\Git\\cmd\\git.exe", "remote"], "cwd": "C:\\Users\\EnesPekdas\\Desktop\\ARQV2\\LAB\\Arq-lab\\repositories\\partner-client-java", "event": "command.finish", "returncode": 0, "ts": "2026-03-31T12:36:59.838260+00:00"}
{"command": ["C:\\Program Files\\Git\\cmd\\git.exe", "remote", "add", "origin", "https://github.com/ARQ-Sec/partner-client-java.git"], "cwd": "C:\\Users\\EnesPekdas\\Desktop\\ARQV2\\LAB\\Arq-lab\\repositories\\partner-client-java", "event": "command.start", "ts": "2026-03-31T12:36:59.839634+00:00"}
{"command": ["C:\\Program Files\\Git\\cmd\\git.exe", "remote", "add", "origin", "https://github.com/ARQ-Sec/partner-client-java.git"], "cwd": "C:\\Users\\EnesPekdas\\Desktop\\ARQV2\\LAB\\Arq-lab\\repositories\\partner-client-java", "event": "command.finish", "returncode": 0, "ts": "2026-03-31T12:36:59.880785+00:00"}
{"command": ["C:\\Program Files\\Git\\cmd\\git.exe", "push", "--force", "--all", "origin"], "cwd": "C:\\Users\\EnesPekdas\\Desktop\\ARQV2\\LAB\\Arq-lab\\repositories\\partner-client-java", "event": "command.start", "ts": "2026-03-31T12:36:59.881827+00:00"}
{"command": ["C:\\Program Files\\Git\\cmd\\git.exe", "push", "--force", "--all", "origin"], "cwd": "C:\\Users\\EnesPekdas\\Desktop\\ARQV2\\LAB\\Arq-lab\\repositories\\partner-client-java", "event": "command.finish", "returncode": 0, "ts": "2026-03-31T12:37:01.994078+00:00"}
{"command": ["C:\\Program Files\\Git\\cmd\\git.exe", "push", "--force", "--tags", "origin"], "cwd": "C:\\Users\\EnesPekdas\\Desktop\\ARQV2\\LAB\\Arq-lab\\repositories\\partner-client-java", "event": "command.start", "ts": "2026-03-31T12:37:01.995166+00:00"}
{"command": ["C:\\Program Files\\Git\\cmd\\git.exe", "push", "--force", "--tags", "origin"], "cwd": "C:\\Users\\EnesPekdas\\Desktop\\ARQV2\\LAB\\Arq-lab\\repositories\\partner-client-java", "event": "command.finish", "returncode": 0, "ts": "2026-03-31T12:37:03.333665+00:00"}
{"event": "scenario.finish", "milestone": "M5", "scenarioId": "Q-V5-JAVA-001", "ts": "2026-03-31T12:37:16.084137+00:00"}
{"event": "scenario.start", "milestone": "M5", "scenarioId": "Q-V5-PY-002", "ts": "2026-03-31T12:37:16.084222+00:00"}
{"command": ["C:\\Program Files\\Git\\cmd\\git.exe", "init", "-b", "main"], "cwd": "C:\\Users\\EnesPekdas\\Desktop\\ARQV2\\LAB\\Arq-lab\\repositories\\data-sync-python", "event": "command.start", "ts": "2026-03-31T12:37:18.248329+00:00"}
{"command": ["C:\\Program Files\\Git\\cmd\\git.exe", "init", "-b", "main"], "cwd": "C:\\Users\\EnesPekdas\\Desktop\\ARQV2\\LAB\\Arq-lab\\repositories\\data-sync-python", "event": "command.finish", "returncode": 0, "ts": "2026-03-31T12:37:18.303253+00:00"}
{"command": ["C:\\Program Files\\Git\\cmd\\git.exe", "config", "user.name", "ARQ Lab"], "cwd": "C:\\Users\\EnesPekdas\\Desktop\\ARQV2\\LAB\\Arq-lab\\repositories\\data-sync-python", "event": "command.start", "ts": "2026-03-31T12:37:18.304869+00:00"}
{"command": ["C:\\Program Files\\Git\\cmd\\git.exe", "config", "user.name", "ARQ Lab"], "cwd": "C:\\Users\\EnesPekdas\\Desktop\\ARQV2\\LAB\\Arq-lab\\repositories\\data-sync-python", "event": "command.finish", "returncode": 0, "ts": "2026-03-31T12:37:18.342147+00:00"}
{"command": ["C:\\Program Files\\Git\\cmd\\git.exe", "config", "user.email", "lab@arq.local"], "cwd": "C:\\Users\\EnesPekdas\\Desktop\\ARQV2\\LAB\\Arq-lab\\repositories\\data-sync-python", "event": "command.start", "ts": "2026-03-31T12:37:18.343645+00:00"}
{"command": ["C:\\Program Files\\Git\\cmd\\git.exe", "config", "user.email", "lab@arq.local"], "cwd": "C:\\Users\\EnesPekdas\\Desktop\\ARQV2\\LAB\\Arq-lab\\repositories\\data-sync-python", "event": "command.finish", "returncode": 0, "ts": "2026-03-31T12:37:18.375227+00:00"}
{"command": ["C:\\Program Files\\Git\\cmd\\git.exe", "add", "."], "cwd": "C:\\Users\\EnesPekdas\\Desktop\\ARQV2\\LAB\\Arq-lab\\repositories\\data-sync-python", "event": "command.start", "ts": "2026-03-31T12:37:18.376360+00:00"}
{"command": ["C:\\Program Files\\Git\\cmd\\git.exe", "add", "."], "cwd": "C:\\Users\\EnesPekdas\\Desktop\\ARQV2\\LAB\\Arq-lab\\repositories\\data-sync-python", "event": "command.finish", "returncode": 0, "ts": "2026-03-31T12:37:18.786965+00:00"}
{"command": ["C:\\Program Files\\Git\\cmd\\git.exe", "commit", "-m", "bootstrap Q-V5-PY-002"], "cwd": "C:\\Users\\EnesPekdas\\Desktop\\ARQV2\\LAB\\Arq-lab\\repositories\\data-sync-python", "event": "command.start", "ts": "2026-03-31T12:37:18.787920+00:00"}
{"command": ["C:\\Program Files\\Git\\cmd\\git.exe", "commit", "-m", "bootstrap Q-V5-PY-002"], "cwd": "C:\\Users\\EnesPekdas\\Desktop\\ARQV2\\LAB\\Arq-lab\\repositories\\data-sync-python", "event": "command.finish", "returncode": 0, "ts": "2026-03-31T12:37:18.909155+00:00"}
{"command": ["C:\\Program Files\\Git\\cmd\\git.exe", "rev-parse", "HEAD"], "cwd": "C:\\Users\\EnesPekdas\\Desktop\\ARQV2\\LAB\\Arq-lab\\repositories\\data-sync-python", "event": "command.start", "ts": "2026-03-31T12:37:18.910454+00:00"}
{"command": ["C:\\Program Files\\Git\\cmd\\git.exe", "rev-parse", "HEAD"], "cwd": "C:\\Users\\EnesPekdas\\Desktop\\ARQV2\\LAB\\Arq-lab\\repositories\\data-sync-python", "event": "command.finish", "returncode": 0, "ts": "2026-03-31T12:37:18.963816+00:00"}
{"command": ["C:\\Program Files\\Git\\cmd\\git.exe", "rev-parse", "HEAD"], "cwd": "C:\\Users\\EnesPekdas\\Desktop\\ARQV2\\LAB\\Arq-lab\\repositories\\data-sync-python", "event": "command.start", "ts": "2026-03-31T12:37:20.416416+00:00"}
{"command": ["C:\\Program Files\\Git\\cmd\\git.exe", "rev-parse", "HEAD"], "cwd": "C:\\Users\\EnesPekdas\\Desktop\\ARQV2\\LAB\\Arq-lab\\repositories\\data-sync-python", "event": "command.finish", "returncode": 0, "ts": "2026-03-31T12:37:20.453082+00:00"}
{"command": ["C:\\Program Files\\Git\\cmd\\git.exe", "for-each-ref", "--format=%(refname:short) %(objectname)", "refs/heads"], "cwd": "C:\\Users\\EnesPekdas\\Desktop\\ARQV2\\LAB\\Arq-lab\\repositories\\data-sync-python", "event": "command.start", "ts": "2026-03-31T12:37:20.454190+00:00"}
{"command": ["C:\\Program Files\\Git\\cmd\\git.exe", "for-each-ref", "--format=%(refname:short) %(objectname)", "refs/heads"], "cwd": "C:\\Users\\EnesPekdas\\Desktop\\ARQV2\\LAB\\Arq-lab\\repositories\\data-sync-python", "event": "command.finish", "returncode": 0, "ts": "2026-03-31T12:37:20.493693+00:00"}
{"command": ["C:\\Program Files\\Git\\cmd\\git.exe", "log", "--all", "--date=iso-strict", "--pretty=format:%H%x1f%an%x1f%ae%x1f%ad%x1f%s"], "cwd": "C:\\Users\\EnesPekdas\\Desktop\\ARQV2\\LAB\\Arq-lab\\repositories\\data-sync-python", "event": "command.start", "ts": "2026-03-31T12:37:20.495058+00:00"}
{"command": ["C:\\Program Files\\Git\\cmd\\git.exe", "log", "--all", "--date=iso-strict", "--pretty=format:%H%x1f%an%x1f%ae%x1f%ad%x1f%s"], "cwd": "C:\\Users\\EnesPekdas\\Desktop\\ARQV2\\LAB\\Arq-lab\\repositories\\data-sync-python", "event": "command.finish", "returncode": 0, "ts": "2026-03-31T12:37:20.547782+00:00"}
{"branches": ["main"], "event": "git.manifest", "repo": "C:\\Users\\EnesPekdas\\Desktop\\ARQV2\\LAB\\Arq-lab\\repositories\\data-sync-python", "ts": "2026-03-31T12:37:20.547878+00:00"}
{"command": ["C:\\Python313\\python.EXE", "-m", "compileall", "app", "tests", "scripts"], "cwd": "C:\\Users\\EnesPekdas\\Desktop\\ARQV2\\LAB\\Arq-lab\\repositories\\data-sync-python", "event": "command.start", "ts": "2026-03-31T12:37:20.562701+00:00"}
{"command": ["C:\\Python313\\python.EXE", "-m", "compileall", "app", "tests", "scripts"], "cwd": "C:\\Users\\EnesPekdas\\Desktop\\ARQV2\\LAB\\Arq-lab\\repositories\\data-sync-python", "event": "command.finish", "returncode": 0, "ts": "2026-03-31T12:37:20.668077+00:00"}
{"command": ["C:\\Python313\\python.EXE", "-m", "pytest", "-q"], "cwd": "C:\\Users\\EnesPekdas\\Desktop\\ARQV2\\LAB\\Arq-lab\\repositories\\data-sync-python", "event": "command.start", "ts": "2026-03-31T12:37:20.678457+00:00"}
{"command": ["C:\\Python313\\python.EXE", "-m", "pytest", "-q"], "cwd": "C:\\Users\\EnesPekdas\\Desktop\\ARQV2\\LAB\\Arq-lab\\repositories\\data-sync-python", "event": "command.finish", "returncode": 0, "ts": "2026-03-31T12:37:21.479893+00:00"}
{"command": ["C:\\Python313\\python.EXE", "scripts/smoke.py"], "cwd": "C:\\Users\\EnesPekdas\\Desktop\\ARQV2\\LAB\\Arq-lab\\repositories\\data-sync-python", "event": "command.start", "ts": "2026-03-31T12:37:21.487479+00:00"}
{"command": ["C:\\Python313\\python.EXE", "scripts/smoke.py"], "cwd": "C:\\Users\\EnesPekdas\\Desktop\\ARQV2\\LAB\\Arq-lab\\repositories\\data-sync-python", "event": "command.finish", "returncode": 0, "ts": "2026-03-31T12:37:21.548363+00:00"}
{"command": ["C:\\Program Files\\Git\\cmd\\git.exe", "remote"], "cwd": "C:\\Users\\EnesPekdas\\Desktop\\ARQV2\\LAB\\Arq-lab\\repositories\\data-sync-python", "event": "command.start", "ts": "2026-03-31T12:37:23.150458+00:00"}
{"command": ["C:\\Program Files\\Git\\cmd\\git.exe", "remote"], "cwd": "C:\\Users\\EnesPekdas\\Desktop\\ARQV2\\LAB\\Arq-lab\\repositories\\data-sync-python", "event": "command.finish", "returncode": 0, "ts": "2026-03-31T12:37:23.200982+00:00"}
{"command": ["C:\\Program Files\\Git\\cmd\\git.exe", "remote", "add", "origin", "https://github.com/ARQ-Sec/data-sync-python.git"], "cwd": "C:\\Users\\EnesPekdas\\Desktop\\ARQV2\\LAB\\Arq-lab\\repositories\\data-sync-python", "event": "command.start", "ts": "2026-03-31T12:37:23.202300+00:00"}
{"command": ["C:\\Program Files\\Git\\cmd\\git.exe", "remote", "add", "origin", "https://github.com/ARQ-Sec/data-sync-python.git"], "cwd": "C:\\Users\\EnesPekdas\\Desktop\\ARQV2\\LAB\\Arq-lab\\repositories\\data-sync-python", "event": "command.finish", "returncode": 0, "ts": "2026-03-31T12:37:23.257922+00:00"}
{"command": ["C:\\Program Files\\Git\\cmd\\git.exe", "push", "--force", "--all", "origin"], "cwd": "C:\\Users\\EnesPekdas\\Desktop\\ARQV2\\LAB\\Arq-lab\\repositories\\data-sync-python", "event": "command.start", "ts": "2026-03-31T12:37:23.259171+00:00"}
{"command": ["C:\\Program Files\\Git\\cmd\\git.exe", "push", "--force", "--all", "origin"], "cwd": "C:\\Users\\EnesPekdas\\Desktop\\ARQV2\\LAB\\Arq-lab\\repositories\\data-sync-python", "event": "command.finish", "returncode": 0, "ts": "2026-03-31T12:37:25.364242+00:00"}
{"command": ["C:\\Program Files\\Git\\cmd\\git.exe", "push", "--force", "--tags", "origin"], "cwd": "C:\\Users\\EnesPekdas\\Desktop\\ARQV2\\LAB\\Arq-lab\\repositories\\data-sync-python", "event": "command.start", "ts": "2026-03-31T12:37:25.364859+00:00"}
{"command": ["C:\\Program Files\\Git\\cmd\\git.exe", "push", "--force", "--tags", "origin"], "cwd": "C:\\Users\\EnesPekdas\\Desktop\\ARQV2\\LAB\\Arq-lab\\repositories\\data-sync-python", "event": "command.finish", "returncode": 0, "ts": "2026-03-31T12:37:26.610358+00:00"}
{"event": "scenario.finish", "milestone": "M5", "scenarioId": "Q-V5-PY-002", "ts": "2026-03-31T12:37:39.041375+00:00"}
{"event": "scenario.start", "milestone": "M5", "scenarioId": "Q-V5-JAVA-003", "ts": "2026-03-31T12:37:39.041445+00:00"}
{"command": ["C:\\Program Files\\Git\\cmd\\git.exe", "init", "-b", "main"], "cwd": "C:\\Users\\EnesPekdas\\Desktop\\ARQV2\\LAB\\Arq-lab\\repositories\\gateway-config-java", "event": "command.start", "ts": "2026-03-31T12:37:41.758609+00:00"}
{"command": ["C:\\Program Files\\Git\\cmd\\git.exe", "init", "-b", "main"], "cwd": "C:\\Users\\EnesPekdas\\Desktop\\ARQV2\\LAB\\Arq-lab\\repositories\\gateway-config-java", "event": "command.finish", "returncode": 0, "ts": "2026-03-31T12:37:41.812196+00:00"}
{"command": ["C:\\Program Files\\Git\\cmd\\git.exe", "config", "user.name", "ARQ Lab"], "cwd": "C:\\Users\\EnesPekdas\\Desktop\\ARQV2\\LAB\\Arq-lab\\repositories\\gateway-config-java", "event": "command.start", "ts": "2026-03-31T12:37:41.813673+00:00"}
{"command": ["C:\\Program Files\\Git\\cmd\\git.exe", "config", "user.name", "ARQ Lab"], "cwd": "C:\\Users\\EnesPekdas\\Desktop\\ARQV2\\LAB\\Arq-lab\\repositories\\gateway-config-java", "event": "command.finish", "returncode": 0, "ts": "2026-03-31T12:37:41.852585+00:00"}
{"command": ["C:\\Program Files\\Git\\cmd\\git.exe", "config", "user.email", "lab@arq.local"], "cwd": "C:\\Users\\EnesPekdas\\Desktop\\ARQV2\\LAB\\Arq-lab\\repositories\\gateway-config-java", "event": "command.start", "ts": "2026-03-31T12:37:41.854086+00:00"}
{"command": ["C:\\Program Files\\Git\\cmd\\git.exe", "config", "user.email", "lab@arq.local"], "cwd": "C:\\Users\\EnesPekdas\\Desktop\\ARQV2\\LAB\\Arq-lab\\repositories\\gateway-config-java", "event": "command.finish", "returncode": 0, "ts": "2026-03-31T12:37:41.891677+00:00"}
{"command": ["C:\\Program Files\\Git\\cmd\\git.exe", "add", "."], "cwd": "C:\\Users\\EnesPekdas\\Desktop\\ARQV2\\LAB\\Arq-lab\\repositories\\gateway-config-java", "event": "command.start", "ts": "2026-03-31T12:37:41.892993+00:00"}
{"command": ["C:\\Program Files\\Git\\cmd\\git.exe", "add", "."], "cwd": "C:\\Users\\EnesPekdas\\Desktop\\ARQV2\\LAB\\Arq-lab\\repositories\\gateway-config-java", "event": "command.finish", "returncode": 0, "ts": "2026-03-31T12:37:42.339622+00:00"}
{"command": ["C:\\Program Files\\Git\\cmd\\git.exe", "commit", "-m", "bootstrap Q-V5-JAVA-003"], "cwd": "C:\\Users\\EnesPekdas\\Desktop\\ARQV2\\LAB\\Arq-lab\\repositories\\gateway-config-java", "event": "command.start", "ts": "2026-03-31T12:37:42.341002+00:00"}
{"command": ["C:\\Program Files\\Git\\cmd\\git.exe", "commit", "-m", "bootstrap Q-V5-JAVA-003"], "cwd": "C:\\Users\\EnesPekdas\\Desktop\\ARQV2\\LAB\\Arq-lab\\repositories\\gateway-config-java", "event": "command.finish", "returncode": 0, "ts": "2026-03-31T12:37:42.526076+00:00"}
{"command": ["C:\\Program Files\\Git\\cmd\\git.exe", "rev-parse", "HEAD"], "cwd": "C:\\Users\\EnesPekdas\\Desktop\\ARQV2\\LAB\\Arq-lab\\repositories\\gateway-config-java", "event": "command.start", "ts": "2026-03-31T12:37:42.527342+00:00"}
{"command": ["C:\\Program Files\\Git\\cmd\\git.exe", "rev-parse", "HEAD"], "cwd": "C:\\Users\\EnesPekdas\\Desktop\\ARQV2\\LAB\\Arq-lab\\repositories\\gateway-config-java", "event": "command.finish", "returncode": 0, "ts": "2026-03-31T12:37:42.567460+00:00"}
{"command": ["C:\\Program Files\\Git\\cmd\\git.exe", "rev-parse", "HEAD"], "cwd": "C:\\Users\\EnesPekdas\\Desktop\\ARQV2\\LAB\\Arq-lab\\repositories\\gateway-config-java", "event": "command.start", "ts": "2026-03-31T12:37:44.339725+00:00"}
{"command": ["C:\\Program Files\\Git\\cmd\\git.exe", "rev-parse", "HEAD"], "cwd": "C:\\Users\\EnesPekdas\\Desktop\\ARQV2\\LAB\\Arq-lab\\repositories\\gateway-config-java", "event": "command.finish", "returncode": 0, "ts": "2026-03-31T12:37:44.375195+00:00"}
{"command": ["C:\\Program Files\\Git\\cmd\\git.exe", "for-each-ref", "--format=%(refname:short) %(objectname)", "refs/heads"], "cwd": "C:\\Users\\EnesPekdas\\Desktop\\ARQV2\\LAB\\Arq-lab\\repositories\\gateway-config-java", "event": "command.start", "ts": "2026-03-31T12:37:44.376691+00:00"}
{"command": ["C:\\Program Files\\Git\\cmd\\git.exe", "for-each-ref", "--format=%(refname:short) %(objectname)", "refs/heads"], "cwd": "C:\\Users\\EnesPekdas\\Desktop\\ARQV2\\LAB\\Arq-lab\\repositories\\gateway-config-java", "event": "command.finish", "returncode": 0, "ts": "2026-03-31T12:37:44.416888+00:00"}
{"command": ["C:\\Program Files\\Git\\cmd\\git.exe", "log", "--all", "--date=iso-strict", "--pretty=format:%H%x1f%an%x1f%ae%x1f%ad%x1f%s"], "cwd": "C:\\Users\\EnesPekdas\\Desktop\\ARQV2\\LAB\\Arq-lab\\repositories\\gateway-config-java", "event": "command.start", "ts": "2026-03-31T12:37:44.418145+00:00"}
{"command": ["C:\\Program Files\\Git\\cmd\\git.exe", "log", "--all", "--date=iso-strict", "--pretty=format:%H%x1f%an%x1f%ae%x1f%ad%x1f%s"], "cwd": "C:\\Users\\EnesPekdas\\Desktop\\ARQV2\\LAB\\Arq-lab\\repositories\\gateway-config-java", "event": "command.finish", "returncode": 0, "ts": "2026-03-31T12:37:44.454700+00:00"}
{"branches": ["main"], "event": "git.manifest", "repo": "C:\\Users\\EnesPekdas\\Desktop\\ARQV2\\LAB\\Arq-lab\\repositories\\gateway-config-java", "ts": "2026-03-31T12:37:44.454805+00:00"}
{"command": ["C:\\maven\\apache-maven-3.9.12\\bin\\mvn.cmd", "-q", "-DskipTests", "compile"], "cwd": "C:\\Users\\EnesPekdas\\Desktop\\ARQV2\\LAB\\Arq-lab\\repositories\\gateway-config-java", "event": "command.start", "ts": "2026-03-31T12:37:44.465006+00:00"}
{"command": ["C:\\maven\\apache-maven-3.9.12\\bin\\mvn.cmd", "-q", "-DskipTests", "compile"], "cwd": "C:\\Users\\EnesPekdas\\Desktop\\ARQV2\\LAB\\Arq-lab\\repositories\\gateway-config-java", "event": "command.finish", "returncode": 0, "ts": "2026-03-31T12:37:49.807191+00:00"}
{"command": ["C:\\maven\\apache-maven-3.9.12\\bin\\mvn.cmd", "-q", "test"], "cwd": "C:\\Users\\EnesPekdas\\Desktop\\ARQV2\\LAB\\Arq-lab\\repositories\\gateway-config-java", "event": "command.start", "ts": "2026-03-31T12:37:49.810100+00:00"}
{"command": ["C:\\maven\\apache-maven-3.9.12\\bin\\mvn.cmd", "-q", "test"], "cwd": "C:\\Users\\EnesPekdas\\Desktop\\ARQV2\\LAB\\Arq-lab\\repositories\\gateway-config-java", "event": "command.finish", "returncode": 0, "ts": "2026-03-31T12:37:56.480101+00:00"}
{"command": ["C:\\Windows\\System32\\WindowsPowerShell\\v1.0\\powershell.exe", "-ExecutionPolicy", "Bypass", "-File", "scripts/smoke.ps1"], "cwd": "C:\\Users\\EnesPekdas\\Desktop\\ARQV2\\LAB\\Arq-lab\\repositories\\gateway-config-java", "event": "command.start", "ts": "2026-03-31T12:37:56.483713+00:00"}
{"command": ["C:\\Windows\\System32\\WindowsPowerShell\\v1.0\\powershell.exe", "-ExecutionPolicy", "Bypass", "-File", "scripts/smoke.ps1"], "cwd": "C:\\Users\\EnesPekdas\\Desktop\\ARQV2\\LAB\\Arq-lab\\repositories\\gateway-config-java", "event": "command.finish", "returncode": 0, "ts": "2026-03-31T12:37:56.772228+00:00"}
{"command": ["C:\\Program Files\\Git\\cmd\\git.exe", "remote"], "cwd": "C:\\Users\\EnesPekdas\\Desktop\\ARQV2\\LAB\\Arq-lab\\repositories\\gateway-config-java", "event": "command.start", "ts": "2026-03-31T12:37:58.238846+00:00"}
{"command": ["C:\\Program Files\\Git\\cmd\\git.exe", "remote"], "cwd": "C:\\Users\\EnesPekdas\\Desktop\\ARQV2\\LAB\\Arq-lab\\repositories\\gateway-config-java", "event": "command.finish", "returncode": 0, "ts": "2026-03-31T12:37:58.289817+00:00"}
{"command": ["C:\\Program Files\\Git\\cmd\\git.exe", "remote", "add", "origin", "https://github.com/ARQ-Sec/gateway-config-java.git"], "cwd": "C:\\Users\\EnesPekdas\\Desktop\\ARQV2\\LAB\\Arq-lab\\repositories\\gateway-config-java", "event": "command.start", "ts": "2026-03-31T12:37:58.291284+00:00"}
{"command": ["C:\\Program Files\\Git\\cmd\\git.exe", "remote", "add", "origin", "https://github.com/ARQ-Sec/gateway-config-java.git"], "cwd": "C:\\Users\\EnesPekdas\\Desktop\\ARQV2\\LAB\\Arq-lab\\repositories\\gateway-config-java", "event": "command.finish", "returncode": 0, "ts": "2026-03-31T12:37:58.347171+00:00"}
{"command": ["C:\\Program Files\\Git\\cmd\\git.exe", "push", "--force", "--all", "origin"], "cwd": "C:\\Users\\EnesPekdas\\Desktop\\ARQV2\\LAB\\Arq-lab\\repositories\\gateway-config-java", "event": "command.start", "ts": "2026-03-31T12:37:58.348813+00:00"}
{"command": ["C:\\Program Files\\Git\\cmd\\git.exe", "push", "--force", "--all", "origin"], "cwd": "C:\\Users\\EnesPekdas\\Desktop\\ARQV2\\LAB\\Arq-lab\\repositories\\gateway-config-java", "event": "command.finish", "returncode": 0, "ts": "2026-03-31T12:38:00.490331+00:00"}
{"command": ["C:\\Program Files\\Git\\cmd\\git.exe", "push", "--force", "--tags", "origin"], "cwd": "C:\\Users\\EnesPekdas\\Desktop\\ARQV2\\LAB\\Arq-lab\\repositories\\gateway-config-java", "event": "command.start", "ts": "2026-03-31T12:38:00.491698+00:00"}
{"command": ["C:\\Program Files\\Git\\cmd\\git.exe", "push", "--force", "--tags", "origin"], "cwd": "C:\\Users\\EnesPekdas\\Desktop\\ARQV2\\LAB\\Arq-lab\\repositories\\gateway-config-java", "event": "command.finish", "returncode": 0, "ts": "2026-03-31T12:38:01.937923+00:00"}
{"event": "scenario.finish", "milestone": "M5", "scenarioId": "Q-V5-JAVA-003", "ts": "2026-03-31T12:38:14.056004+00:00"}
