{"event": "scenario.start", "milestone": "M6", "scenarioId": "Q-V6-TS-001", "ts": "2026-03-30T23:51:54.688353+00:00"}
{"command": ["C:\\Program Files\\Git\\cmd\\git.exe", "init", "-b", "main"], "cwd": "C:\\Users\\EnesPekdas\\Desktop\\ARQV2\\LAB\\Arq-lab\\generated\\M6\\customer-portal-node-tls", "event": "command.start", "ts": "2026-03-30T23:52:01.744673+00:00"}
{"command": ["C:\\Program Files\\Git\\cmd\\git.exe", "init", "-b", "main"], "cwd": "C:\\Users\\EnesPekdas\\Desktop\\ARQV2\\LAB\\Arq-lab\\generated\\M6\\customer-portal-node-tls", "event": "command.finish", "returncode": 0, "ts": "2026-03-30T23:52:01.819692+00:00"}
{"command": ["C:\\Program Files\\Git\\cmd\\git.exe", "config", "user.name", "ARQ Lab"], "cwd": "C:\\Users\\EnesPekdas\\Desktop\\ARQV2\\LAB\\Arq-lab\\generated\\M6\\customer-portal-node-tls", "event": "command.start", "ts": "2026-03-30T23:52:01.821384+00:00"}
{"command": ["C:\\Program Files\\Git\\cmd\\git.exe", "config", "user.name", "ARQ Lab"], "cwd": "C:\\Users\\EnesPekdas\\Desktop\\ARQV2\\LAB\\Arq-lab\\generated\\M6\\customer-portal-node-tls", "event": "command.finish", "returncode": 0, "ts": "2026-03-30T23:52:01.877443+00:00"}
{"command": ["C:\\Program Files\\Git\\cmd\\git.exe", "config", "user.email", "lab@arq.local"], "cwd": "C:\\Users\\EnesPekdas\\Desktop\\ARQV2\\LAB\\Arq-lab\\generated\\M6\\customer-portal-node-tls", "event": "command.start", "ts": "2026-03-30T23:52:01.878515+00:00"}
{"command": ["C:\\Program Files\\Git\\cmd\\git.exe", "config", "user.email", "lab@arq.local"], "cwd": "C:\\Users\\EnesPekdas\\Desktop\\ARQV2\\LAB\\Arq-lab\\generated\\M6\\customer-portal-node-tls", "event": "command.finish", "returncode": 0, "ts": "2026-03-30T23:52:01.935744+00:00"}
{"command": ["C:\\Program Files\\Git\\cmd\\git.exe", "add", "."], "cwd": "C:\\Users\\EnesPekdas\\Desktop\\ARQV2\\LAB\\Arq-lab\\generated\\M6\\customer-portal-node-tls", "event": "command.start", "ts": "2026-03-30T23:52:01.936964+00:00"}
{"command": ["C:\\Program Files\\Git\\cmd\\git.exe", "add", "."], "cwd": "C:\\Users\\EnesPekdas\\Desktop\\ARQV2\\LAB\\Arq-lab\\generated\\M6\\customer-portal-node-tls", "event": "command.finish", "returncode": 0, "ts": "2026-03-30T23:52:02.435269+00:00"}
{"command": ["C:\\Program Files\\Git\\cmd\\git.exe", "commit", "-m", "bootstrap Q-V6-TS-001"], "cwd": "C:\\Users\\EnesPekdas\\Desktop\\ARQV2\\LAB\\Arq-lab\\generated\\M6\\customer-portal-node-tls", "event": "command.start", "ts": "2026-03-30T23:52:02.438465+00:00"}
{"command": ["C:\\Program Files\\Git\\cmd\\git.exe", "commit", "-m", "bootstrap Q-V6-TS-001"], "cwd": "C:\\Users\\EnesPekdas\\Desktop\\ARQV2\\LAB\\Arq-lab\\generated\\M6\\customer-portal-node-tls", "event": "command.finish", "returncode": 0, "ts": "2026-03-30T23:52:02.622152+00:00"}
{"command": ["C:\\Program Files\\Git\\cmd\\git.exe", "rev-parse", "HEAD"], "cwd": "C:\\Users\\EnesPekdas\\Desktop\\ARQV2\\LAB\\Arq-lab\\generated\\M6\\customer-portal-node-tls", "event": "command.start", "ts": "2026-03-30T23:52:02.623096+00:00"}
{"command": ["C:\\Program Files\\Git\\cmd\\git.exe", "rev-parse", "HEAD"], "cwd": "C:\\Users\\EnesPekdas\\Desktop\\ARQV2\\LAB\\Arq-lab\\generated\\M6\\customer-portal-node-tls", "event": "command.finish", "returncode": 0, "ts": "2026-03-30T23:52:02.686999+00:00"}
{"command": ["C:\\Program Files\\Git\\cmd\\git.exe", "rev-parse", "HEAD"], "cwd": "C:\\Users\\EnesPekdas\\Desktop\\ARQV2\\LAB\\Arq-lab\\generated\\M6\\customer-portal-node-tls", "event": "command.start", "ts": "2026-03-30T23:52:03.718520+00:00"}
{"command": ["C:\\Program Files\\Git\\cmd\\git.exe", "rev-parse", "HEAD"], "cwd": "C:\\Users\\EnesPekdas\\Desktop\\ARQV2\\LAB\\Arq-lab\\generated\\M6\\customer-portal-node-tls", "event": "command.finish", "returncode": 0, "ts": "2026-03-30T23:52:03.763347+00:00"}
{"command": ["C:\\Program Files\\Git\\cmd\\git.exe", "for-each-ref", "--format=%(refname:short) %(objectname)", "refs/heads"], "cwd": "C:\\Users\\EnesPekdas\\Desktop\\ARQV2\\LAB\\Arq-lab\\generated\\M6\\customer-portal-node-tls", "event": "command.start", "ts": "2026-03-30T23:52:03.764916+00:00"}
{"command": ["C:\\Program Files\\Git\\cmd\\git.exe", "for-each-ref", "--format=%(refname:short) %(objectname)", "refs/heads"], "cwd": "C:\\Users\\EnesPekdas\\Desktop\\ARQV2\\LAB\\Arq-lab\\generated\\M6\\customer-portal-node-tls", "event": "command.finish", "returncode": 0, "ts": "2026-03-30T23:52:03.811412+00:00"}
{"command": ["C:\\Program Files\\Git\\cmd\\git.exe", "log", "--all", "--date=iso-strict", "--pretty=format:%H%x1f%an%x1f%ae%x1f%ad%x1f%s"], "cwd": "C:\\Users\\EnesPekdas\\Desktop\\ARQV2\\LAB\\Arq-lab\\generated\\M6\\customer-portal-node-tls", "event": "command.start", "ts": "2026-03-30T23:52:03.812410+00:00"}
{"command": ["C:\\Program Files\\Git\\cmd\\git.exe", "log", "--all", "--date=iso-strict", "--pretty=format:%H%x1f%an%x1f%ae%x1f%ad%x1f%s"], "cwd": "C:\\Users\\EnesPekdas\\Desktop\\ARQV2\\LAB\\Arq-lab\\generated\\M6\\customer-portal-node-tls", "event": "command.finish", "returncode": 0, "ts": "2026-03-30T23:52:03.858597+00:00"}
{"branches": ["main"], "event": "git.manifest", "repo": "C:\\Users\\EnesPekdas\\Desktop\\ARQV2\\LAB\\Arq-lab\\generated\\M6\\customer-portal-node-tls", "ts": "2026-03-30T23:52:03.858723+00:00"}
{"command": ["C:\\Program Files\\nodejs\\npm.cmd", "install", "--silent"], "cwd": "C:\\Users\\EnesPekdas\\Desktop\\ARQV2\\LAB\\Arq-lab\\generated\\M6\\customer-portal-node-tls", "event": "command.start", "ts": "2026-03-30T23:52:03.871682+00:00"}
{"command": ["C:\\Program Files\\nodejs\\npm.cmd", "install", "--silent"], "cwd": "C:\\Users\\EnesPekdas\\Desktop\\ARQV2\\LAB\\Arq-lab\\generated\\M6\\customer-portal-node-tls", "event": "command.finish", "returncode": 0, "ts": "2026-03-30T23:52:13.747891+00:00"}
{"command": ["C:\\Program Files\\nodejs\\npm.cmd", "run", "build"], "cwd": "C:\\Users\\EnesPekdas\\Desktop\\ARQV2\\LAB\\Arq-lab\\generated\\M6\\customer-portal-node-tls", "event": "command.start", "ts": "2026-03-30T23:52:13.751497+00:00"}
{"command": ["C:\\Program Files\\nodejs\\npm.cmd", "run", "build"], "cwd": "C:\\Users\\EnesPekdas\\Desktop\\ARQV2\\LAB\\Arq-lab\\generated\\M6\\customer-portal-node-tls", "event": "command.finish", "returncode": 0, "ts": "2026-03-30T23:52:18.918339+00:00"}
{"command": ["C:\\Program Files\\nodejs\\npm.cmd", "test", "--", "--runInBand"], "cwd": "C:\\Users\\EnesPekdas\\Desktop\\ARQV2\\LAB\\Arq-lab\\generated\\M6\\customer-portal-node-tls", "event": "command.start", "ts": "2026-03-30T23:52:18.920905+00:00"}
{"command": ["C:\\Program Files\\nodejs\\npm.cmd", "test", "--", "--runInBand"], "cwd": "C:\\Users\\EnesPekdas\\Desktop\\ARQV2\\LAB\\Arq-lab\\generated\\M6\\customer-portal-node-tls", "event": "command.finish", "returncode": 0, "ts": "2026-03-30T23:52:24.820049+00:00"}
{"command": ["C:\\Program Files\\nodejs\\node.exe", "dist/scripts/smoke.js"], "cwd": "C:\\Users\\EnesPekdas\\Desktop\\ARQV2\\LAB\\Arq-lab\\generated\\M6\\customer-portal-node-tls", "event": "command.start", "ts": "2026-03-30T23:52:24.822914+00:00"}
{"command": ["C:\\Program Files\\nodejs\\node.exe", "dist/scripts/smoke.js"], "cwd": "C:\\Users\\EnesPekdas\\Desktop\\ARQV2\\LAB\\Arq-lab\\generated\\M6\\customer-portal-node-tls", "event": "command.finish", "returncode": 0, "ts": "2026-03-30T23:52:24.872936+00:00"}
{"command": ["C:\\Program Files\\Git\\cmd\\git.exe", "remote"], "cwd": "C:\\Users\\EnesPekdas\\Desktop\\ARQV2\\LAB\\Arq-lab\\generated\\M6\\customer-portal-node-tls", "event": "command.start", "ts": "2026-03-30T23:52:25.015142+00:00"}
{"command": ["C:\\Program Files\\Git\\cmd\\git.exe", "remote"], "cwd": "C:\\Users\\EnesPekdas\\Desktop\\ARQV2\\LAB\\Arq-lab\\generated\\M6\\customer-portal-node-tls", "event": "command.finish", "returncode": 0, "ts": "2026-03-30T23:52:25.050601+00:00"}
{"command": ["C:\\Program Files\\Git\\cmd\\git.exe", "remote", "add", "origin", "http://arq:arq@localhost:3001/arq/customer-portal-node-tls-20260330t235154z.git"], "cwd": "C:\\Users\\EnesPekdas\\Desktop\\ARQV2\\LAB\\Arq-lab\\generated\\M6\\customer-portal-node-tls", "event": "command.start", "ts": "2026-03-30T23:52:25.052287+00:00"}
{"command": ["C:\\Program Files\\Git\\cmd\\git.exe", "remote", "add", "origin", "http://arq:arq@localhost:3001/arq/customer-portal-node-tls-20260330t235154z.git"], "cwd": "C:\\Users\\EnesPekdas\\Desktop\\ARQV2\\LAB\\Arq-lab\\generated\\M6\\customer-portal-node-tls", "event": "command.finish", "returncode": 0, "ts": "2026-03-30T23:52:25.096333+00:00"}
{"command": ["C:\\Program Files\\Git\\cmd\\git.exe", "push", "--force", "--all", "origin"], "cwd": "C:\\Users\\EnesPekdas\\Desktop\\ARQV2\\LAB\\Arq-lab\\generated\\M6\\customer-portal-node-tls", "event": "command.start", "ts": "2026-03-30T23:52:25.097126+00:00"}
{"command": ["C:\\Program Files\\Git\\cmd\\git.exe", "push", "--force", "--all", "origin"], "cwd": "C:\\Users\\EnesPekdas\\Desktop\\ARQV2\\LAB\\Arq-lab\\generated\\M6\\customer-portal-node-tls", "event": "command.finish", "returncode": 0, "ts": "2026-03-30T23:52:25.966927+00:00"}
{"command": ["C:\\Program Files\\Git\\cmd\\git.exe", "push", "--force", "--tags", "origin"], "cwd": "C:\\Users\\EnesPekdas\\Desktop\\ARQV2\\LAB\\Arq-lab\\generated\\M6\\customer-portal-node-tls", "event": "command.start", "ts": "2026-03-30T23:52:25.968241+00:00"}
{"command": ["C:\\Program Files\\Git\\cmd\\git.exe", "push", "--force", "--tags", "origin"], "cwd": "C:\\Users\\EnesPekdas\\Desktop\\ARQV2\\LAB\\Arq-lab\\generated\\M6\\customer-portal-node-tls", "event": "command.finish", "returncode": 0, "ts": "2026-03-30T23:52:26.523135+00:00"}
{"event": "scenario.finish", "milestone": "M6", "scenarioId": "Q-V6-TS-001", "ts": "2026-03-30T23:52:38.802913+00:00"}
{"event": "scenario.start", "milestone": "M6", "scenarioId": "Q-V6-CS-002", "ts": "2026-03-30T23:52:38.802982+00:00"}
{"command": ["C:\\Program Files\\Git\\cmd\\git.exe", "init", "-b", "main"], "cwd": "C:\\Users\\EnesPekdas\\Desktop\\ARQV2\\LAB\\Arq-lab\\generated\\M6\\admin-integrations-csharp", "event": "command.start", "ts": "2026-03-30T23:52:41.447734+00:00"}
{"command": ["C:\\Program Files\\Git\\cmd\\git.exe", "init", "-b", "main"], "cwd": "C:\\Users\\EnesPekdas\\Desktop\\ARQV2\\LAB\\Arq-lab\\generated\\M6\\admin-integrations-csharp", "event": "command.finish", "returncode": 0, "ts": "2026-03-30T23:52:41.505696+00:00"}
{"command": ["C:\\Program Files\\Git\\cmd\\git.exe", "config", "user.name", "ARQ Lab"], "cwd": "C:\\Users\\EnesPekdas\\Desktop\\ARQV2\\LAB\\Arq-lab\\generated\\M6\\admin-integrations-csharp", "event": "command.start", "ts": "2026-03-30T23:52:41.507021+00:00"}
{"command": ["C:\\Program Files\\Git\\cmd\\git.exe", "config", "user.name", "ARQ Lab"], "cwd": "C:\\Users\\EnesPekdas\\Desktop\\ARQV2\\LAB\\Arq-lab\\generated\\M6\\admin-integrations-csharp", "event": "command.finish", "returncode": 0, "ts": "2026-03-30T23:52:41.545288+00:00"}
{"command": ["C:\\Program Files\\Git\\cmd\\git.exe", "config", "user.email", "lab@arq.local"], "cwd": "C:\\Users\\EnesPekdas\\Desktop\\ARQV2\\LAB\\Arq-lab\\generated\\M6\\admin-integrations-csharp", "event": "command.start", "ts": "2026-03-30T23:52:41.546056+00:00"}
{"command": ["C:\\Program Files\\Git\\cmd\\git.exe", "config", "user.email", "lab@arq.local"], "cwd": "C:\\Users\\EnesPekdas\\Desktop\\ARQV2\\LAB\\Arq-lab\\generated\\M6\\admin-integrations-csharp", "event": "command.finish", "returncode": 0, "ts": "2026-03-30T23:52:41.585103+00:00"}
{"command": ["C:\\Program Files\\Git\\cmd\\git.exe", "add", "."], "cwd": "C:\\Users\\EnesPekdas\\Desktop\\ARQV2\\LAB\\Arq-lab\\generated\\M6\\admin-integrations-csharp", "event": "command.start", "ts": "2026-03-30T23:52:41.586377+00:00"}
{"command": ["C:\\Program Files\\Git\\cmd\\git.exe", "add", "."], "cwd": "C:\\Users\\EnesPekdas\\Desktop\\ARQV2\\LAB\\Arq-lab\\generated\\M6\\admin-integrations-csharp", "event": "command.finish", "returncode": 0, "ts": "2026-03-30T23:52:41.996907+00:00"}
{"command": ["C:\\Program Files\\Git\\cmd\\git.exe", "commit", "-m", "bootstrap Q-V6-CS-002"], "cwd": "C:\\Users\\EnesPekdas\\Desktop\\ARQV2\\LAB\\Arq-lab\\generated\\M6\\admin-integrations-csharp", "event": "command.start", "ts": "2026-03-30T23:52:42.000714+00:00"}
{"command": ["C:\\Program Files\\Git\\cmd\\git.exe", "commit", "-m", "bootstrap Q-V6-CS-002"], "cwd": "C:\\Users\\EnesPekdas\\Desktop\\ARQV2\\LAB\\Arq-lab\\generated\\M6\\admin-integrations-csharp", "event": "command.finish", "returncode": 0, "ts": "2026-03-30T23:52:42.160399+00:00"}
{"command": ["C:\\Program Files\\Git\\cmd\\git.exe", "rev-parse", "HEAD"], "cwd": "C:\\Users\\EnesPekdas\\Desktop\\ARQV2\\LAB\\Arq-lab\\generated\\M6\\admin-integrations-csharp", "event": "command.start", "ts": "2026-03-30T23:52:42.161675+00:00"}
{"command": ["C:\\Program Files\\Git\\cmd\\git.exe", "rev-parse", "HEAD"], "cwd": "C:\\Users\\EnesPekdas\\Desktop\\ARQV2\\LAB\\Arq-lab\\generated\\M6\\admin-integrations-csharp", "event": "command.finish", "returncode": 0, "ts": "2026-03-30T23:52:42.200643+00:00"}
{"command": ["C:\\Program Files\\Git\\cmd\\git.exe", "rev-parse", "HEAD"], "cwd": "C:\\Users\\EnesPekdas\\Desktop\\ARQV2\\LAB\\Arq-lab\\generated\\M6\\admin-integrations-csharp", "event": "command.start", "ts": "2026-03-30T23:52:43.127345+00:00"}
{"command": ["C:\\Program Files\\Git\\cmd\\git.exe", "rev-parse", "HEAD"], "cwd": "C:\\Users\\EnesPekdas\\Desktop\\ARQV2\\LAB\\Arq-lab\\generated\\M6\\admin-integrations-csharp", "event": "command.finish", "returncode": 0, "ts": "2026-03-30T23:52:43.168199+00:00"}
{"command": ["C:\\Program Files\\Git\\cmd\\git.exe", "for-each-ref", "--format=%(refname:short) %(objectname)", "refs/heads"], "cwd": "C:\\Users\\EnesPekdas\\Desktop\\ARQV2\\LAB\\Arq-lab\\generated\\M6\\admin-integrations-csharp", "event": "command.start", "ts": "2026-03-30T23:52:43.169445+00:00"}
{"command": ["C:\\Program Files\\Git\\cmd\\git.exe", "for-each-ref", "--format=%(refname:short) %(objectname)", "refs/heads"], "cwd": "C:\\Users\\EnesPekdas\\Desktop\\ARQV2\\LAB\\Arq-lab\\generated\\M6\\admin-integrations-csharp", "event": "command.finish", "returncode": 0, "ts": "2026-03-30T23:52:43.212058+00:00"}
{"command": ["C:\\Program Files\\Git\\cmd\\git.exe", "log", "--all", "--date=iso-strict", "--pretty=format:%H%x1f%an%x1f%ae%x1f%ad%x1f%s"], "cwd": "C:\\Users\\EnesPekdas\\Desktop\\ARQV2\\LAB\\Arq-lab\\generated\\M6\\admin-integrations-csharp", "event": "command.start", "ts": "2026-03-30T23:52:43.212943+00:00"}
{"command": ["C:\\Program Files\\Git\\cmd\\git.exe", "log", "--all", "--date=iso-strict", "--pretty=format:%H%x1f%an%x1f%ae%x1f%ad%x1f%s"], "cwd": "C:\\Users\\EnesPekdas\\Desktop\\ARQV2\\LAB\\Arq-lab\\generated\\M6\\admin-integrations-csharp", "event": "command.finish", "returncode": 0, "ts": "2026-03-30T23:52:43.258741+00:00"}
{"branches": ["main"], "event": "git.manifest", "repo": "C:\\Users\\EnesPekdas\\Desktop\\ARQV2\\LAB\\Arq-lab\\generated\\M6\\admin-integrations-csharp", "ts": "2026-03-30T23:52:43.258869+00:00"}
{"command": ["C:\\Users\\EnesPekdas\\Desktop\\ARQV2\\LAB\\Arq-lab\\.toolchains\\dotnet\\dotnet.exe", "restore", "src/AppHost/AppHost.csproj"], "cwd": "C:\\Users\\EnesPekdas\\Desktop\\ARQV2\\LAB\\Arq-lab\\generated\\M6\\admin-integrations-csharp", "event": "command.start", "ts": "2026-03-30T23:52:43.270205+00:00"}
{"command": ["C:\\Users\\EnesPekdas\\Desktop\\ARQV2\\LAB\\Arq-lab\\.toolchains\\dotnet\\dotnet.exe", "restore", "src/AppHost/AppHost.csproj"], "cwd": "C:\\Users\\EnesPekdas\\Desktop\\ARQV2\\LAB\\Arq-lab\\generated\\M6\\admin-integrations-csharp", "event": "command.finish", "returncode": 0, "ts": "2026-03-30T23:52:44.376689+00:00"}
{"command": ["C:\\Users\\EnesPekdas\\Desktop\\ARQV2\\LAB\\Arq-lab\\.toolchains\\dotnet\\dotnet.exe", "build", "src/AppHost/AppHost.csproj", "-c", "Release"], "cwd": "C:\\Users\\EnesPekdas\\Desktop\\ARQV2\\LAB\\Arq-lab\\generated\\M6\\admin-integrations-csharp", "event": "command.start", "ts": "2026-03-30T23:52:44.378931+00:00"}
{"command": ["C:\\Users\\EnesPekdas\\Desktop\\ARQV2\\LAB\\Arq-lab\\.toolchains\\dotnet\\dotnet.exe", "build", "src/AppHost/AppHost.csproj", "-c", "Release"], "cwd": "C:\\Users\\EnesPekdas\\Desktop\\ARQV2\\LAB\\Arq-lab\\generated\\M6\\admin-integrations-csharp", "event": "command.finish", "returncode": 0, "ts": "2026-03-30T23:52:48.921311+00:00"}
{"command": ["C:\\Users\\EnesPekdas\\Desktop\\ARQV2\\LAB\\Arq-lab\\.toolchains\\dotnet\\dotnet.exe", "test", "tests/AppHost.Tests/AppHost.Tests.csproj", "-c", "Release", "--no-build"], "cwd": "C:\\Users\\EnesPekdas\\Desktop\\ARQV2\\LAB\\Arq-lab\\generated\\M6\\admin-integrations-csharp", "event": "command.start", "ts": "2026-03-30T23:52:48.923947+00:00"}
{"command": ["C:\\Users\\EnesPekdas\\Desktop\\ARQV2\\LAB\\Arq-lab\\.toolchains\\dotnet\\dotnet.exe", "test", "tests/AppHost.Tests/AppHost.Tests.csproj", "-c", "Release", "--no-build"], "cwd": "C:\\Users\\EnesPekdas\\Desktop\\ARQV2\\LAB\\Arq-lab\\generated\\M6\\admin-integrations-csharp", "event": "command.finish", "returncode": 0, "ts": "2026-03-30T23:52:49.555404+00:00"}
{"command": ["C:\\Users\\EnesPekdas\\Desktop\\ARQV2\\LAB\\Arq-lab\\.toolchains\\dotnet\\dotnet.exe", "run", "--project", "src/AppHost/AppHost.csproj", "--", "--smoke"], "cwd": "C:\\Users\\EnesPekdas\\Desktop\\ARQV2\\LAB\\Arq-lab\\generated\\M6\\admin-integrations-csharp", "event": "command.start", "ts": "2026-03-30T23:52:49.561683+00:00"}
{"command": ["C:\\Users\\EnesPekdas\\Desktop\\ARQV2\\LAB\\Arq-lab\\.toolchains\\dotnet\\dotnet.exe", "run", "--project", "src/AppHost/AppHost.csproj", "--", "--smoke"], "cwd": "C:\\Users\\EnesPekdas\\Desktop\\ARQV2\\LAB\\Arq-lab\\generated\\M6\\admin-integrations-csharp", "event": "command.finish", "returncode": 0, "ts": "2026-03-30T23:52:52.370521+00:00"}
{"command": ["C:\\Program Files\\Git\\cmd\\git.exe", "remote"], "cwd": "C:\\Users\\EnesPekdas\\Desktop\\ARQV2\\LAB\\Arq-lab\\generated\\M6\\admin-integrations-csharp", "event": "command.start", "ts": "2026-03-30T23:52:52.474314+00:00"}
{"command": ["C:\\Program Files\\Git\\cmd\\git.exe", "remote"], "cwd": "C:\\Users\\EnesPekdas\\Desktop\\ARQV2\\LAB\\Arq-lab\\generated\\M6\\admin-integrations-csharp", "event": "command.finish", "returncode": 0, "ts": "2026-03-30T23:52:52.522446+00:00"}
{"command": ["C:\\Program Files\\Git\\cmd\\git.exe", "remote", "add", "origin", "http://arq:arq@localhost:3001/arq/admin-integrations-csharp-20260330t235154z.git"], "cwd": "C:\\Users\\EnesPekdas\\Desktop\\ARQV2\\LAB\\Arq-lab\\generated\\M6\\admin-integrations-csharp", "event": "command.start", "ts": "2026-03-30T23:52:52.523553+00:00"}
{"command": ["C:\\Program Files\\Git\\cmd\\git.exe", "remote", "add", "origin", "http://arq:arq@localhost:3001/arq/admin-integrations-csharp-20260330t235154z.git"], "cwd": "C:\\Users\\EnesPekdas\\Desktop\\ARQV2\\LAB\\Arq-lab\\generated\\M6\\admin-integrations-csharp", "event": "command.finish", "returncode": 0, "ts": "2026-03-30T23:52:52.574050+00:00"}
{"command": ["C:\\Program Files\\Git\\cmd\\git.exe", "push", "--force", "--all", "origin"], "cwd": "C:\\Users\\EnesPekdas\\Desktop\\ARQV2\\LAB\\Arq-lab\\generated\\M6\\admin-integrations-csharp", "event": "command.start", "ts": "2026-03-30T23:52:52.575591+00:00"}
{"command": ["C:\\Program Files\\Git\\cmd\\git.exe", "push", "--force", "--all", "origin"], "cwd": "C:\\Users\\EnesPekdas\\Desktop\\ARQV2\\LAB\\Arq-lab\\generated\\M6\\admin-integrations-csharp", "event": "command.finish", "returncode": 0, "ts": "2026-03-30T23:52:53.410758+00:00"}
{"command": ["C:\\Program Files\\Git\\cmd\\git.exe", "push", "--force", "--tags", "origin"], "cwd": "C:\\Users\\EnesPekdas\\Desktop\\ARQV2\\LAB\\Arq-lab\\generated\\M6\\admin-integrations-csharp", "event": "command.start", "ts": "2026-03-30T23:52:53.412175+00:00"}
{"command": ["C:\\Program Files\\Git\\cmd\\git.exe", "push", "--force", "--tags", "origin"], "cwd": "C:\\Users\\EnesPekdas\\Desktop\\ARQV2\\LAB\\Arq-lab\\generated\\M6\\admin-integrations-csharp", "event": "command.finish", "returncode": 0, "ts": "2026-03-30T23:52:53.874595+00:00"}
{"event": "scenario.finish", "milestone": "M6", "scenarioId": "Q-V6-CS-002", "ts": "2026-03-30T23:53:05.716735+00:00"}
{"event": "scenario.start", "milestone": "M6", "scenarioId": "Q-V6-CONFIG-003", "ts": "2026-03-30T23:53:05.716804+00:00"}
{"command": ["C:\\Program Files\\Git\\cmd\\git.exe", "init", "-b", "main"], "cwd": "C:\\Users\\EnesPekdas\\Desktop\\ARQV2\\LAB\\Arq-lab\\generated\\M6\\edge-gateway-config", "event": "command.start", "ts": "2026-03-30T23:53:07.960746+00:00"}
{"command": ["C:\\Program Files\\Git\\cmd\\git.exe", "init", "-b", "main"], "cwd": "C:\\Users\\EnesPekdas\\Desktop\\ARQV2\\LAB\\Arq-lab\\generated\\M6\\edge-gateway-config", "event": "command.finish", "returncode": 0, "ts": "2026-03-30T23:53:08.024096+00:00"}
{"command": ["C:\\Program Files\\Git\\cmd\\git.exe", "config", "user.name", "ARQ Lab"], "cwd": "C:\\Users\\EnesPekdas\\Desktop\\ARQV2\\LAB\\Arq-lab\\generated\\M6\\edge-gateway-config", "event": "command.start", "ts": "2026-03-30T23:53:08.025059+00:00"}
{"command": ["C:\\Program Files\\Git\\cmd\\git.exe", "config", "user.name", "ARQ Lab"], "cwd": "C:\\Users\\EnesPekdas\\Desktop\\ARQV2\\LAB\\Arq-lab\\generated\\M6\\edge-gateway-config", "event": "command.finish", "returncode": 0, "ts": "2026-03-30T23:53:08.059972+00:00"}
{"command": ["C:\\Program Files\\Git\\cmd\\git.exe", "config", "user.email", "lab@arq.local"], "cwd": "C:\\Users\\EnesPekdas\\Desktop\\ARQV2\\LAB\\Arq-lab\\generated\\M6\\edge-gateway-config", "event": "command.start", "ts": "2026-03-30T23:53:08.061082+00:00"}
{"command": ["C:\\Program Files\\Git\\cmd\\git.exe", "config", "user.email", "lab@arq.local"], "cwd": "C:\\Users\\EnesPekdas\\Desktop\\ARQV2\\LAB\\Arq-lab\\generated\\M6\\edge-gateway-config", "event": "command.finish", "returncode": 0, "ts": "2026-03-30T23:53:08.095133+00:00"}
{"command": ["C:\\Program Files\\Git\\cmd\\git.exe", "add", "."], "cwd": "C:\\Users\\EnesPekdas\\Desktop\\ARQV2\\LAB\\Arq-lab\\generated\\M6\\edge-gateway-config", "event": "command.start", "ts": "2026-03-30T23:53:08.097145+00:00"}
{"command": ["C:\\Program Files\\Git\\cmd\\git.exe", "add", "."], "cwd": "C:\\Users\\EnesPekdas\\Desktop\\ARQV2\\LAB\\Arq-lab\\generated\\M6\\edge-gateway-config", "event": "command.finish", "returncode": 0, "ts": "2026-03-30T23:53:08.540573+00:00"}
{"command": ["C:\\Program Files\\Git\\cmd\\git.exe", "commit", "-m", "bootstrap Q-V6-CONFIG-003"], "cwd": "C:\\Users\\EnesPekdas\\Desktop\\ARQV2\\LAB\\Arq-lab\\generated\\M6\\edge-gateway-config", "event": "command.start", "ts": "2026-03-30T23:53:08.541644+00:00"}
{"command": ["C:\\Program Files\\Git\\cmd\\git.exe", "commit", "-m", "bootstrap Q-V6-CONFIG-003"], "cwd": "C:\\Users\\EnesPekdas\\Desktop\\ARQV2\\LAB\\Arq-lab\\generated\\M6\\edge-gateway-config", "event": "command.finish", "returncode": 0, "ts": "2026-03-30T23:53:08.685112+00:00"}
{"command": ["C:\\Program Files\\Git\\cmd\\git.exe", "rev-parse", "HEAD"], "cwd": "C:\\Users\\EnesPekdas\\Desktop\\ARQV2\\LAB\\Arq-lab\\generated\\M6\\edge-gateway-config", "event": "command.start", "ts": "2026-03-30T23:53:08.686102+00:00"}
{"command": ["C:\\Program Files\\Git\\cmd\\git.exe", "rev-parse", "HEAD"], "cwd": "C:\\Users\\EnesPekdas\\Desktop\\ARQV2\\LAB\\Arq-lab\\generated\\M6\\edge-gateway-config", "event": "command.finish", "returncode": 0, "ts": "2026-03-30T23:53:08.732187+00:00"}
{"command": ["C:\\Program Files\\Git\\cmd\\git.exe", "rev-parse", "HEAD"], "cwd": "C:\\Users\\EnesPekdas\\Desktop\\ARQV2\\LAB\\Arq-lab\\generated\\M6\\edge-gateway-config", "event": "command.start", "ts": "2026-03-30T23:53:10.027479+00:00"}
{"command": ["C:\\Program Files\\Git\\cmd\\git.exe", "rev-parse", "HEAD"], "cwd": "C:\\Users\\EnesPekdas\\Desktop\\ARQV2\\LAB\\Arq-lab\\generated\\M6\\edge-gateway-config", "event": "command.finish", "returncode": 0, "ts": "2026-03-30T23:53:10.075153+00:00"}
{"command": ["C:\\Program Files\\Git\\cmd\\git.exe", "for-each-ref", "--format=%(refname:short) %(objectname)", "refs/heads"], "cwd": "C:\\Users\\EnesPekdas\\Desktop\\ARQV2\\LAB\\Arq-lab\\generated\\M6\\edge-gateway-config", "event": "command.start", "ts": "2026-03-30T23:53:10.077051+00:00"}
{"command": ["C:\\Program Files\\Git\\cmd\\git.exe", "for-each-ref", "--format=%(refname:short) %(objectname)", "refs/heads"], "cwd": "C:\\Users\\EnesPekdas\\Desktop\\ARQV2\\LAB\\Arq-lab\\generated\\M6\\edge-gateway-config", "event": "command.finish", "returncode": 0, "ts": "2026-03-30T23:53:10.122222+00:00"}
{"command": ["C:\\Program Files\\Git\\cmd\\git.exe", "log", "--all", "--date=iso-strict", "--pretty=format:%H%x1f%an%x1f%ae%x1f%ad%x1f%s"], "cwd": "C:\\Users\\EnesPekdas\\Desktop\\ARQV2\\LAB\\Arq-lab\\generated\\M6\\edge-gateway-config", "event": "command.start", "ts": "2026-03-30T23:53:10.123142+00:00"}
{"command": ["C:\\Program Files\\Git\\cmd\\git.exe", "log", "--all", "--date=iso-strict", "--pretty=format:%H%x1f%an%x1f%ae%x1f%ad%x1f%s"], "cwd": "C:\\Users\\EnesPekdas\\Desktop\\ARQV2\\LAB\\Arq-lab\\generated\\M6\\edge-gateway-config", "event": "command.finish", "returncode": 0, "ts": "2026-03-30T23:53:10.174614+00:00"}
{"branches": ["main"], "event": "git.manifest", "repo": "C:\\Users\\EnesPekdas\\Desktop\\ARQV2\\LAB\\Arq-lab\\generated\\M6\\edge-gateway-config", "ts": "2026-03-30T23:53:10.174729+00:00"}
{"command": ["C:\\Python313\\python.EXE", "scripts/validate_repo.py"], "cwd": "C:\\Users\\EnesPekdas\\Desktop\\ARQV2\\LAB\\Arq-lab\\generated\\M6\\edge-gateway-config", "event": "command.start", "ts": "2026-03-30T23:53:10.197803+00:00"}
{"command": ["C:\\Python313\\python.EXE", "scripts/validate_repo.py"], "cwd": "C:\\Users\\EnesPekdas\\Desktop\\ARQV2\\LAB\\Arq-lab\\generated\\M6\\edge-gateway-config", "event": "command.finish", "returncode": 0, "ts": "2026-03-30T23:53:10.256796+00:00"}
{"command": ["C:\\Python313\\python.EXE", "-m", "pytest", "-q"], "cwd": "C:\\Users\\EnesPekdas\\Desktop\\ARQV2\\LAB\\Arq-lab\\generated\\M6\\edge-gateway-config", "event": "command.start", "ts": "2026-03-30T23:53:10.266997+00:00"}
{"command": ["C:\\Python313\\python.EXE", "-m", "pytest", "-q"], "cwd": "C:\\Users\\EnesPekdas\\Desktop\\ARQV2\\LAB\\Arq-lab\\generated\\M6\\edge-gateway-config", "event": "command.finish", "returncode": 0, "ts": "2026-03-30T23:53:10.846876+00:00"}
{"command": ["C:\\Windows\\System32\\WindowsPowerShell\\v1.0\\powershell.exe", "-ExecutionPolicy", "Bypass", "-File", "scripts/smoke.ps1"], "cwd": "C:\\Users\\EnesPekdas\\Desktop\\ARQV2\\LAB\\Arq-lab\\generated\\M6\\edge-gateway-config", "event": "command.start", "ts": "2026-03-30T23:53:10.850606+00:00"}
{"command": ["C:\\Windows\\System32\\WindowsPowerShell\\v1.0\\powershell.exe", "-ExecutionPolicy", "Bypass", "-File", "scripts/smoke.ps1"], "cwd": "C:\\Users\\EnesPekdas\\Desktop\\ARQV2\\LAB\\Arq-lab\\generated\\M6\\edge-gateway-config", "event": "command.finish", "returncode": 0, "ts": "2026-03-30T23:53:11.167500+00:00"}
{"command": ["C:\\Program Files\\Git\\cmd\\git.exe", "remote"], "cwd": "C:\\Users\\EnesPekdas\\Desktop\\ARQV2\\LAB\\Arq-lab\\generated\\M6\\edge-gateway-config", "event": "command.start", "ts": "2026-03-30T23:53:11.263766+00:00"}
{"command": ["C:\\Program Files\\Git\\cmd\\git.exe", "remote"], "cwd": "C:\\Users\\EnesPekdas\\Desktop\\ARQV2\\LAB\\Arq-lab\\generated\\M6\\edge-gateway-config", "event": "command.finish", "returncode": 0, "ts": "2026-03-30T23:53:11.307450+00:00"}
{"command": ["C:\\Program Files\\Git\\cmd\\git.exe", "remote", "add", "origin", "http://arq:arq@localhost:3001/arq/edge-gateway-config-20260330t235154z.git"], "cwd": "C:\\Users\\EnesPekdas\\Desktop\\ARQV2\\LAB\\Arq-lab\\generated\\M6\\edge-gateway-config", "event": "command.start", "ts": "2026-03-30T23:53:11.308862+00:00"}
{"command": ["C:\\Program Files\\Git\\cmd\\git.exe", "remote", "add", "origin", "http://arq:arq@localhost:3001/arq/edge-gateway-config-20260330t235154z.git"], "cwd": "C:\\Users\\EnesPekdas\\Desktop\\ARQV2\\LAB\\Arq-lab\\generated\\M6\\edge-gateway-config", "event": "command.finish", "returncode": 0, "ts": "2026-03-30T23:53:11.361622+00:00"}
{"command": ["C:\\Program Files\\Git\\cmd\\git.exe", "push", "--force", "--all", "origin"], "cwd": "C:\\Users\\EnesPekdas\\Desktop\\ARQV2\\LAB\\Arq-lab\\generated\\M6\\edge-gateway-config", "event": "command.start", "ts": "2026-03-30T23:53:11.362673+00:00"}
{"command": ["C:\\Program Files\\Git\\cmd\\git.exe", "push", "--force", "--all", "origin"], "cwd": "C:\\Users\\EnesPekdas\\Desktop\\ARQV2\\LAB\\Arq-lab\\generated\\M6\\edge-gateway-config", "event": "command.finish", "returncode": 0, "ts": "2026-03-30T23:53:12.244702+00:00"}
{"command": ["C:\\Program Files\\Git\\cmd\\git.exe", "push", "--force", "--tags", "origin"], "cwd": "C:\\Users\\EnesPekdas\\Desktop\\ARQV2\\LAB\\Arq-lab\\generated\\M6\\edge-gateway-config", "event": "command.start", "ts": "2026-03-30T23:53:12.246197+00:00"}
{"command": ["C:\\Program Files\\Git\\cmd\\git.exe", "push", "--force", "--tags", "origin"], "cwd": "C:\\Users\\EnesPekdas\\Desktop\\ARQV2\\LAB\\Arq-lab\\generated\\M6\\edge-gateway-config", "event": "command.finish", "returncode": 0, "ts": "2026-03-30T23:53:12.634099+00:00"}
{"event": "scenario.finish", "milestone": "M6", "scenarioId": "Q-V6-CONFIG-003", "ts": "2026-03-30T23:53:24.087597+00:00"}
