{"event": "scenario.start", "milestone": "M8", "scenarioId": "M-V8-001", "ts": "2026-03-30T23:53:30.355390+00:00"}
{"command": ["C:\\Program Files\\Git\\cmd\\git.exe", "init", "-b", "main"], "cwd": "C:\\Users\\EnesPekdas\\Desktop\\ARQV2\\LAB\\Arq-lab\\generated\\M8\\internal-platform-monorepo", "event": "command.start", "ts": "2026-03-30T23:53:41.429828+00:00"}
{"command": ["C:\\Program Files\\Git\\cmd\\git.exe", "init", "-b", "main"], "cwd": "C:\\Users\\EnesPekdas\\Desktop\\ARQV2\\LAB\\Arq-lab\\generated\\M8\\internal-platform-monorepo", "event": "command.finish", "returncode": 0, "ts": "2026-03-30T23:53:41.499077+00:00"}
{"command": ["C:\\Program Files\\Git\\cmd\\git.exe", "config", "user.name", "ARQ Lab"], "cwd": "C:\\Users\\EnesPekdas\\Desktop\\ARQV2\\LAB\\Arq-lab\\generated\\M8\\internal-platform-monorepo", "event": "command.start", "ts": "2026-03-30T23:53:41.500483+00:00"}
{"command": ["C:\\Program Files\\Git\\cmd\\git.exe", "config", "user.name", "ARQ Lab"], "cwd": "C:\\Users\\EnesPekdas\\Desktop\\ARQV2\\LAB\\Arq-lab\\generated\\M8\\internal-platform-monorepo", "event": "command.finish", "returncode": 0, "ts": "2026-03-30T23:53:41.541375+00:00"}
{"command": ["C:\\Program Files\\Git\\cmd\\git.exe", "config", "user.email", "lab@arq.local"], "cwd": "C:\\Users\\EnesPekdas\\Desktop\\ARQV2\\LAB\\Arq-lab\\generated\\M8\\internal-platform-monorepo", "event": "command.start", "ts": "2026-03-30T23:53:41.542517+00:00"}
{"command": ["C:\\Program Files\\Git\\cmd\\git.exe", "config", "user.email", "lab@arq.local"], "cwd": "C:\\Users\\EnesPekdas\\Desktop\\ARQV2\\LAB\\Arq-lab\\generated\\M8\\internal-platform-monorepo", "event": "command.finish", "returncode": 0, "ts": "2026-03-30T23:53:41.595558+00:00"}
{"command": ["C:\\Program Files\\Git\\cmd\\git.exe", "add", "."], "cwd": "C:\\Users\\EnesPekdas\\Desktop\\ARQV2\\LAB\\Arq-lab\\generated\\M8\\internal-platform-monorepo", "event": "command.start", "ts": "2026-03-30T23:53:41.596841+00:00"}
{"command": ["C:\\Program Files\\Git\\cmd\\git.exe", "add", "."], "cwd": "C:\\Users\\EnesPekdas\\Desktop\\ARQV2\\LAB\\Arq-lab\\generated\\M8\\internal-platform-monorepo", "event": "command.finish", "returncode": 0, "ts": "2026-03-30T23:53:42.553994+00:00"}
{"command": ["C:\\Program Files\\Git\\cmd\\git.exe", "commit", "-m", "bootstrap M-V8-001"], "cwd": "C:\\Users\\EnesPekdas\\Desktop\\ARQV2\\LAB\\Arq-lab\\generated\\M8\\internal-platform-monorepo", "event": "command.start", "ts": "2026-03-30T23:53:42.554990+00:00"}
{"command": ["C:\\Program Files\\Git\\cmd\\git.exe", "commit", "-m", "bootstrap M-V8-001"], "cwd": "C:\\Users\\EnesPekdas\\Desktop\\ARQV2\\LAB\\Arq-lab\\generated\\M8\\internal-platform-monorepo", "event": "command.finish", "returncode": 0, "ts": "2026-03-30T23:53:42.847805+00:00"}
{"command": ["C:\\Program Files\\Git\\cmd\\git.exe", "rev-parse", "HEAD"], "cwd": "C:\\Users\\EnesPekdas\\Desktop\\ARQV2\\LAB\\Arq-lab\\generated\\M8\\internal-platform-monorepo", "event": "command.start", "ts": "2026-03-30T23:53:42.849481+00:00"}
{"command": ["C:\\Program Files\\Git\\cmd\\git.exe", "rev-parse", "HEAD"], "cwd": "C:\\Users\\EnesPekdas\\Desktop\\ARQV2\\LAB\\Arq-lab\\generated\\M8\\internal-platform-monorepo", "event": "command.finish", "returncode": 0, "ts": "2026-03-30T23:53:42.894362+00:00"}
{"command": ["C:\\Program Files\\Git\\cmd\\git.exe", "rev-parse", "HEAD"], "cwd": "C:\\Users\\EnesPekdas\\Desktop\\ARQV2\\LAB\\Arq-lab\\generated\\M8\\internal-platform-monorepo", "event": "command.start", "ts": "2026-03-30T23:53:45.344235+00:00"}
{"command": ["C:\\Program Files\\Git\\cmd\\git.exe", "rev-parse", "HEAD"], "cwd": "C:\\Users\\EnesPekdas\\Desktop\\ARQV2\\LAB\\Arq-lab\\generated\\M8\\internal-platform-monorepo", "event": "command.finish", "returncode": 0, "ts": "2026-03-30T23:53:45.377478+00:00"}
{"command": ["C:\\Program Files\\Git\\cmd\\git.exe", "for-each-ref", "--format=%(refname:short) %(objectname)", "refs/heads"], "cwd": "C:\\Users\\EnesPekdas\\Desktop\\ARQV2\\LAB\\Arq-lab\\generated\\M8\\internal-platform-monorepo", "event": "command.start", "ts": "2026-03-30T23:53:45.378081+00:00"}
{"command": ["C:\\Program Files\\Git\\cmd\\git.exe", "for-each-ref", "--format=%(refname:short) %(objectname)", "refs/heads"], "cwd": "C:\\Users\\EnesPekdas\\Desktop\\ARQV2\\LAB\\Arq-lab\\generated\\M8\\internal-platform-monorepo", "event": "command.finish", "returncode": 0, "ts": "2026-03-30T23:53:45.413535+00:00"}
{"command": ["C:\\Program Files\\Git\\cmd\\git.exe", "log", "--all", "--date=iso-strict", "--pretty=format:%H%x1f%an%x1f%ae%x1f%ad%x1f%s"], "cwd": "C:\\Users\\EnesPekdas\\Desktop\\ARQV2\\LAB\\Arq-lab\\generated\\M8\\internal-platform-monorepo", "event": "command.start", "ts": "2026-03-30T23:53:45.414800+00:00"}
{"command": ["C:\\Program Files\\Git\\cmd\\git.exe", "log", "--all", "--date=iso-strict", "--pretty=format:%H%x1f%an%x1f%ae%x1f%ad%x1f%s"], "cwd": "C:\\Users\\EnesPekdas\\Desktop\\ARQV2\\LAB\\Arq-lab\\generated\\M8\\internal-platform-monorepo", "event": "command.finish", "returncode": 0, "ts": "2026-03-30T23:53:45.453328+00:00"}
{"branches": ["main"], "event": "git.manifest", "repo": "C:\\Users\\EnesPekdas\\Desktop\\ARQV2\\LAB\\Arq-lab\\generated\\M8\\internal-platform-monorepo", "ts": "2026-03-30T23:53:45.453436+00:00"}
{"command": ["C:\\maven\\apache-maven-3.9.12\\bin\\mvn.cmd", "-q", "-f", "services/platform-java/pom.xml", "-DskipTests", "compile"], "cwd": "C:\\Users\\EnesPekdas\\Desktop\\ARQV2\\LAB\\Arq-lab\\generated\\M8\\internal-platform-monorepo", "event": "command.start", "ts": "2026-03-30T23:53:45.461441+00:00"}
{"command": ["C:\\maven\\apache-maven-3.9.12\\bin\\mvn.cmd", "-q", "-f", "services/platform-java/pom.xml", "-DskipTests", "compile"], "cwd": "C:\\Users\\EnesPekdas\\Desktop\\ARQV2\\LAB\\Arq-lab\\generated\\M8\\internal-platform-monorepo", "event": "command.finish", "returncode": 0, "ts": "2026-03-30T23:53:51.666921+00:00"}
{"command": ["C:\\Windows\\System32\\WindowsPowerShell\\v1.0\\powershell.exe", "-NoProfile", "-Command", "Set-Location 'apps/admin-api'; npm install --silent"], "cwd": "C:\\Users\\EnesPekdas\\Desktop\\ARQV2\\LAB\\Arq-lab\\generated\\M8\\internal-platform-monorepo", "event": "command.start", "ts": "2026-03-30T23:53:51.669937+00:00"}
{"command": ["C:\\Windows\\System32\\WindowsPowerShell\\v1.0\\powershell.exe", "-NoProfile", "-Command", "Set-Location 'apps/admin-api'; npm install --silent"], "cwd": "C:\\Users\\EnesPekdas\\Desktop\\ARQV2\\LAB\\Arq-lab\\generated\\M8\\internal-platform-monorepo", "event": "command.finish", "returncode": 0, "ts": "2026-03-30T23:54:01.756154+00:00"}
{"command": ["C:\\Windows\\System32\\WindowsPowerShell\\v1.0\\powershell.exe", "-NoProfile", "-Command", "Set-Location 'apps/admin-api'; npm run build"], "cwd": "C:\\Users\\EnesPekdas\\Desktop\\ARQV2\\LAB\\Arq-lab\\generated\\M8\\internal-platform-monorepo", "event": "command.start", "ts": "2026-03-30T23:54:01.759252+00:00"}
{"command": ["C:\\Windows\\System32\\WindowsPowerShell\\v1.0\\powershell.exe", "-NoProfile", "-Command", "Set-Location 'apps/admin-api'; npm run build"], "cwd": "C:\\Users\\EnesPekdas\\Desktop\\ARQV2\\LAB\\Arq-lab\\generated\\M8\\internal-platform-monorepo", "event": "command.finish", "returncode": 0, "ts": "2026-03-30T23:54:07.031726+00:00"}
{"command": ["C:\\Python313\\python.EXE", "-m", "compileall", "workers/sync-worker/app", "workers/sync-worker/tests", "workers/sync-worker/scripts"], "cwd": "C:\\Users\\EnesPekdas\\Desktop\\ARQV2\\LAB\\Arq-lab\\generated\\M8\\internal-platform-monorepo", "event": "command.start", "ts": "2026-03-30T23:54:07.048604+00:00"}
{"command": ["C:\\Python313\\python.EXE", "-m", "compileall", "workers/sync-worker/app", "workers/sync-worker/tests", "workers/sync-worker/scripts"], "cwd": "C:\\Users\\EnesPekdas\\Desktop\\ARQV2\\LAB\\Arq-lab\\generated\\M8\\internal-platform-monorepo", "event": "command.finish", "returncode": 0, "ts": "2026-03-30T23:54:07.170432+00:00"}
{"command": ["C:\\maven\\apache-maven-3.9.12\\bin\\mvn.cmd", "-q", "-f", "services/platform-java/pom.xml", "test"], "cwd": "C:\\Users\\EnesPekdas\\Desktop\\ARQV2\\LAB\\Arq-lab\\generated\\M8\\internal-platform-monorepo", "event": "command.start", "ts": "2026-03-30T23:54:07.171806+00:00"}
{"command": ["C:\\maven\\apache-maven-3.9.12\\bin\\mvn.cmd", "-q", "-f", "services/platform-java/pom.xml", "test"], "cwd": "C:\\Users\\EnesPekdas\\Desktop\\ARQV2\\LAB\\Arq-lab\\generated\\M8\\internal-platform-monorepo", "event": "command.finish", "returncode": 0, "ts": "2026-03-30T23:54:14.964469+00:00"}
{"command": ["C:\\Windows\\System32\\WindowsPowerShell\\v1.0\\powershell.exe", "-NoProfile", "-Command", "Set-Location 'apps/admin-api'; npm test -- --runInBand"], "cwd": "C:\\Users\\EnesPekdas\\Desktop\\ARQV2\\LAB\\Arq-lab\\generated\\M8\\internal-platform-monorepo", "event": "command.start", "ts": "2026-03-30T23:54:14.968600+00:00"}
{"command": ["C:\\Windows\\System32\\WindowsPowerShell\\v1.0\\powershell.exe", "-NoProfile", "-Command", "Set-Location 'apps/admin-api'; npm test -- --runInBand"], "cwd": "C:\\Users\\EnesPekdas\\Desktop\\ARQV2\\LAB\\Arq-lab\\generated\\M8\\internal-platform-monorepo", "event": "command.finish", "returncode": 0, "ts": "2026-03-30T23:54:25.495311+00:00"}
{"command": ["C:\\Windows\\System32\\WindowsPowerShell\\v1.0\\powershell.exe", "-NoProfile", "-Command", "Set-Location 'workers/sync-worker'; python -m pytest -q tests"], "cwd": "C:\\Users\\EnesPekdas\\Desktop\\ARQV2\\LAB\\Arq-lab\\generated\\M8\\internal-platform-monorepo", "event": "command.start", "ts": "2026-03-30T23:54:25.498043+00:00"}
{"command": ["C:\\Windows\\System32\\WindowsPowerShell\\v1.0\\powershell.exe", "-NoProfile", "-Command", "Set-Location 'workers/sync-worker'; python -m pytest -q tests"], "cwd": "C:\\Users\\EnesPekdas\\Desktop\\ARQV2\\LAB\\Arq-lab\\generated\\M8\\internal-platform-monorepo", "event": "command.finish", "returncode": 0, "ts": "2026-03-30T23:54:27.416974+00:00"}
{"command": ["C:\\Windows\\System32\\WindowsPowerShell\\v1.0\\powershell.exe", "-ExecutionPolicy", "Bypass", "-File", "scripts/smoke.ps1"], "cwd": "C:\\Users\\EnesPekdas\\Desktop\\ARQV2\\LAB\\Arq-lab\\generated\\M8\\internal-platform-monorepo", "event": "command.start", "ts": "2026-03-30T23:54:27.419712+00:00"}
{"command": ["C:\\Windows\\System32\\WindowsPowerShell\\v1.0\\powershell.exe", "-ExecutionPolicy", "Bypass", "-File", "scripts/smoke.ps1"], "cwd": "C:\\Users\\EnesPekdas\\Desktop\\ARQV2\\LAB\\Arq-lab\\generated\\M8\\internal-platform-monorepo", "event": "command.finish", "returncode": 0, "ts": "2026-03-30T23:54:28.022919+00:00"}
{"command": ["C:\\Program Files\\Git\\cmd\\git.exe", "remote"], "cwd": "C:\\Users\\EnesPekdas\\Desktop\\ARQV2\\LAB\\Arq-lab\\generated\\M8\\internal-platform-monorepo", "event": "command.start", "ts": "2026-03-30T23:54:28.176420+00:00"}
{"command": ["C:\\Program Files\\Git\\cmd\\git.exe", "remote"], "cwd": "C:\\Users\\EnesPekdas\\Desktop\\ARQV2\\LAB\\Arq-lab\\generated\\M8\\internal-platform-monorepo", "event": "command.finish", "returncode": 0, "ts": "2026-03-30T23:54:28.234785+00:00"}
{"command": ["C:\\Program Files\\Git\\cmd\\git.exe", "remote", "add", "origin", "http://arq:arq@localhost:3001/arq/internal-platform-monorepo-20260330t235330z.git"], "cwd": "C:\\Users\\EnesPekdas\\Desktop\\ARQV2\\LAB\\Arq-lab\\generated\\M8\\internal-platform-monorepo", "event": "command.start", "ts": "2026-03-30T23:54:28.235896+00:00"}
{"command": ["C:\\Program Files\\Git\\cmd\\git.exe", "remote", "add", "origin", "http://arq:arq@localhost:3001/arq/internal-platform-monorepo-20260330t235330z.git"], "cwd": "C:\\Users\\EnesPekdas\\Desktop\\ARQV2\\LAB\\Arq-lab\\generated\\M8\\internal-platform-monorepo", "event": "command.finish", "returncode": 0, "ts": "2026-03-30T23:54:28.297621+00:00"}
{"command": ["C:\\Program Files\\Git\\cmd\\git.exe", "push", "--force", "--all", "origin"], "cwd": "C:\\Users\\EnesPekdas\\Desktop\\ARQV2\\LAB\\Arq-lab\\generated\\M8\\internal-platform-monorepo", "event": "command.start", "ts": "2026-03-30T23:54:28.299174+00:00"}
{"command": ["C:\\Program Files\\Git\\cmd\\git.exe", "push", "--force", "--all", "origin"], "cwd": "C:\\Users\\EnesPekdas\\Desktop\\ARQV2\\LAB\\Arq-lab\\generated\\M8\\internal-platform-monorepo", "event": "command.finish", "returncode": 0, "ts": "2026-03-30T23:54:29.467084+00:00"}
{"command": ["C:\\Program Files\\Git\\cmd\\git.exe", "push", "--force", "--tags", "origin"], "cwd": "C:\\Users\\EnesPekdas\\Desktop\\ARQV2\\LAB\\Arq-lab\\generated\\M8\\internal-platform-monorepo", "event": "command.start", "ts": "2026-03-30T23:54:29.468046+00:00"}
{"command": ["C:\\Program Files\\Git\\cmd\\git.exe", "push", "--force", "--tags", "origin"], "cwd": "C:\\Users\\EnesPekdas\\Desktop\\ARQV2\\LAB\\Arq-lab\\generated\\M8\\internal-platform-monorepo", "event": "command.finish", "returncode": 0, "ts": "2026-03-30T23:54:29.889733+00:00"}
{"event": "scenario.finish", "milestone": "M8", "scenarioId": "M-V8-001", "ts": "2026-03-30T23:55:08.846045+00:00"}
{"event": "scenario.start", "milestone": "M8", "scenarioId": "M-V8-002", "ts": "2026-03-30T23:55:08.846125+00:00"}
{"command": ["C:\\Program Files\\Git\\cmd\\git.exe", "init", "-b", "main"], "cwd": "C:\\Users\\EnesPekdas\\Desktop\\ARQV2\\LAB\\Arq-lab\\generated\\M8\\infra-app-mixed-repo", "event": "command.start", "ts": "2026-03-30T23:55:16.506392+00:00"}
{"command": ["C:\\Program Files\\Git\\cmd\\git.exe", "init", "-b", "main"], "cwd": "C:\\Users\\EnesPekdas\\Desktop\\ARQV2\\LAB\\Arq-lab\\generated\\M8\\infra-app-mixed-repo", "event": "command.finish", "returncode": 0, "ts": "2026-03-30T23:55:16.591982+00:00"}
{"command": ["C:\\Program Files\\Git\\cmd\\git.exe", "config", "user.name", "ARQ Lab"], "cwd": "C:\\Users\\EnesPekdas\\Desktop\\ARQV2\\LAB\\Arq-lab\\generated\\M8\\infra-app-mixed-repo", "event": "command.start", "ts": "2026-03-30T23:55:16.592782+00:00"}
{"command": ["C:\\Program Files\\Git\\cmd\\git.exe", "config", "user.name", "ARQ Lab"], "cwd": "C:\\Users\\EnesPekdas\\Desktop\\ARQV2\\LAB\\Arq-lab\\generated\\M8\\infra-app-mixed-repo", "event": "command.finish", "returncode": 0, "ts": "2026-03-30T23:55:16.646721+00:00"}
{"command": ["C:\\Program Files\\Git\\cmd\\git.exe", "config", "user.email", "lab@arq.local"], "cwd": "C:\\Users\\EnesPekdas\\Desktop\\ARQV2\\LAB\\Arq-lab\\generated\\M8\\infra-app-mixed-repo", "event": "command.start", "ts": "2026-03-30T23:55:16.648274+00:00"}
{"command": ["C:\\Program Files\\Git\\cmd\\git.exe", "config", "user.email", "lab@arq.local"], "cwd": "C:\\Users\\EnesPekdas\\Desktop\\ARQV2\\LAB\\Arq-lab\\generated\\M8\\infra-app-mixed-repo", "event": "command.finish", "returncode": 0, "ts": "2026-03-30T23:55:16.711883+00:00"}
{"command": ["C:\\Program Files\\Git\\cmd\\git.exe", "add", "."], "cwd": "C:\\Users\\EnesPekdas\\Desktop\\ARQV2\\LAB\\Arq-lab\\generated\\M8\\infra-app-mixed-repo", "event": "command.start", "ts": "2026-03-30T23:55:16.714045+00:00"}
{"command": ["C:\\Program Files\\Git\\cmd\\git.exe", "add", "."], "cwd": "C:\\Users\\EnesPekdas\\Desktop\\ARQV2\\LAB\\Arq-lab\\generated\\M8\\infra-app-mixed-repo", "event": "command.finish", "returncode": 0, "ts": "2026-03-30T23:55:17.810297+00:00"}
{"command": ["C:\\Program Files\\Git\\cmd\\git.exe", "commit", "-m", "c001 bootstrap mixed repo"], "cwd": "C:\\Users\\EnesPekdas\\Desktop\\ARQV2\\LAB\\Arq-lab\\generated\\M8\\infra-app-mixed-repo", "event": "command.start", "ts": "2026-03-30T23:55:17.811413+00:00"}
{"command": ["C:\\Program Files\\Git\\cmd\\git.exe", "commit", "-m", "c001 bootstrap mixed repo"], "cwd": "C:\\Users\\EnesPekdas\\Desktop\\ARQV2\\LAB\\Arq-lab\\generated\\M8\\infra-app-mixed-repo", "event": "command.finish", "returncode": 0, "ts": "2026-03-30T23:55:18.109906+00:00"}
{"command": ["C:\\Program Files\\Git\\cmd\\git.exe", "rev-parse", "HEAD"], "cwd": "C:\\Users\\EnesPekdas\\Desktop\\ARQV2\\LAB\\Arq-lab\\generated\\M8\\infra-app-mixed-repo", "event": "command.start", "ts": "2026-03-30T23:55:18.111126+00:00"}
{"command": ["C:\\Program Files\\Git\\cmd\\git.exe", "rev-parse", "HEAD"], "cwd": "C:\\Users\\EnesPekdas\\Desktop\\ARQV2\\LAB\\Arq-lab\\generated\\M8\\infra-app-mixed-repo", "event": "command.finish", "returncode": 0, "ts": "2026-03-30T23:55:18.173946+00:00"}
{"command": ["C:\\Program Files\\Git\\cmd\\git.exe", "checkout", "-b", "feature/hotfix-ssl"], "cwd": "C:\\Users\\EnesPekdas\\Desktop\\ARQV2\\LAB\\Arq-lab\\generated\\M8\\infra-app-mixed-repo", "event": "command.start", "ts": "2026-03-30T23:55:18.174873+00:00"}
{"command": ["C:\\Program Files\\Git\\cmd\\git.exe", "checkout", "-b", "feature/hotfix-ssl"], "cwd": "C:\\Users\\EnesPekdas\\Desktop\\ARQV2\\LAB\\Arq-lab\\generated\\M8\\infra-app-mixed-repo", "event": "command.finish", "returncode": 0, "ts": "2026-03-30T23:55:18.248491+00:00"}
{"command": ["C:\\Program Files\\Git\\cmd\\git.exe", "add", "."], "cwd": "C:\\Users\\EnesPekdas\\Desktop\\ARQV2\\LAB\\Arq-lab\\generated\\M8\\infra-app-mixed-repo", "event": "command.start", "ts": "2026-03-30T23:55:18.250548+00:00"}
{"command": ["C:\\Program Files\\Git\\cmd\\git.exe", "add", "."], "cwd": "C:\\Users\\EnesPekdas\\Desktop\\ARQV2\\LAB\\Arq-lab\\generated\\M8\\infra-app-mixed-repo", "event": "command.finish", "returncode": 0, "ts": "2026-03-30T23:55:18.317766+00:00"}
{"command": ["C:\\Program Files\\Git\\cmd\\git.exe", "commit", "-m", "c002 temporary hotfix secret"], "cwd": "C:\\Users\\EnesPekdas\\Desktop\\ARQV2\\LAB\\Arq-lab\\generated\\M8\\infra-app-mixed-repo", "event": "command.start", "ts": "2026-03-30T23:55:18.319414+00:00"}
{"command": ["C:\\Program Files\\Git\\cmd\\git.exe", "commit", "-m", "c002 temporary hotfix secret"], "cwd": "C:\\Users\\EnesPekdas\\Desktop\\ARQV2\\LAB\\Arq-lab\\generated\\M8\\infra-app-mixed-repo", "event": "command.finish", "returncode": 0, "ts": "2026-03-30T23:55:18.456841+00:00"}
{"command": ["C:\\Program Files\\Git\\cmd\\git.exe", "rev-parse", "HEAD"], "cwd": "C:\\Users\\EnesPekdas\\Desktop\\ARQV2\\LAB\\Arq-lab\\generated\\M8\\infra-app-mixed-repo", "event": "command.start", "ts": "2026-03-30T23:55:18.457851+00:00"}
{"command": ["C:\\Program Files\\Git\\cmd\\git.exe", "rev-parse", "HEAD"], "cwd": "C:\\Users\\EnesPekdas\\Desktop\\ARQV2\\LAB\\Arq-lab\\generated\\M8\\infra-app-mixed-repo", "event": "command.finish", "returncode": 0, "ts": "2026-03-30T23:55:18.518129+00:00"}
{"command": ["C:\\Program Files\\Git\\cmd\\git.exe", "checkout", "main"], "cwd": "C:\\Users\\EnesPekdas\\Desktop\\ARQV2\\LAB\\Arq-lab\\generated\\M8\\infra-app-mixed-repo", "event": "command.start", "ts": "2026-03-30T23:55:18.519593+00:00"}
{"command": ["C:\\Program Files\\Git\\cmd\\git.exe", "checkout", "main"], "cwd": "C:\\Users\\EnesPekdas\\Desktop\\ARQV2\\LAB\\Arq-lab\\generated\\M8\\infra-app-mixed-repo", "event": "command.finish", "returncode": 0, "ts": "2026-03-30T23:55:18.608518+00:00"}
{"command": ["C:\\Program Files\\Git\\cmd\\git.exe", "checkout", "-b", "release/2026.04"], "cwd": "C:\\Users\\EnesPekdas\\Desktop\\ARQV2\\LAB\\Arq-lab\\generated\\M8\\infra-app-mixed-repo", "event": "command.start", "ts": "2026-03-30T23:55:18.609342+00:00"}
{"command": ["C:\\Program Files\\Git\\cmd\\git.exe", "checkout", "-b", "release/2026.04"], "cwd": "C:\\Users\\EnesPekdas\\Desktop\\ARQV2\\LAB\\Arq-lab\\generated\\M8\\infra-app-mixed-repo", "event": "command.finish", "returncode": 0, "ts": "2026-03-30T23:55:18.681128+00:00"}
{"command": ["C:\\Program Files\\Git\\cmd\\git.exe", "add", "."], "cwd": "C:\\Users\\EnesPekdas\\Desktop\\ARQV2\\LAB\\Arq-lab\\generated\\M8\\infra-app-mixed-repo", "event": "command.start", "ts": "2026-03-30T23:55:18.683873+00:00"}
{"command": ["C:\\Program Files\\Git\\cmd\\git.exe", "add", "."], "cwd": "C:\\Users\\EnesPekdas\\Desktop\\ARQV2\\LAB\\Arq-lab\\generated\\M8\\infra-app-mixed-repo", "event": "command.finish", "returncode": 0, "ts": "2026-03-30T23:55:18.750789+00:00"}
{"command": ["C:\\Program Files\\Git\\cmd\\git.exe", "commit", "-m", "c003 release branch clean"], "cwd": "C:\\Users\\EnesPekdas\\Desktop\\ARQV2\\LAB\\Arq-lab\\generated\\M8\\infra-app-mixed-repo", "event": "command.start", "ts": "2026-03-30T23:55:18.751746+00:00"}
{"command": ["C:\\Program Files\\Git\\cmd\\git.exe", "commit", "-m", "c003 release branch clean"], "cwd": "C:\\Users\\EnesPekdas\\Desktop\\ARQV2\\LAB\\Arq-lab\\generated\\M8\\infra-app-mixed-repo", "event": "command.finish", "returncode": 0, "ts": "2026-03-30T23:55:18.857094+00:00"}
{"command": ["C:\\Program Files\\Git\\cmd\\git.exe", "rev-parse", "HEAD"], "cwd": "C:\\Users\\EnesPekdas\\Desktop\\ARQV2\\LAB\\Arq-lab\\generated\\M8\\infra-app-mixed-repo", "event": "command.start", "ts": "2026-03-30T23:55:18.858663+00:00"}
{"command": ["C:\\Program Files\\Git\\cmd\\git.exe", "rev-parse", "HEAD"], "cwd": "C:\\Users\\EnesPekdas\\Desktop\\ARQV2\\LAB\\Arq-lab\\generated\\M8\\infra-app-mixed-repo", "event": "command.finish", "returncode": 0, "ts": "2026-03-30T23:55:18.902853+00:00"}
{"command": ["C:\\Program Files\\Git\\cmd\\git.exe", "checkout", "main"], "cwd": "C:\\Users\\EnesPekdas\\Desktop\\ARQV2\\LAB\\Arq-lab\\generated\\M8\\infra-app-mixed-repo", "event": "command.start", "ts": "2026-03-30T23:55:18.904014+00:00"}
{"command": ["C:\\Program Files\\Git\\cmd\\git.exe", "checkout", "main"], "cwd": "C:\\Users\\EnesPekdas\\Desktop\\ARQV2\\LAB\\Arq-lab\\generated\\M8\\infra-app-mixed-repo", "event": "command.finish", "returncode": 0, "ts": "2026-03-30T23:55:18.980773+00:00"}
{"command": ["C:\\Program Files\\Git\\cmd\\git.exe", "rev-parse", "HEAD"], "cwd": "C:\\Users\\EnesPekdas\\Desktop\\ARQV2\\LAB\\Arq-lab\\generated\\M8\\infra-app-mixed-repo", "event": "command.start", "ts": "2026-03-30T23:55:21.197479+00:00"}
{"command": ["C:\\Program Files\\Git\\cmd\\git.exe", "rev-parse", "HEAD"], "cwd": "C:\\Users\\EnesPekdas\\Desktop\\ARQV2\\LAB\\Arq-lab\\generated\\M8\\infra-app-mixed-repo", "event": "command.finish", "returncode": 0, "ts": "2026-03-30T23:55:21.240096+00:00"}
{"command": ["C:\\Program Files\\Git\\cmd\\git.exe", "for-each-ref", "--format=%(refname:short) %(objectname)", "refs/heads"], "cwd": "C:\\Users\\EnesPekdas\\Desktop\\ARQV2\\LAB\\Arq-lab\\generated\\M8\\infra-app-mixed-repo", "event": "command.start", "ts": "2026-03-30T23:55:21.240833+00:00"}
{"command": ["C:\\Program Files\\Git\\cmd\\git.exe", "for-each-ref", "--format=%(refname:short) %(objectname)", "refs/heads"], "cwd": "C:\\Users\\EnesPekdas\\Desktop\\ARQV2\\LAB\\Arq-lab\\generated\\M8\\infra-app-mixed-repo", "event": "command.finish", "returncode": 0, "ts": "2026-03-30T23:55:21.292006+00:00"}
{"command": ["C:\\Program Files\\Git\\cmd\\git.exe", "log", "--all", "--date=iso-strict", "--pretty=format:%H%x1f%an%x1f%ae%x1f%ad%x1f%s"], "cwd": "C:\\Users\\EnesPekdas\\Desktop\\ARQV2\\LAB\\Arq-lab\\generated\\M8\\infra-app-mixed-repo", "event": "command.start", "ts": "2026-03-30T23:55:21.292709+00:00"}
{"command": ["C:\\Program Files\\Git\\cmd\\git.exe", "log", "--all", "--date=iso-strict", "--pretty=format:%H%x1f%an%x1f%ae%x1f%ad%x1f%s"], "cwd": "C:\\Users\\EnesPekdas\\Desktop\\ARQV2\\LAB\\Arq-lab\\generated\\M8\\infra-app-mixed-repo", "event": "command.finish", "returncode": 0, "ts": "2026-03-30T23:55:21.334776+00:00"}
{"branches": ["feature/hotfix-ssl", "main", "release/2026.04"], "event": "git.manifest", "repo": "C:\\Users\\EnesPekdas\\Desktop\\ARQV2\\LAB\\Arq-lab\\generated\\M8\\infra-app-mixed-repo", "ts": "2026-03-30T23:55:21.334855+00:00"}
{"command": ["C:\\Python313\\python.EXE", "-m", "compileall", "app", "tests", "scripts"], "cwd": "C:\\Users\\EnesPekdas\\Desktop\\ARQV2\\LAB\\Arq-lab\\generated\\M8\\infra-app-mixed-repo", "event": "command.start", "ts": "2026-03-30T23:55:21.345861+00:00"}
{"command": ["C:\\Python313\\python.EXE", "-m", "compileall", "app", "tests", "scripts"], "cwd": "C:\\Users\\EnesPekdas\\Desktop\\ARQV2\\LAB\\Arq-lab\\generated\\M8\\infra-app-mixed-repo", "event": "command.finish", "returncode": 0, "ts": "2026-03-30T23:55:21.485930+00:00"}
{"command": ["C:\\Windows\\System32\\WindowsPowerShell\\v1.0\\powershell.exe", "-NoProfile", "-Command", "Set-Location 'ops/console'; npm install --silent"], "cwd": "C:\\Users\\EnesPekdas\\Desktop\\ARQV2\\LAB\\Arq-lab\\generated\\M8\\infra-app-mixed-repo", "event": "command.start", "ts": "2026-03-30T23:55:21.488111+00:00"}
{"command": ["C:\\Windows\\System32\\WindowsPowerShell\\v1.0\\powershell.exe", "-NoProfile", "-Command", "Set-Location 'ops/console'; npm install --silent"], "cwd": "C:\\Users\\EnesPekdas\\Desktop\\ARQV2\\LAB\\Arq-lab\\generated\\M8\\infra-app-mixed-repo", "event": "command.finish", "returncode": 0, "ts": "2026-03-30T23:55:31.465206+00:00"}
{"command": ["C:\\Windows\\System32\\WindowsPowerShell\\v1.0\\powershell.exe", "-NoProfile", "-Command", "Set-Location 'ops/console'; npm run build"], "cwd": "C:\\Users\\EnesPekdas\\Desktop\\ARQV2\\LAB\\Arq-lab\\generated\\M8\\infra-app-mixed-repo", "event": "command.start", "ts": "2026-03-30T23:55:31.469270+00:00"}
{"command": ["C:\\Windows\\System32\\WindowsPowerShell\\v1.0\\powershell.exe", "-NoProfile", "-Command", "Set-Location 'ops/console'; npm run build"], "cwd": "C:\\Users\\EnesPekdas\\Desktop\\ARQV2\\LAB\\Arq-lab\\generated\\M8\\infra-app-mixed-repo", "event": "command.finish", "returncode": 0, "ts": "2026-03-30T23:55:36.906817+00:00"}
{"command": ["C:\\Python313\\python.EXE", "-m", "pytest", "-q", "tests"], "cwd": "C:\\Users\\EnesPekdas\\Desktop\\ARQV2\\LAB\\Arq-lab\\generated\\M8\\infra-app-mixed-repo", "event": "command.start", "ts": "2026-03-30T23:55:36.920875+00:00"}
{"command": ["C:\\Python313\\python.EXE", "-m", "pytest", "-q", "tests"], "cwd": "C:\\Users\\EnesPekdas\\Desktop\\ARQV2\\LAB\\Arq-lab\\generated\\M8\\infra-app-mixed-repo", "event": "command.finish", "returncode": 0, "ts": "2026-03-30T23:55:38.024907+00:00"}
{"command": ["C:\\Windows\\System32\\WindowsPowerShell\\v1.0\\powershell.exe", "-NoProfile", "-Command", "Set-Location 'ops/console'; npm test -- --runInBand"], "cwd": "C:\\Users\\EnesPekdas\\Desktop\\ARQV2\\LAB\\Arq-lab\\generated\\M8\\infra-app-mixed-repo", "event": "command.start", "ts": "2026-03-30T23:55:38.027117+00:00"}
{"command": ["C:\\Windows\\System32\\WindowsPowerShell\\v1.0\\powershell.exe", "-NoProfile", "-Command", "Set-Location 'ops/console'; npm test -- --runInBand"], "cwd": "C:\\Users\\EnesPekdas\\Desktop\\ARQV2\\LAB\\Arq-lab\\generated\\M8\\infra-app-mixed-repo", "event": "command.finish", "returncode": 0, "ts": "2026-03-30T23:55:47.972182+00:00"}
{"command": ["C:\\Windows\\System32\\WindowsPowerShell\\v1.0\\powershell.exe", "-ExecutionPolicy", "Bypass", "-File", "scripts/smoke.ps1"], "cwd": "C:\\Users\\EnesPekdas\\Desktop\\ARQV2\\LAB\\Arq-lab\\generated\\M8\\infra-app-mixed-repo", "event": "command.start", "ts": "2026-03-30T23:55:47.976191+00:00"}
{"command": ["C:\\Windows\\System32\\WindowsPowerShell\\v1.0\\powershell.exe", "-ExecutionPolicy", "Bypass", "-File", "scripts/smoke.ps1"], "cwd": "C:\\Users\\EnesPekdas\\Desktop\\ARQV2\\LAB\\Arq-lab\\generated\\M8\\infra-app-mixed-repo", "event": "command.finish", "returncode": 0, "ts": "2026-03-30T23:55:48.354798+00:00"}
{"command": ["C:\\Program Files\\Git\\cmd\\git.exe", "remote"], "cwd": "C:\\Users\\EnesPekdas\\Desktop\\ARQV2\\LAB\\Arq-lab\\generated\\M8\\infra-app-mixed-repo", "event": "command.start", "ts": "2026-03-30T23:55:48.470983+00:00"}
{"command": ["C:\\Program Files\\Git\\cmd\\git.exe", "remote"], "cwd": "C:\\Users\\EnesPekdas\\Desktop\\ARQV2\\LAB\\Arq-lab\\generated\\M8\\infra-app-mixed-repo", "event": "command.finish", "returncode": 0, "ts": "2026-03-30T23:55:48.518061+00:00"}
{"command": ["C:\\Program Files\\Git\\cmd\\git.exe", "remote", "add", "origin", "http://arq:arq@localhost:3001/arq/infra-app-mixed-repo-20260330t235330z.git"], "cwd": "C:\\Users\\EnesPekdas\\Desktop\\ARQV2\\LAB\\Arq-lab\\generated\\M8\\infra-app-mixed-repo", "event": "command.start", "ts": "2026-03-30T23:55:48.519688+00:00"}
{"command": ["C:\\Program Files\\Git\\cmd\\git.exe", "remote", "add", "origin", "http://arq:arq@localhost:3001/arq/infra-app-mixed-repo-20260330t235330z.git"], "cwd": "C:\\Users\\EnesPekdas\\Desktop\\ARQV2\\LAB\\Arq-lab\\generated\\M8\\infra-app-mixed-repo", "event": "command.finish", "returncode": 0, "ts": "2026-03-30T23:55:48.585487+00:00"}
{"command": ["C:\\Program Files\\Git\\cmd\\git.exe", "push", "--force", "--all", "origin"], "cwd": "C:\\Users\\EnesPekdas\\Desktop\\ARQV2\\LAB\\Arq-lab\\generated\\M8\\infra-app-mixed-repo", "event": "command.start", "ts": "2026-03-30T23:55:48.586313+00:00"}
{"command": ["C:\\Program Files\\Git\\cmd\\git.exe", "push", "--force", "--all", "origin"], "cwd": "C:\\Users\\EnesPekdas\\Desktop\\ARQV2\\LAB\\Arq-lab\\generated\\M8\\infra-app-mixed-repo", "event": "command.finish", "returncode": 0, "ts": "2026-03-30T23:55:49.959890+00:00"}
{"command": ["C:\\Program Files\\Git\\cmd\\git.exe", "push", "--force", "--tags", "origin"], "cwd": "C:\\Users\\EnesPekdas\\Desktop\\ARQV2\\LAB\\Arq-lab\\generated\\M8\\infra-app-mixed-repo", "event": "command.start", "ts": "2026-03-30T23:55:49.960756+00:00"}
{"command": ["C:\\Program Files\\Git\\cmd\\git.exe", "push", "--force", "--tags", "origin"], "cwd": "C:\\Users\\EnesPekdas\\Desktop\\ARQV2\\LAB\\Arq-lab\\generated\\M8\\infra-app-mixed-repo", "event": "command.finish", "returncode": 0, "ts": "2026-03-30T23:55:50.389586+00:00"}
{"command": ["C:\\Program Files\\Git\\cmd\\git.exe", "merge-base", "main", "feature/hotfix-ssl"], "cwd": "C:\\Users\\EnesPekdas\\Desktop\\ARQV2\\LAB\\Arq-lab\\generated\\M8\\infra-app-mixed-repo", "event": "command.start", "ts": "2026-03-30T23:56:45.379921+00:00"}
{"command": ["C:\\Program Files\\Git\\cmd\\git.exe", "merge-base", "main", "feature/hotfix-ssl"], "cwd": "C:\\Users\\EnesPekdas\\Desktop\\ARQV2\\LAB\\Arq-lab\\generated\\M8\\infra-app-mixed-repo", "event": "command.finish", "returncode": 0, "ts": "2026-03-30T23:56:45.439041+00:00"}
{"command": ["C:\\Program Files\\Git\\cmd\\git.exe", "merge-base", "main", "release/2026.04"], "cwd": "C:\\Users\\EnesPekdas\\Desktop\\ARQV2\\LAB\\Arq-lab\\generated\\M8\\infra-app-mixed-repo", "event": "command.start", "ts": "2026-03-30T23:56:45.439858+00:00"}
{"command": ["C:\\Program Files\\Git\\cmd\\git.exe", "merge-base", "main", "release/2026.04"], "cwd": "C:\\Users\\EnesPekdas\\Desktop\\ARQV2\\LAB\\Arq-lab\\generated\\M8\\infra-app-mixed-repo", "event": "command.finish", "returncode": 0, "ts": "2026-03-30T23:56:45.500804+00:00"}
{"command": ["C:\\Program Files\\Git\\cmd\\git.exe", "merge-base", "main", "feature/hotfix-ssl"], "cwd": "C:\\Users\\EnesPekdas\\Desktop\\ARQV2\\LAB\\Arq-lab\\generated\\M8\\infra-app-mixed-repo", "event": "command.start", "ts": "2026-03-30T23:56:47.551858+00:00"}
{"command": ["C:\\Program Files\\Git\\cmd\\git.exe", "merge-base", "main", "feature/hotfix-ssl"], "cwd": "C:\\Users\\EnesPekdas\\Desktop\\ARQV2\\LAB\\Arq-lab\\generated\\M8\\infra-app-mixed-repo", "event": "command.finish", "returncode": 0, "ts": "2026-03-30T23:56:47.599118+00:00"}
{"command": ["C:\\Program Files\\Git\\cmd\\git.exe", "merge-base", "main", "release/2026.04"], "cwd": "C:\\Users\\EnesPekdas\\Desktop\\ARQV2\\LAB\\Arq-lab\\generated\\M8\\infra-app-mixed-repo", "event": "command.start", "ts": "2026-03-30T23:56:47.599924+00:00"}
{"command": ["C:\\Program Files\\Git\\cmd\\git.exe", "merge-base", "main", "release/2026.04"], "cwd": "C:\\Users\\EnesPekdas\\Desktop\\ARQV2\\LAB\\Arq-lab\\generated\\M8\\infra-app-mixed-repo", "event": "command.finish", "returncode": 0, "ts": "2026-03-30T23:56:47.640744+00:00"}
{"command": ["C:\\Program Files\\Git\\cmd\\git.exe", "merge-base", "main", "feature/hotfix-ssl"], "cwd": "C:\\Users\\EnesPekdas\\Desktop\\ARQV2\\LAB\\Arq-lab\\generated\\M8\\infra-app-mixed-repo", "event": "command.start", "ts": "2026-03-30T23:56:49.027721+00:00"}
{"command": ["C:\\Program Files\\Git\\cmd\\git.exe", "merge-base", "main", "feature/hotfix-ssl"], "cwd": "C:\\Users\\EnesPekdas\\Desktop\\ARQV2\\LAB\\Arq-lab\\generated\\M8\\infra-app-mixed-repo", "event": "command.finish", "returncode": 0, "ts": "2026-03-30T23:56:49.070740+00:00"}
{"command": ["C:\\Program Files\\Git\\cmd\\git.exe", "merge-base", "main", "release/2026.04"], "cwd": "C:\\Users\\EnesPekdas\\Desktop\\ARQV2\\LAB\\Arq-lab\\generated\\M8\\infra-app-mixed-repo", "event": "command.start", "ts": "2026-03-30T23:56:49.071503+00:00"}
{"command": ["C:\\Program Files\\Git\\cmd\\git.exe", "merge-base", "main", "release/2026.04"], "cwd": "C:\\Users\\EnesPekdas\\Desktop\\ARQV2\\LAB\\Arq-lab\\generated\\M8\\infra-app-mixed-repo", "event": "command.finish", "returncode": 0, "ts": "2026-03-30T23:56:49.115232+00:00"}
{"event": "scenario.finish", "milestone": "M8", "scenarioId": "M-V8-002", "ts": "2026-03-30T23:56:49.153781+00:00"}
