{"event": "scenario.start", "milestone": "M4", "scenarioId": "Q-V4-PY-001", "ts": "2026-03-30T23:49:52.894413+00:00"}
{"command": ["C:\\Program Files\\Git\\cmd\\git.exe", "init", "-b", "main"], "cwd": "C:\\Users\\EnesPekdas\\Desktop\\ARQV2\\LAB\\Arq-lab\\generated\\M4\\notification-signer-python", "event": "command.start", "ts": "2026-03-30T23:49:55.764739+00:00"}
{"command": ["C:\\Program Files\\Git\\cmd\\git.exe", "init", "-b", "main"], "cwd": "C:\\Users\\EnesPekdas\\Desktop\\ARQV2\\LAB\\Arq-lab\\generated\\M4\\notification-signer-python", "event": "command.finish", "returncode": 0, "ts": "2026-03-30T23:49:55.841214+00:00"}
{"command": ["C:\\Program Files\\Git\\cmd\\git.exe", "config", "user.name", "ARQ Lab"], "cwd": "C:\\Users\\EnesPekdas\\Desktop\\ARQV2\\LAB\\Arq-lab\\generated\\M4\\notification-signer-python", "event": "command.start", "ts": "2026-03-30T23:49:55.842058+00:00"}
{"command": ["C:\\Program Files\\Git\\cmd\\git.exe", "config", "user.name", "ARQ Lab"], "cwd": "C:\\Users\\EnesPekdas\\Desktop\\ARQV2\\LAB\\Arq-lab\\generated\\M4\\notification-signer-python", "event": "command.finish", "returncode": 0, "ts": "2026-03-30T23:49:55.892629+00:00"}
{"command": ["C:\\Program Files\\Git\\cmd\\git.exe", "config", "user.email", "lab@arq.local"], "cwd": "C:\\Users\\EnesPekdas\\Desktop\\ARQV2\\LAB\\Arq-lab\\generated\\M4\\notification-signer-python", "event": "command.start", "ts": "2026-03-30T23:49:55.893562+00:00"}
{"command": ["C:\\Program Files\\Git\\cmd\\git.exe", "config", "user.email", "lab@arq.local"], "cwd": "C:\\Users\\EnesPekdas\\Desktop\\ARQV2\\LAB\\Arq-lab\\generated\\M4\\notification-signer-python", "event": "command.finish", "returncode": 0, "ts": "2026-03-30T23:49:55.943433+00:00"}
{"command": ["C:\\Program Files\\Git\\cmd\\git.exe", "add", "."], "cwd": "C:\\Users\\EnesPekdas\\Desktop\\ARQV2\\LAB\\Arq-lab\\generated\\M4\\notification-signer-python", "event": "command.start", "ts": "2026-03-30T23:49:55.944256+00:00"}
{"command": ["C:\\Program Files\\Git\\cmd\\git.exe", "add", "."], "cwd": "C:\\Users\\EnesPekdas\\Desktop\\ARQV2\\LAB\\Arq-lab\\generated\\M4\\notification-signer-python", "event": "command.finish", "returncode": 0, "ts": "2026-03-30T23:49:56.520063+00:00"}
{"command": ["C:\\Program Files\\Git\\cmd\\git.exe", "commit", "-m", "bootstrap Q-V4-PY-001"], "cwd": "C:\\Users\\EnesPekdas\\Desktop\\ARQV2\\LAB\\Arq-lab\\generated\\M4\\notification-signer-python", "event": "command.start", "ts": "2026-03-30T23:49:56.521295+00:00"}
{"command": ["C:\\Program Files\\Git\\cmd\\git.exe", "commit", "-m", "bootstrap Q-V4-PY-001"], "cwd": "C:\\Users\\EnesPekdas\\Desktop\\ARQV2\\LAB\\Arq-lab\\generated\\M4\\notification-signer-python", "event": "command.finish", "returncode": 0, "ts": "2026-03-30T23:49:56.720679+00:00"}
{"command": ["C:\\Program Files\\Git\\cmd\\git.exe", "rev-parse", "HEAD"], "cwd": "C:\\Users\\EnesPekdas\\Desktop\\ARQV2\\LAB\\Arq-lab\\generated\\M4\\notification-signer-python", "event": "command.start", "ts": "2026-03-30T23:49:56.721546+00:00"}
{"command": ["C:\\Program Files\\Git\\cmd\\git.exe", "rev-parse", "HEAD"], "cwd": "C:\\Users\\EnesPekdas\\Desktop\\ARQV2\\LAB\\Arq-lab\\generated\\M4\\notification-signer-python", "event": "command.finish", "returncode": 0, "ts": "2026-03-30T23:49:56.775114+00:00"}
{"command": ["C:\\Program Files\\Git\\cmd\\git.exe", "rev-parse", "HEAD"], "cwd": "C:\\Users\\EnesPekdas\\Desktop\\ARQV2\\LAB\\Arq-lab\\generated\\M4\\notification-signer-python", "event": "command.start", "ts": "2026-03-30T23:49:58.110520+00:00"}
{"command": ["C:\\Program Files\\Git\\cmd\\git.exe", "rev-parse", "HEAD"], "cwd": "C:\\Users\\EnesPekdas\\Desktop\\ARQV2\\LAB\\Arq-lab\\generated\\M4\\notification-signer-python", "event": "command.finish", "returncode": 0, "ts": "2026-03-30T23:49:58.204839+00:00"}
{"command": ["C:\\Program Files\\Git\\cmd\\git.exe", "for-each-ref", "--format=%(refname:short) %(objectname)", "refs/heads"], "cwd": "C:\\Users\\EnesPekdas\\Desktop\\ARQV2\\LAB\\Arq-lab\\generated\\M4\\notification-signer-python", "event": "command.start", "ts": "2026-03-30T23:49:58.205694+00:00"}
{"command": ["C:\\Program Files\\Git\\cmd\\git.exe", "for-each-ref", "--format=%(refname:short) %(objectname)", "refs/heads"], "cwd": "C:\\Users\\EnesPekdas\\Desktop\\ARQV2\\LAB\\Arq-lab\\generated\\M4\\notification-signer-python", "event": "command.finish", "returncode": 0, "ts": "2026-03-30T23:49:58.284601+00:00"}
{"command": ["C:\\Program Files\\Git\\cmd\\git.exe", "log", "--all", "--date=iso-strict", "--pretty=format:%H%x1f%an%x1f%ae%x1f%ad%x1f%s"], "cwd": "C:\\Users\\EnesPekdas\\Desktop\\ARQV2\\LAB\\Arq-lab\\generated\\M4\\notification-signer-python", "event": "command.start", "ts": "2026-03-30T23:49:58.285812+00:00"}
{"command": ["C:\\Program Files\\Git\\cmd\\git.exe", "log", "--all", "--date=iso-strict", "--pretty=format:%H%x1f%an%x1f%ae%x1f%ad%x1f%s"], "cwd": "C:\\Users\\EnesPekdas\\Desktop\\ARQV2\\LAB\\Arq-lab\\generated\\M4\\notification-signer-python", "event": "command.finish", "returncode": 0, "ts": "2026-03-30T23:49:58.373010+00:00"}
{"branches": ["main"], "event": "git.manifest", "repo": "C:\\Users\\EnesPekdas\\Desktop\\ARQV2\\LAB\\Arq-lab\\generated\\M4\\notification-signer-python", "ts": "2026-03-30T23:49:58.373166+00:00"}
{"command": ["C:\\Python313\\python.EXE", "-m", "compileall", "app", "tests", "scripts"], "cwd": "C:\\Users\\EnesPekdas\\Desktop\\ARQV2\\LAB\\Arq-lab\\generated\\M4\\notification-signer-python", "event": "command.start", "ts": "2026-03-30T23:49:58.397414+00:00"}
{"command": ["C:\\Python313\\python.EXE", "-m", "compileall", "app", "tests", "scripts"], "cwd": "C:\\Users\\EnesPekdas\\Desktop\\ARQV2\\LAB\\Arq-lab\\generated\\M4\\notification-signer-python", "event": "command.finish", "returncode": 0, "ts": "2026-03-30T23:49:58.650166+00:00"}
{"command": ["C:\\Python313\\python.EXE", "-m", "pytest", "-q"], "cwd": "C:\\Users\\EnesPekdas\\Desktop\\ARQV2\\LAB\\Arq-lab\\generated\\M4\\notification-signer-python", "event": "command.start", "ts": "2026-03-30T23:49:58.658765+00:00"}
{"command": ["C:\\Python313\\python.EXE", "-m", "pytest", "-q"], "cwd": "C:\\Users\\EnesPekdas\\Desktop\\ARQV2\\LAB\\Arq-lab\\generated\\M4\\notification-signer-python", "event": "command.finish", "returncode": 0, "ts": "2026-03-30T23:49:59.612773+00:00"}
{"command": ["C:\\Python313\\python.EXE", "scripts/smoke.py"], "cwd": "C:\\Users\\EnesPekdas\\Desktop\\ARQV2\\LAB\\Arq-lab\\generated\\M4\\notification-signer-python", "event": "command.start", "ts": "2026-03-30T23:49:59.620624+00:00"}
{"command": ["C:\\Python313\\python.EXE", "scripts/smoke.py"], "cwd": "C:\\Users\\EnesPekdas\\Desktop\\ARQV2\\LAB\\Arq-lab\\generated\\M4\\notification-signer-python", "event": "command.finish", "returncode": 0, "ts": "2026-03-30T23:49:59.660308+00:00"}
{"command": ["C:\\Program Files\\Git\\cmd\\git.exe", "remote"], "cwd": "C:\\Users\\EnesPekdas\\Desktop\\ARQV2\\LAB\\Arq-lab\\generated\\M4\\notification-signer-python", "event": "command.start", "ts": "2026-03-30T23:49:59.834563+00:00"}
{"command": ["C:\\Program Files\\Git\\cmd\\git.exe", "remote"], "cwd": "C:\\Users\\EnesPekdas\\Desktop\\ARQV2\\LAB\\Arq-lab\\generated\\M4\\notification-signer-python", "event": "command.finish", "returncode": 0, "ts": "2026-03-30T23:49:59.880306+00:00"}
{"command": ["C:\\Program Files\\Git\\cmd\\git.exe", "remote", "add", "origin", "http://arq:arq@localhost:3001/arq/notification-signer-python-20260330t234952z.git"], "cwd": "C:\\Users\\EnesPekdas\\Desktop\\ARQV2\\LAB\\Arq-lab\\generated\\M4\\notification-signer-python", "event": "command.start", "ts": "2026-03-30T23:49:59.881536+00:00"}
{"command": ["C:\\Program Files\\Git\\cmd\\git.exe", "remote", "add", "origin", "http://arq:arq@localhost:3001/arq/notification-signer-python-20260330t234952z.git"], "cwd": "C:\\Users\\EnesPekdas\\Desktop\\ARQV2\\LAB\\Arq-lab\\generated\\M4\\notification-signer-python", "event": "command.finish", "returncode": 0, "ts": "2026-03-30T23:49:59.932649+00:00"}
{"command": ["C:\\Program Files\\Git\\cmd\\git.exe", "push", "--force", "--all", "origin"], "cwd": "C:\\Users\\EnesPekdas\\Desktop\\ARQV2\\LAB\\Arq-lab\\generated\\M4\\notification-signer-python", "event": "command.start", "ts": "2026-03-30T23:49:59.934190+00:00"}
{"command": ["C:\\Program Files\\Git\\cmd\\git.exe", "push", "--force", "--all", "origin"], "cwd": "C:\\Users\\EnesPekdas\\Desktop\\ARQV2\\LAB\\Arq-lab\\generated\\M4\\notification-signer-python", "event": "command.finish", "returncode": 0, "ts": "2026-03-30T23:50:01.320049+00:00"}
{"command": ["C:\\Program Files\\Git\\cmd\\git.exe", "push", "--force", "--tags", "origin"], "cwd": "C:\\Users\\EnesPekdas\\Desktop\\ARQV2\\LAB\\Arq-lab\\generated\\M4\\notification-signer-python", "event": "command.start", "ts": "2026-03-30T23:50:01.321867+00:00"}
{"command": ["C:\\Program Files\\Git\\cmd\\git.exe", "push", "--force", "--tags", "origin"], "cwd": "C:\\Users\\EnesPekdas\\Desktop\\ARQV2\\LAB\\Arq-lab\\generated\\M4\\notification-signer-python", "event": "command.finish", "returncode": 0, "ts": "2026-03-30T23:50:02.197587+00:00"}
{"event": "scenario.finish", "milestone": "M4", "scenarioId": "Q-V4-PY-001", "ts": "2026-03-30T23:50:21.446702+00:00"}
{"event": "scenario.start", "milestone": "M4", "scenarioId": "Q-V4-GO-002", "ts": "2026-03-30T23:50:21.446809+00:00"}
{"command": ["C:\\Program Files\\Git\\cmd\\git.exe", "init", "-b", "main"], "cwd": "C:\\Users\\EnesPekdas\\Desktop\\ARQV2\\LAB\\Arq-lab\\generated\\M4\\device-provisioning-go", "event": "command.start", "ts": "2026-03-30T23:50:24.384095+00:00"}
{"command": ["C:\\Program Files\\Git\\cmd\\git.exe", "init", "-b", "main"], "cwd": "C:\\Users\\EnesPekdas\\Desktop\\ARQV2\\LAB\\Arq-lab\\generated\\M4\\device-provisioning-go", "event": "command.finish", "returncode": 0, "ts": "2026-03-30T23:50:24.447408+00:00"}
{"command": ["C:\\Program Files\\Git\\cmd\\git.exe", "config", "user.name", "ARQ Lab"], "cwd": "C:\\Users\\EnesPekdas\\Desktop\\ARQV2\\LAB\\Arq-lab\\generated\\M4\\device-provisioning-go", "event": "command.start", "ts": "2026-03-30T23:50:24.448920+00:00"}
{"command": ["C:\\Program Files\\Git\\cmd\\git.exe", "config", "user.name", "ARQ Lab"], "cwd": "C:\\Users\\EnesPekdas\\Desktop\\ARQV2\\LAB\\Arq-lab\\generated\\M4\\device-provisioning-go", "event": "command.finish", "returncode": 0, "ts": "2026-03-30T23:50:24.498657+00:00"}
{"command": ["C:\\Program Files\\Git\\cmd\\git.exe", "config", "user.email", "lab@arq.local"], "cwd": "C:\\Users\\EnesPekdas\\Desktop\\ARQV2\\LAB\\Arq-lab\\generated\\M4\\device-provisioning-go", "event": "command.start", "ts": "2026-03-30T23:50:24.499644+00:00"}
{"command": ["C:\\Program Files\\Git\\cmd\\git.exe", "config", "user.email", "lab@arq.local"], "cwd": "C:\\Users\\EnesPekdas\\Desktop\\ARQV2\\LAB\\Arq-lab\\generated\\M4\\device-provisioning-go", "event": "command.finish", "returncode": 0, "ts": "2026-03-30T23:50:24.555767+00:00"}
{"command": ["C:\\Program Files\\Git\\cmd\\git.exe", "add", "."], "cwd": "C:\\Users\\EnesPekdas\\Desktop\\ARQV2\\LAB\\Arq-lab\\generated\\M4\\device-provisioning-go", "event": "command.start", "ts": "2026-03-30T23:50:24.556878+00:00"}
{"command": ["C:\\Program Files\\Git\\cmd\\git.exe", "add", "."], "cwd": "C:\\Users\\EnesPekdas\\Desktop\\ARQV2\\LAB\\Arq-lab\\generated\\M4\\device-provisioning-go", "event": "command.finish", "returncode": 0, "ts": "2026-03-30T23:50:25.038170+00:00"}
{"command": ["C:\\Program Files\\Git\\cmd\\git.exe", "commit", "-m", "bootstrap Q-V4-GO-002"], "cwd": "C:\\Users\\EnesPekdas\\Desktop\\ARQV2\\LAB\\Arq-lab\\generated\\M4\\device-provisioning-go", "event": "command.start", "ts": "2026-03-30T23:50:25.039773+00:00"}
{"command": ["C:\\Program Files\\Git\\cmd\\git.exe", "commit", "-m", "bootstrap Q-V4-GO-002"], "cwd": "C:\\Users\\EnesPekdas\\Desktop\\ARQV2\\LAB\\Arq-lab\\generated\\M4\\device-provisioning-go", "event": "command.finish", "returncode": 0, "ts": "2026-03-30T23:50:25.236152+00:00"}
{"command": ["C:\\Program Files\\Git\\cmd\\git.exe", "rev-parse", "HEAD"], "cwd": "C:\\Users\\EnesPekdas\\Desktop\\ARQV2\\LAB\\Arq-lab\\generated\\M4\\device-provisioning-go", "event": "command.start", "ts": "2026-03-30T23:50:25.236924+00:00"}
{"command": ["C:\\Program Files\\Git\\cmd\\git.exe", "rev-parse", "HEAD"], "cwd": "C:\\Users\\EnesPekdas\\Desktop\\ARQV2\\LAB\\Arq-lab\\generated\\M4\\device-provisioning-go", "event": "command.finish", "returncode": 0, "ts": "2026-03-30T23:50:25.279736+00:00"}
{"command": ["C:\\Program Files\\Git\\cmd\\git.exe", "rev-parse", "HEAD"], "cwd": "C:\\Users\\EnesPekdas\\Desktop\\ARQV2\\LAB\\Arq-lab\\generated\\M4\\device-provisioning-go", "event": "command.start", "ts": "2026-03-30T23:50:26.595040+00:00"}
{"command": ["C:\\Program Files\\Git\\cmd\\git.exe", "rev-parse", "HEAD"], "cwd": "C:\\Users\\EnesPekdas\\Desktop\\ARQV2\\LAB\\Arq-lab\\generated\\M4\\device-provisioning-go", "event": "command.finish", "returncode": 0, "ts": "2026-03-30T23:50:26.663645+00:00"}
{"command": ["C:\\Program Files\\Git\\cmd\\git.exe", "for-each-ref", "--format=%(refname:short) %(objectname)", "refs/heads"], "cwd": "C:\\Users\\EnesPekdas\\Desktop\\ARQV2\\LAB\\Arq-lab\\generated\\M4\\device-provisioning-go", "event": "command.start", "ts": "2026-03-30T23:50:26.665495+00:00"}
{"command": ["C:\\Program Files\\Git\\cmd\\git.exe", "for-each-ref", "--format=%(refname:short) %(objectname)", "refs/heads"], "cwd": "C:\\Users\\EnesPekdas\\Desktop\\ARQV2\\LAB\\Arq-lab\\generated\\M4\\device-provisioning-go", "event": "command.finish", "returncode": 0, "ts": "2026-03-30T23:50:26.742503+00:00"}
{"command": ["C:\\Program Files\\Git\\cmd\\git.exe", "log", "--all", "--date=iso-strict", "--pretty=format:%H%x1f%an%x1f%ae%x1f%ad%x1f%s"], "cwd": "C:\\Users\\EnesPekdas\\Desktop\\ARQV2\\LAB\\Arq-lab\\generated\\M4\\device-provisioning-go", "event": "command.start", "ts": "2026-03-30T23:50:26.743938+00:00"}
{"command": ["C:\\Program Files\\Git\\cmd\\git.exe", "log", "--all", "--date=iso-strict", "--pretty=format:%H%x1f%an%x1f%ae%x1f%ad%x1f%s"], "cwd": "C:\\Users\\EnesPekdas\\Desktop\\ARQV2\\LAB\\Arq-lab\\generated\\M4\\device-provisioning-go", "event": "command.finish", "returncode": 0, "ts": "2026-03-30T23:50:26.819340+00:00"}
{"branches": ["main"], "event": "git.manifest", "repo": "C:\\Users\\EnesPekdas\\Desktop\\ARQV2\\LAB\\Arq-lab\\generated\\M4\\device-provisioning-go", "ts": "2026-03-30T23:50:26.819458+00:00"}
{"command": ["C:\\Users\\EnesPekdas\\Desktop\\ARQV2\\LAB\\Arq-lab\\.toolchains\\go\\bin\\go.exe", "test", "./...", "-run", "TestBuildSmoke", "-count=1"], "cwd": "C:\\Users\\EnesPekdas\\Desktop\\ARQV2\\LAB\\Arq-lab\\generated\\M4\\device-provisioning-go", "event": "command.start", "ts": "2026-03-30T23:50:26.835377+00:00"}
{"command": ["C:\\Users\\EnesPekdas\\Desktop\\ARQV2\\LAB\\Arq-lab\\.toolchains\\go\\bin\\go.exe", "test", "./...", "-run", "TestBuildSmoke", "-count=1"], "cwd": "C:\\Users\\EnesPekdas\\Desktop\\ARQV2\\LAB\\Arq-lab\\generated\\M4\\device-provisioning-go", "event": "command.finish", "returncode": 0, "ts": "2026-03-30T23:50:30.319681+00:00"}
{"command": ["C:\\Users\\EnesPekdas\\Desktop\\ARQV2\\LAB\\Arq-lab\\.toolchains\\go\\bin\\go.exe", "test", "./...", "-count=1"], "cwd": "C:\\Users\\EnesPekdas\\Desktop\\ARQV2\\LAB\\Arq-lab\\generated\\M4\\device-provisioning-go", "event": "command.start", "ts": "2026-03-30T23:50:30.326799+00:00"}
{"command": ["C:\\Users\\EnesPekdas\\Desktop\\ARQV2\\LAB\\Arq-lab\\.toolchains\\go\\bin\\go.exe", "test", "./...", "-count=1"], "cwd": "C:\\Users\\EnesPekdas\\Desktop\\ARQV2\\LAB\\Arq-lab\\generated\\M4\\device-provisioning-go", "event": "command.finish", "returncode": 0, "ts": "2026-03-30T23:50:32.344913+00:00"}
{"command": ["C:\\Users\\EnesPekdas\\Desktop\\ARQV2\\LAB\\Arq-lab\\.toolchains\\go\\bin\\go.exe", "run", "./cmd/service", "--smoke"], "cwd": "C:\\Users\\EnesPekdas\\Desktop\\ARQV2\\LAB\\Arq-lab\\generated\\M4\\device-provisioning-go", "event": "command.start", "ts": "2026-03-30T23:50:32.347655+00:00"}
{"command": ["C:\\Users\\EnesPekdas\\Desktop\\ARQV2\\LAB\\Arq-lab\\.toolchains\\go\\bin\\go.exe", "run", "./cmd/service", "--smoke"], "cwd": "C:\\Users\\EnesPekdas\\Desktop\\ARQV2\\LAB\\Arq-lab\\generated\\M4\\device-provisioning-go", "event": "command.finish", "returncode": 0, "ts": "2026-03-30T23:50:32.770374+00:00"}
{"command": ["C:\\Program Files\\Git\\cmd\\git.exe", "remote"], "cwd": "C:\\Users\\EnesPekdas\\Desktop\\ARQV2\\LAB\\Arq-lab\\generated\\M4\\device-provisioning-go", "event": "command.start", "ts": "2026-03-30T23:50:32.931696+00:00"}
{"command": ["C:\\Program Files\\Git\\cmd\\git.exe", "remote"], "cwd": "C:\\Users\\EnesPekdas\\Desktop\\ARQV2\\LAB\\Arq-lab\\generated\\M4\\device-provisioning-go", "event": "command.finish", "returncode": 0, "ts": "2026-03-30T23:50:33.011124+00:00"}
{"command": ["C:\\Program Files\\Git\\cmd\\git.exe", "remote", "add", "origin", "http://arq:arq@localhost:3001/arq/device-provisioning-go-20260330t234952z.git"], "cwd": "C:\\Users\\EnesPekdas\\Desktop\\ARQV2\\LAB\\Arq-lab\\generated\\M4\\device-provisioning-go", "event": "command.start", "ts": "2026-03-30T23:50:33.012479+00:00"}
{"command": ["C:\\Program Files\\Git\\cmd\\git.exe", "remote", "add", "origin", "http://arq:arq@localhost:3001/arq/device-provisioning-go-20260330t234952z.git"], "cwd": "C:\\Users\\EnesPekdas\\Desktop\\ARQV2\\LAB\\Arq-lab\\generated\\M4\\device-provisioning-go", "event": "command.finish", "returncode": 0, "ts": "2026-03-30T23:50:33.101070+00:00"}
{"command": ["C:\\Program Files\\Git\\cmd\\git.exe", "push", "--force", "--all", "origin"], "cwd": "C:\\Users\\EnesPekdas\\Desktop\\ARQV2\\LAB\\Arq-lab\\generated\\M4\\device-provisioning-go", "event": "command.start", "ts": "2026-03-30T23:50:33.104170+00:00"}
{"command": ["C:\\Program Files\\Git\\cmd\\git.exe", "push", "--force", "--all", "origin"], "cwd": "C:\\Users\\EnesPekdas\\Desktop\\ARQV2\\LAB\\Arq-lab\\generated\\M4\\device-provisioning-go", "event": "command.finish", "returncode": 0, "ts": "2026-03-30T23:50:34.282327+00:00"}
{"command": ["C:\\Program Files\\Git\\cmd\\git.exe", "push", "--force", "--tags", "origin"], "cwd": "C:\\Users\\EnesPekdas\\Desktop\\ARQV2\\LAB\\Arq-lab\\generated\\M4\\device-provisioning-go", "event": "command.start", "ts": "2026-03-30T23:50:34.284038+00:00"}
{"command": ["C:\\Program Files\\Git\\cmd\\git.exe", "push", "--force", "--tags", "origin"], "cwd": "C:\\Users\\EnesPekdas\\Desktop\\ARQV2\\LAB\\Arq-lab\\generated\\M4\\device-provisioning-go", "event": "command.finish", "returncode": 0, "ts": "2026-03-30T23:50:34.697366+00:00"}
{"event": "scenario.finish", "milestone": "M4", "scenarioId": "Q-V4-GO-002", "ts": "2026-03-30T23:50:46.662373+00:00"}
{"event": "scenario.start", "milestone": "M4", "scenarioId": "Q-V4-TS-003", "ts": "2026-03-30T23:50:46.662508+00:00"}
{"command": ["C:\\Program Files\\Git\\cmd\\git.exe", "init", "-b", "main"], "cwd": "C:\\Users\\EnesPekdas\\Desktop\\ARQV2\\LAB\\Arq-lab\\generated\\M4\\customer-portal-node", "event": "command.start", "ts": "2026-03-30T23:50:53.438016+00:00"}
{"command": ["C:\\Program Files\\Git\\cmd\\git.exe", "init", "-b", "main"], "cwd": "C:\\Users\\EnesPekdas\\Desktop\\ARQV2\\LAB\\Arq-lab\\generated\\M4\\customer-portal-node", "event": "command.finish", "returncode": 0, "ts": "2026-03-30T23:50:53.496960+00:00"}
{"command": ["C:\\Program Files\\Git\\cmd\\git.exe", "config", "user.name", "ARQ Lab"], "cwd": "C:\\Users\\EnesPekdas\\Desktop\\ARQV2\\LAB\\Arq-lab\\generated\\M4\\customer-portal-node", "event": "command.start", "ts": "2026-03-30T23:50:53.498076+00:00"}
{"command": ["C:\\Program Files\\Git\\cmd\\git.exe", "config", "user.name", "ARQ Lab"], "cwd": "C:\\Users\\EnesPekdas\\Desktop\\ARQV2\\LAB\\Arq-lab\\generated\\M4\\customer-portal-node", "event": "command.finish", "returncode": 0, "ts": "2026-03-30T23:50:53.534718+00:00"}
{"command": ["C:\\Program Files\\Git\\cmd\\git.exe", "config", "user.email", "lab@arq.local"], "cwd": "C:\\Users\\EnesPekdas\\Desktop\\ARQV2\\LAB\\Arq-lab\\generated\\M4\\customer-portal-node", "event": "command.start", "ts": "2026-03-30T23:50:53.535587+00:00"}
{"command": ["C:\\Program Files\\Git\\cmd\\git.exe", "config", "user.email", "lab@arq.local"], "cwd": "C:\\Users\\EnesPekdas\\Desktop\\ARQV2\\LAB\\Arq-lab\\generated\\M4\\customer-portal-node", "event": "command.finish", "returncode": 0, "ts": "2026-03-30T23:50:53.574804+00:00"}
{"command": ["C:\\Program Files\\Git\\cmd\\git.exe", "add", "."], "cwd": "C:\\Users\\EnesPekdas\\Desktop\\ARQV2\\LAB\\Arq-lab\\generated\\M4\\customer-portal-node", "event": "command.start", "ts": "2026-03-30T23:50:53.576178+00:00"}
{"command": ["C:\\Program Files\\Git\\cmd\\git.exe", "add", "."], "cwd": "C:\\Users\\EnesPekdas\\Desktop\\ARQV2\\LAB\\Arq-lab\\generated\\M4\\customer-portal-node", "event": "command.finish", "returncode": 0, "ts": "2026-03-30T23:50:54.023792+00:00"}
{"command": ["C:\\Program Files\\Git\\cmd\\git.exe", "commit", "-m", "bootstrap Q-V4-TS-003"], "cwd": "C:\\Users\\EnesPekdas\\Desktop\\ARQV2\\LAB\\Arq-lab\\generated\\M4\\customer-portal-node", "event": "command.start", "ts": "2026-03-30T23:50:54.025861+00:00"}
{"command": ["C:\\Program Files\\Git\\cmd\\git.exe", "commit", "-m", "bootstrap Q-V4-TS-003"], "cwd": "C:\\Users\\EnesPekdas\\Desktop\\ARQV2\\LAB\\Arq-lab\\generated\\M4\\customer-portal-node", "event": "command.finish", "returncode": 0, "ts": "2026-03-30T23:50:54.184401+00:00"}
{"command": ["C:\\Program Files\\Git\\cmd\\git.exe", "rev-parse", "HEAD"], "cwd": "C:\\Users\\EnesPekdas\\Desktop\\ARQV2\\LAB\\Arq-lab\\generated\\M4\\customer-portal-node", "event": "command.start", "ts": "2026-03-30T23:50:54.185354+00:00"}
{"command": ["C:\\Program Files\\Git\\cmd\\git.exe", "rev-parse", "HEAD"], "cwd": "C:\\Users\\EnesPekdas\\Desktop\\ARQV2\\LAB\\Arq-lab\\generated\\M4\\customer-portal-node", "event": "command.finish", "returncode": 0, "ts": "2026-03-30T23:50:54.223293+00:00"}
{"command": ["C:\\Program Files\\Git\\cmd\\git.exe", "rev-parse", "HEAD"], "cwd": "C:\\Users\\EnesPekdas\\Desktop\\ARQV2\\LAB\\Arq-lab\\generated\\M4\\customer-portal-node", "event": "command.start", "ts": "2026-03-30T23:50:55.278630+00:00"}
{"command": ["C:\\Program Files\\Git\\cmd\\git.exe", "rev-parse", "HEAD"], "cwd": "C:\\Users\\EnesPekdas\\Desktop\\ARQV2\\LAB\\Arq-lab\\generated\\M4\\customer-portal-node", "event": "command.finish", "returncode": 0, "ts": "2026-03-30T23:50:55.317913+00:00"}
{"command": ["C:\\Program Files\\Git\\cmd\\git.exe", "for-each-ref", "--format=%(refname:short) %(objectname)", "refs/heads"], "cwd": "C:\\Users\\EnesPekdas\\Desktop\\ARQV2\\LAB\\Arq-lab\\generated\\M4\\customer-portal-node", "event": "command.start", "ts": "2026-03-30T23:50:55.319223+00:00"}
{"command": ["C:\\Program Files\\Git\\cmd\\git.exe", "for-each-ref", "--format=%(refname:short) %(objectname)", "refs/heads"], "cwd": "C:\\Users\\EnesPekdas\\Desktop\\ARQV2\\LAB\\Arq-lab\\generated\\M4\\customer-portal-node", "event": "command.finish", "returncode": 0, "ts": "2026-03-30T23:50:55.356849+00:00"}
{"command": ["C:\\Program Files\\Git\\cmd\\git.exe", "log", "--all", "--date=iso-strict", "--pretty=format:%H%x1f%an%x1f%ae%x1f%ad%x1f%s"], "cwd": "C:\\Users\\EnesPekdas\\Desktop\\ARQV2\\LAB\\Arq-lab\\generated\\M4\\customer-portal-node", "event": "command.start", "ts": "2026-03-30T23:50:55.358393+00:00"}
{"command": ["C:\\Program Files\\Git\\cmd\\git.exe", "log", "--all", "--date=iso-strict", "--pretty=format:%H%x1f%an%x1f%ae%x1f%ad%x1f%s"], "cwd": "C:\\Users\\EnesPekdas\\Desktop\\ARQV2\\LAB\\Arq-lab\\generated\\M4\\customer-portal-node", "event": "command.finish", "returncode": 0, "ts": "2026-03-30T23:50:55.397131+00:00"}
{"branches": ["main"], "event": "git.manifest", "repo": "C:\\Users\\EnesPekdas\\Desktop\\ARQV2\\LAB\\Arq-lab\\generated\\M4\\customer-portal-node", "ts": "2026-03-30T23:50:55.397306+00:00"}
{"command": ["C:\\Program Files\\nodejs\\npm.cmd", "install", "--silent"], "cwd": "C:\\Users\\EnesPekdas\\Desktop\\ARQV2\\LAB\\Arq-lab\\generated\\M4\\customer-portal-node", "event": "command.start", "ts": "2026-03-30T23:50:55.408631+00:00"}
{"command": ["C:\\Program Files\\nodejs\\npm.cmd", "install", "--silent"], "cwd": "C:\\Users\\EnesPekdas\\Desktop\\ARQV2\\LAB\\Arq-lab\\generated\\M4\\customer-portal-node", "event": "command.finish", "returncode": 0, "ts": "2026-03-30T23:51:18.364728+00:00"}
{"command": ["C:\\Program Files\\nodejs\\npm.cmd", "run", "build"], "cwd": "C:\\Users\\EnesPekdas\\Desktop\\ARQV2\\LAB\\Arq-lab\\generated\\M4\\customer-portal-node", "event": "command.start", "ts": "2026-03-30T23:51:18.366286+00:00"}
{"command": ["C:\\Program Files\\nodejs\\npm.cmd", "run", "build"], "cwd": "C:\\Users\\EnesPekdas\\Desktop\\ARQV2\\LAB\\Arq-lab\\generated\\M4\\customer-portal-node", "event": "command.finish", "returncode": 0, "ts": "2026-03-30T23:51:23.548813+00:00"}
{"command": ["C:\\Program Files\\nodejs\\npm.cmd", "test", "--", "--runInBand"], "cwd": "C:\\Users\\EnesPekdas\\Desktop\\ARQV2\\LAB\\Arq-lab\\generated\\M4\\customer-portal-node", "event": "command.start", "ts": "2026-03-30T23:51:23.551237+00:00"}
{"command": ["C:\\Program Files\\nodejs\\npm.cmd", "test", "--", "--runInBand"], "cwd": "C:\\Users\\EnesPekdas\\Desktop\\ARQV2\\LAB\\Arq-lab\\generated\\M4\\customer-portal-node", "event": "command.finish", "returncode": 0, "ts": "2026-03-30T23:51:27.858788+00:00"}
{"command": ["C:\\Program Files\\nodejs\\node.exe", "dist/scripts/smoke.js"], "cwd": "C:\\Users\\EnesPekdas\\Desktop\\ARQV2\\LAB\\Arq-lab\\generated\\M4\\customer-portal-node", "event": "command.start", "ts": "2026-03-30T23:51:27.861358+00:00"}
{"command": ["C:\\Program Files\\nodejs\\node.exe", "dist/scripts/smoke.js"], "cwd": "C:\\Users\\EnesPekdas\\Desktop\\ARQV2\\LAB\\Arq-lab\\generated\\M4\\customer-portal-node", "event": "command.finish", "returncode": 0, "ts": "2026-03-30T23:51:27.916831+00:00"}
{"command": ["C:\\Program Files\\Git\\cmd\\git.exe", "remote"], "cwd": "C:\\Users\\EnesPekdas\\Desktop\\ARQV2\\LAB\\Arq-lab\\generated\\M4\\customer-portal-node", "event": "command.start", "ts": "2026-03-30T23:51:28.044586+00:00"}
{"command": ["C:\\Program Files\\Git\\cmd\\git.exe", "remote"], "cwd": "C:\\Users\\EnesPekdas\\Desktop\\ARQV2\\LAB\\Arq-lab\\generated\\M4\\customer-portal-node", "event": "command.finish", "returncode": 0, "ts": "2026-03-30T23:51:28.118425+00:00"}
{"command": ["C:\\Program Files\\Git\\cmd\\git.exe", "remote", "add", "origin", "http://arq:arq@localhost:3001/arq/customer-portal-node-20260330t234952z.git"], "cwd": "C:\\Users\\EnesPekdas\\Desktop\\ARQV2\\LAB\\Arq-lab\\generated\\M4\\customer-portal-node", "event": "command.start", "ts": "2026-03-30T23:51:28.119590+00:00"}
{"command": ["C:\\Program Files\\Git\\cmd\\git.exe", "remote", "add", "origin", "http://arq:arq@localhost:3001/arq/customer-portal-node-20260330t234952z.git"], "cwd": "C:\\Users\\EnesPekdas\\Desktop\\ARQV2\\LAB\\Arq-lab\\generated\\M4\\customer-portal-node", "event": "command.finish", "returncode": 0, "ts": "2026-03-30T23:51:28.187525+00:00"}
{"command": ["C:\\Program Files\\Git\\cmd\\git.exe", "push", "--force", "--all", "origin"], "cwd": "C:\\Users\\EnesPekdas\\Desktop\\ARQV2\\LAB\\Arq-lab\\generated\\M4\\customer-portal-node", "event": "command.start", "ts": "2026-03-30T23:51:28.188481+00:00"}
{"command": ["C:\\Program Files\\Git\\cmd\\git.exe", "push", "--force", "--all", "origin"], "cwd": "C:\\Users\\EnesPekdas\\Desktop\\ARQV2\\LAB\\Arq-lab\\generated\\M4\\customer-portal-node", "event": "command.finish", "returncode": 0, "ts": "2026-03-30T23:51:29.102757+00:00"}
{"command": ["C:\\Program Files\\Git\\cmd\\git.exe", "push", "--force", "--tags", "origin"], "cwd": "C:\\Users\\EnesPekdas\\Desktop\\ARQV2\\LAB\\Arq-lab\\generated\\M4\\customer-portal-node", "event": "command.start", "ts": "2026-03-30T23:51:29.104227+00:00"}
{"command": ["C:\\Program Files\\Git\\cmd\\git.exe", "push", "--force", "--tags", "origin"], "cwd": "C:\\Users\\EnesPekdas\\Desktop\\ARQV2\\LAB\\Arq-lab\\generated\\M4\\customer-portal-node", "event": "command.finish", "returncode": 0, "ts": "2026-03-30T23:51:29.759875+00:00"}
{"event": "scenario.finish", "milestone": "M4", "scenarioId": "Q-V4-TS-003", "ts": "2026-03-30T23:51:46.654184+00:00"}
